Testing Audio :  1028-20100710-hne\wav\ar-06.wav
speaker 1028's score=-8141.912619367764
speaker 1337ad's score=-11448.844665340477
speaker 1snoke's score=-9537.050419720857
speaker 23yipikaye's score=-10311.220555008102
speaker 2old2play's score=-12276.30215432718
speaker 314piwm's score=-9689.4751208264
speaker Aaron's score=-12879.811031196334
speaker AbdulMoiz's score=-10874.087460174529
speaker AdrianMcNear's score=-10808.722186610357
speaker Afshad's score=-11639.35665295959
speaker AJN's score=-11024.96385426946
speaker AndreyBarrientosCostaRica's score=-11166.766323539752
speaker Anniepoo's score=-12063.138239946122
speaker AT's score=-11991.062022741584
speaker BlindPilot's score=-11484.428990702192
speaker CNJ's score=-14513.052614735852
Detected as -  1028
Testing Audio :  1028-20100710-hne\wav\ar-07.wav
speaker 1028's score=-9796.179071514713
speaker 1337ad's score=-13866.1112046384
speaker 1snoke's score=-11041.264772159808
speaker 23yipikaye's score=-12524.598202706213
speaker 2old2play's score=-15148.06075931574
speaker 314piwm's score=-12026.135634346709
speaker Aaron's score=-15409.17333384441
speaker AbdulMoiz's score=-12297.176746628014
speaker AdrianMcNear's score=-13153.38270315803
speaker Afshad's score=-13480.250846695577
speaker AJN's score=-12677.936026978983
speaker AndreyBarrientosCostaRica's score=-13152.559143087792
speaker Anniepoo's score=-14141.718093759268
speaker AT's score=-13279.967340714842
speaker BlindPilot's score=-13953.900372259333
speaker CNJ's score=-16324.298223193939
Detected as -  1028
Testing Audio :  1028-20100710-hne\wav\rp-29.wav
speaker 1028's score=-10115.833583775235
speaker 1337ad's score=-14429.243856003428
speaker 1snoke's score=-11407.478208033865
speaker 23yipikaye's score=-12669.444894232103
speaker 2old2play's score=-15187.706767009578
speaker 314piwm's score=-12221.585899669713
speaker Aaron's score=-15929.385337752403
speaker AbdulMoiz's score=-12747.488614352184
speaker AdrianMcNear's score=-12912.945155570851
speaker Afshad's score=-13044.822086245194
speaker AJN's score=-13142.275237037822
speaker AndreyBarrientosCostaRica's score=-13816.455046184765
speaker Anniepoo's score=-13883.743637307984
speaker AT's score=-12918.747110199138
speaker BlindPilot's score=-14077.964106993013
speaker CNJ's score=-16575.23811095021
Detected as -  1028
Testing Audio :  1028-20100710-hne\wav\rp-30.wav
speaker 1028's score=-12569.49984362318
speaker 1337ad's score=-17486.271260019108
speaker 1snoke's score=-15068.850312615214
speaker 23yipikaye's score=-15468.35315256997
speaker 2old2play's score=-18716.5635199664
speaker 314piwm's score=-15054.294464823219
speaker Aaron's score=-19083.59993900411
speaker AbdulMoiz's score=-16188.295231292224
speaker AdrianMcNear's score=-16658.26068680972
speaker Afshad's score=-16744.063831925698
speaker AJN's score=-15781.366532866065
speaker AndreyBarrientosCostaRica's score=-17092.15232678661
speaker Anniepoo's score=-17499.3753388503
speaker AT's score=-17751.917864478317
speaker BlindPilot's score=-17321.23901596209
speaker CNJ's score=-21002.61870713983
Detected as -  1028
Testing Audio :  1028-20100710-hne\wav\rp-31.wav
speaker 1028's score=-8457.316917466722
speaker 1337ad's score=-10574.816701986945
speaker 1snoke's score=-8738.796658281228
speaker 23yipikaye's score=-9347.93437635735
speaker 2old2play's score=-11725.739435253021
speaker 314piwm's score=-9705.84398101987
speaker Aaron's score=-12154.758808560968
speaker AbdulMoiz's score=-8992.496314673695
speaker AdrianMcNear's score=-9829.661110229834
speaker Afshad's score=-10963.817725138866
speaker AJN's score=-10104.320826565037
speaker AndreyBarrientosCostaRica's score=-10421.478011100944
speaker Anniepoo's score=-10713.428695132277
speaker AT's score=-9781.184044529504
speaker BlindPilot's score=-10528.403884711073
speaker CNJ's score=-11753.51922916271
Detected as -  1028
Testing Audio :  1337ad-20170321-tkg\wav\en-0731.wav
speaker 1028's score=-9518.445138795196
speaker 1337ad's score=-6980.684706221788
speaker 1snoke's score=-9341.902759324308
speaker 23yipikaye's score=-9820.006238701877
speaker 2old2play's score=-10162.88999049528
speaker 314piwm's score=-9851.557493185519
speaker Aaron's score=-10150.05967251178
speaker AbdulMoiz's score=-8819.327290076279
speaker AdrianMcNear's score=-8960.848834588234
speaker Afshad's score=-11091.841027232615
speaker AJN's score=-9516.956164802983
speaker AndreyBarrientosCostaRica's score=-8929.806538766361
speaker Anniepoo's score=-10723.39550627946
speaker AT's score=-10309.523891749273
speaker BlindPilot's score=-9413.21448605615
speaker CNJ's score=-11881.45641047436
Detected as -  1337ad
Testing Audio :  1337ad-20170321-tkg\wav\en-0732.wav
speaker 1028's score=-13211.084987414924
speaker 1337ad's score=-9474.599348962853
speaker 1snoke's score=-12785.706800624923
speaker 23yipikaye's score=-13500.352728104324
speaker 2old2play's score=-13841.708407763374
speaker 314piwm's score=-13838.531498941917
speaker Aaron's score=-13645.023470656799
speaker AbdulMoiz's score=-11691.710390990116
speaker AdrianMcNear's score=-13193.303349641385
speaker Afshad's score=-14903.058016930318
speaker AJN's score=-12691.415490133411
speaker AndreyBarrientosCostaRica's score=-12326.316958187943
speaker Anniepoo's score=-14386.125544128674
speaker AT's score=-13975.426166760055
speaker BlindPilot's score=-12795.708645918014
speaker CNJ's score=-15641.551219478286
Detected as -  1337ad
Testing Audio :  1337ad-20170321-tkg\wav\en-0733.wav
speaker 1028's score=-16236.885258594375
speaker 1337ad's score=-11157.68544198216
speaker 1snoke's score=-16337.55315036748
speaker 23yipikaye's score=-15575.476469212706
speaker 2old2play's score=-16824.023081375177
speaker 314piwm's score=-16152.077814072927
speaker Aaron's score=-16381.032314616838
speaker AbdulMoiz's score=-15165.032697201092
speaker AdrianMcNear's score=-16052.52315551409
speaker Afshad's score=-17408.126205387427
speaker AJN's score=-15236.104416599032
speaker AndreyBarrientosCostaRica's score=-15318.478389143966
speaker Anniepoo's score=-16924.854452778247
speaker AT's score=-17155.897064107263
speaker BlindPilot's score=-16191.6943377899
speaker CNJ's score=-19601.60591560666
Detected as -  1337ad
Testing Audio :  1337ad-20170321-tkg\wav\en-0734.wav
speaker 1028's score=-17483.31468442975
speaker 1337ad's score=-12604.625288815045
speaker 1snoke's score=-17694.75693663458
speaker 23yipikaye's score=-17182.98534909146
speaker 2old2play's score=-18201.49317903558
speaker 314piwm's score=-17950.062094517787
speaker Aaron's score=-18105.012726801902
speaker AbdulMoiz's score=-16167.756286222433
speaker AdrianMcNear's score=-17775.16709488933
speaker Afshad's score=-18943.04372623004
speaker AJN's score=-16794.551531712536
speaker AndreyBarrientosCostaRica's score=-16347.62874606187
speaker Anniepoo's score=-18807.425095466224
speaker AT's score=-18783.89893604137
speaker BlindPilot's score=-16817.349778850483
speaker CNJ's score=-20916.574712353253
Detected as -  1337ad
Testing Audio :  1337ad-20170321-tkg\wav\en-0735.wav
speaker 1028's score=-14372.773604836326
speaker 1337ad's score=-10678.422255767593
speaker 1snoke's score=-14290.019360075203
speaker 23yipikaye's score=-14318.893970870933
speaker 2old2play's score=-15375.703533819937
speaker 314piwm's score=-14884.47239712623
speaker Aaron's score=-14957.408054620882
speaker AbdulMoiz's score=-13504.975160378914
speaker AdrianMcNear's score=-14875.818310511031
speaker Afshad's score=-15757.562220396034
speaker AJN's score=-14374.178650154896
speaker AndreyBarrientosCostaRica's score=-13492.084049581092
speaker Anniepoo's score=-15097.423840066633
speaker AT's score=-15422.787299646212
speaker BlindPilot's score=-14386.068975100667
speaker CNJ's score=-17544.98122386256
Detected as -  1337ad
Testing Audio :  1snoke-20120412-hge\wav\a0410.wav
speaker 1028's score=-16679.210741849143
speaker 1337ad's score=-19278.647908410065
speaker 1snoke's score=-14345.309783334676
speaker 23yipikaye's score=-17856.715933584095
speaker 2old2play's score=-20348.27716783205
speaker 314piwm's score=-18239.65541140733
speaker Aaron's score=-21758.25072219764
speaker AbdulMoiz's score=-17445.617319635756
speaker AdrianMcNear's score=-18096.440979331343
speaker Afshad's score=-18485.12023349996
speaker AJN's score=-18842.489452329435
speaker AndreyBarrientosCostaRica's score=-18677.96854126914
speaker Anniepoo's score=-19103.136486986812
speaker AT's score=-19280.17925420048
speaker BlindPilot's score=-18667.691161334926
speaker CNJ's score=-22245.330062821296
Detected as -  1snoke
Testing Audio :  1snoke-20120412-hge\wav\a0411.wav
speaker 1028's score=-17308.906585600336
speaker 1337ad's score=-19664.160785421627
speaker 1snoke's score=-14125.775311394238
speaker 23yipikaye's score=-18396.5925374865
speaker 2old2play's score=-21108.410241582664
speaker 314piwm's score=-19167.656736121164
speaker Aaron's score=-22050.942238923264
speaker AbdulMoiz's score=-17250.643359161313
speaker AdrianMcNear's score=-18995.069316239416
speaker Afshad's score=-18609.508444802224
speaker AJN's score=-19654.178403342667
speaker AndreyBarrientosCostaRica's score=-19450.021448969026
speaker Anniepoo's score=-19471.131232671018
speaker AT's score=-18922.159167459424
speaker BlindPilot's score=-18747.73922790281
speaker CNJ's score=-22972.001612977154
Detected as -  1snoke
Testing Audio :  1snoke-20120412-hge\wav\a0412.wav
speaker 1028's score=-12227.86090304855
speaker 1337ad's score=-15094.09957436793
speaker 1snoke's score=-9923.39394885971
speaker 23yipikaye's score=-12584.6191093462
speaker 2old2play's score=-15417.59189349938
speaker 314piwm's score=-12925.51884666558
speaker Aaron's score=-16823.669520069758
speaker AbdulMoiz's score=-12089.328768586662
speaker AdrianMcNear's score=-12958.85476147219
speaker Afshad's score=-13296.205923676545
speaker AJN's score=-14287.216412756643
speaker AndreyBarrientosCostaRica's score=-14503.504675603357
speaker Anniepoo's score=-13924.740411990075
speaker AT's score=-13367.432185381036
speaker BlindPilot's score=-13835.160224347655
speaker CNJ's score=-16180.503144490214
Detected as -  1snoke
Testing Audio :  1snoke-20120412-hge\wav\a0413.wav
speaker 1028's score=-14206.080065003287
speaker 1337ad's score=-15802.43738650467
speaker 1snoke's score=-10954.542355500027
speaker 23yipikaye's score=-14320.816712119868
speaker 2old2play's score=-16453.585747399273
speaker 314piwm's score=-14958.268107380372
speaker Aaron's score=-17021.223797736362
speaker AbdulMoiz's score=-12784.878441817473
speaker AdrianMcNear's score=-14576.039872221525
speaker Afshad's score=-14880.575028571397
speaker AJN's score=-15896.612625888243
speaker AndreyBarrientosCostaRica's score=-15738.780974317746
speaker Anniepoo's score=-14971.060259309626
speaker AT's score=-14763.952219260496
speaker BlindPilot's score=-14766.166281960286
speaker CNJ's score=-17256.97264297655
Detected as -  1snoke
Testing Audio :  1snoke-20120412-hge\wav\a0414.wav
speaker 1028's score=-12154.160793216477
speaker 1337ad's score=-13830.941955388413
speaker 1snoke's score=-9647.973945355276
speaker 23yipikaye's score=-12681.610360369574
speaker 2old2play's score=-14783.577673241442
speaker 314piwm's score=-13203.54253835467
speaker Aaron's score=-15616.905578754775
speaker AbdulMoiz's score=-11118.337709786127
speaker AdrianMcNear's score=-12940.420941370838
speaker Afshad's score=-13128.371987841787
speaker AJN's score=-13799.04898922031
speaker AndreyBarrientosCostaRica's score=-13691.486578628359
speaker Anniepoo's score=-13244.276465438801
speaker AT's score=-13208.069986499859
speaker BlindPilot's score=-12899.255463084497
speaker CNJ's score=-14856.988364513563
Detected as -  1snoke
Testing Audio :  23yipikaye-20100807-ujm\wav\b0317.wav
speaker 1028's score=-18338.26118368117
speaker 1337ad's score=-20140.7641743775
speaker 1snoke's score=-18336.021090695634
speaker 23yipikaye's score=-14473.003823020372
speaker 2old2play's score=-20564.801674910064
speaker 314piwm's score=-19067.827693556894
speaker Aaron's score=-23514.376139985558
speaker AbdulMoiz's score=-20218.647291430167
speaker AdrianMcNear's score=-18064.17761800068
speaker Afshad's score=-19062.258048712247
speaker AJN's score=-20478.487917858627
speaker AndreyBarrientosCostaRica's score=-20948.366499571857
speaker Anniepoo's score=-18770.92251635247
speaker AT's score=-22046.914895140242
speaker BlindPilot's score=-20854.829699250076
speaker CNJ's score=-24911.282267887866
Detected as -  23yipikaye
Testing Audio :  23yipikaye-20100807-ujm\wav\b0318.wav
speaker 1028's score=-11512.220821449293
speaker 1337ad's score=-12478.248434918303
speaker 1snoke's score=-11184.75230131719
speaker 23yipikaye's score=-8580.30738723355
speaker 2old2play's score=-13621.552207141945
speaker 314piwm's score=-11693.365332320423
speaker Aaron's score=-14741.25647136702
speaker AbdulMoiz's score=-11449.254958631725
speaker AdrianMcNear's score=-11504.079067222483
speaker Afshad's score=-12117.996883822858
speaker AJN's score=-12387.390900468909
speaker AndreyBarrientosCostaRica's score=-12984.33326556884
speaker Anniepoo's score=-11809.029261691832
speaker AT's score=-11999.682841485932
speaker BlindPilot's score=-12571.792188513416
speaker CNJ's score=-14917.040503951683
Detected as -  23yipikaye
Testing Audio :  23yipikaye-20100807-ujm\wav\b0319.wav
speaker 1028's score=-13820.395381422626
speaker 1337ad's score=-15535.186660152252
speaker 1snoke's score=-13401.261974977348
speaker 23yipikaye's score=-10978.814419437644
speaker 2old2play's score=-17055.960029240712
speaker 314piwm's score=-14476.568142429756
speaker Aaron's score=-18922.56879203381
speaker AbdulMoiz's score=-13495.597460912384
speaker AdrianMcNear's score=-14119.047823389581
speaker Afshad's score=-16017.106604722485
speaker AJN's score=-16330.1868827712
speaker AndreyBarrientosCostaRica's score=-16750.828021273323
speaker Anniepoo's score=-16147.696560975925
speaker AT's score=-16800.185370614185
speaker BlindPilot's score=-16178.897626959955
speaker CNJ's score=-20077.434664516462
Detected as -  23yipikaye
Testing Audio :  23yipikaye-20100807-ujm\wav\b0320.wav
speaker 1028's score=-18512.357223348474
speaker 1337ad's score=-19640.358543064744
speaker 1snoke's score=-19112.65138707332
speaker 23yipikaye's score=-15987.989736048301
speaker 2old2play's score=-21384.05962867318
speaker 314piwm's score=-19517.65924214889
speaker Aaron's score=-23116.747441395928
speaker AbdulMoiz's score=-19945.600378267205
speaker AdrianMcNear's score=-19746.321036793583
speaker Afshad's score=-19743.750731112632
speaker AJN's score=-20056.118555343972
speaker AndreyBarrientosCostaRica's score=-21093.967010017004
speaker Anniepoo's score=-19571.449662391424
speaker AT's score=-21606.149195846523
speaker BlindPilot's score=-20936.442359052748
speaker CNJ's score=-24783.90474677374
Detected as -  23yipikaye
Testing Audio :  23yipikaye-20100807-ujm\wav\b0321.wav
speaker 1028's score=-12881.531586282374
speaker 1337ad's score=-14114.297365506565
speaker 1snoke's score=-12937.179854760874
speaker 23yipikaye's score=-10356.407547032264
speaker 2old2play's score=-15647.92942429271
speaker 314piwm's score=-13738.470436903179
speaker Aaron's score=-16726.573127644006
speaker AbdulMoiz's score=-13702.135690054502
speaker AdrianMcNear's score=-13936.98497142895
speaker Afshad's score=-14316.025683279575
speaker AJN's score=-14638.84662336228
speaker AndreyBarrientosCostaRica's score=-15193.566166726447
speaker Anniepoo's score=-14098.374637672467
speaker AT's score=-15658.518816247824
speaker BlindPilot's score=-14869.628019296964
speaker CNJ's score=-18083.49848466634
Detected as -  23yipikaye
Testing Audio :  2old2play-20110606-hcn\wav\a0298.wav
speaker 1028's score=-21753.72347529537
speaker 1337ad's score=-21273.47768895053
speaker 1snoke's score=-21169.376237212953
speaker 23yipikaye's score=-22057.090228368725
speaker 2old2play's score=-15872.058007966707
speaker 314piwm's score=-21565.30805680262
speaker Aaron's score=-24810.57387938192
speaker AbdulMoiz's score=-21731.366331197325
speaker AdrianMcNear's score=-20563.879782843742
speaker Afshad's score=-22210.84952818627
speaker AJN's score=-21202.280151312192
speaker AndreyBarrientosCostaRica's score=-20958.27059688376
speaker Anniepoo's score=-22038.580558929687
speaker AT's score=-23338.815032567287
speaker BlindPilot's score=-21126.735970898706
speaker CNJ's score=-25068.891055356115
Detected as -  2old2play
Testing Audio :  2old2play-20110606-hcn\wav\a0299.wav
speaker 1028's score=-17166.832821071646
speaker 1337ad's score=-17062.141346034685
speaker 1snoke's score=-16877.733595569494
speaker 23yipikaye's score=-17383.54564336664
speaker 2old2play's score=-12886.446529631161
speaker 314piwm's score=-17340.667379647544
speaker Aaron's score=-19946.15104441546
speaker AbdulMoiz's score=-17240.993885382763
speaker AdrianMcNear's score=-16338.440033491293
speaker Afshad's score=-17745.2162716685
speaker AJN's score=-17131.186098217975
speaker AndreyBarrientosCostaRica's score=-16951.726514536625
speaker Anniepoo's score=-17454.184565300304
speaker AT's score=-18829.94854361847
speaker BlindPilot's score=-16661.767444676934
speaker CNJ's score=-19918.18205544786
Detected as -  2old2play
Testing Audio :  2old2play-20110606-hcn\wav\a0300.wav
speaker 1028's score=-17209.91446439541
speaker 1337ad's score=-16820.776129334536
speaker 1snoke's score=-16743.788519069196
speaker 23yipikaye's score=-17385.26832639669
speaker 2old2play's score=-12405.345016227535
speaker 314piwm's score=-17387.656108427742
speaker Aaron's score=-20119.48960053009
speaker AbdulMoiz's score=-17221.729881697745
speaker AdrianMcNear's score=-16022.700719320772
speaker Afshad's score=-17575.362550039295
speaker AJN's score=-16857.84392993481
speaker AndreyBarrientosCostaRica's score=-17136.664566882886
speaker Anniepoo's score=-17472.293363454035
speaker AT's score=-19077.35072728293
speaker BlindPilot's score=-16304.126670607764
speaker CNJ's score=-19149.705956803744
Detected as -  2old2play
Testing Audio :  2old2play-20110606-hcn\wav\a0301.wav
speaker 1028's score=-12469.447350200058
speaker 1337ad's score=-12039.678240180092
speaker 1snoke's score=-11670.341265652058
speaker 23yipikaye's score=-12242.503755113183
speaker 2old2play's score=-8559.02016117534
speaker 314piwm's score=-12738.938986201312
speaker Aaron's score=-14823.186577988257
speaker AbdulMoiz's score=-11894.604087906355
speaker AdrianMcNear's score=-10899.819640730926
speaker Afshad's score=-13086.411145633461
speaker AJN's score=-12520.677557075705
speaker AndreyBarrientosCostaRica's score=-11935.583197648451
speaker Anniepoo's score=-12550.355884904333
speaker AT's score=-13873.843894557876
speaker BlindPilot's score=-11819.823272955997
speaker CNJ's score=-13651.50657631253
Detected as -  2old2play
Testing Audio :  2old2play-20110606-hcn\wav\a0302.wav
speaker 1028's score=-17091.336675052313
speaker 1337ad's score=-16929.36120797064
speaker 1snoke's score=-16679.705678256894
speaker 23yipikaye's score=-17371.141629417376
speaker 2old2play's score=-13297.78097103745
speaker 314piwm's score=-16736.902559991337
speaker Aaron's score=-19725.219563250987
speaker AbdulMoiz's score=-17358.215086339856
speaker AdrianMcNear's score=-16509.842429832766
speaker Afshad's score=-17490.675006058347
speaker AJN's score=-16619.753826694367
speaker AndreyBarrientosCostaRica's score=-16972.317091315785
speaker Anniepoo's score=-17476.81253453943
speaker AT's score=-18594.482317337093
speaker BlindPilot's score=-16631.079741900343
speaker CNJ's score=-20332.456405639747
Detected as -  2old2play
Testing Audio :  314piwm-20130617-xuo\wav\b0249.wav
speaker 1028's score=-9072.67797565442
speaker 1337ad's score=-9894.883153699831
speaker 1snoke's score=-9233.522944466982
speaker 23yipikaye's score=-9495.085474058054
speaker 2old2play's score=-10467.021276007792
speaker 314piwm's score=-7424.097160979893
speaker Aaron's score=-11558.329804842506
speaker AbdulMoiz's score=-9702.026015645148
speaker AdrianMcNear's score=-8828.441252209308
speaker Afshad's score=-10074.196741774507
speaker AJN's score=-9303.186844194148
speaker AndreyBarrientosCostaRica's score=-9400.96753701481
speaker Anniepoo's score=-10638.059921858989
speaker AT's score=-10694.928096676977
speaker BlindPilot's score=-10247.695651810716
speaker CNJ's score=-12327.75353908569
Detected as -  314piwm
Testing Audio :  314piwm-20130617-xuo\wav\b0250.wav
speaker 1028's score=-12935.110276202577
speaker 1337ad's score=-14119.97659490586
speaker 1snoke's score=-13545.774743334403
speaker 23yipikaye's score=-13105.599246193207
speaker 2old2play's score=-14867.061404542583
speaker 314piwm's score=-10648.958521044384
speaker Aaron's score=-16140.206227201186
speaker AbdulMoiz's score=-14143.53960900147
speaker AdrianMcNear's score=-13312.365916573048
speaker Afshad's score=-14168.653571391565
speaker AJN's score=-13739.192549529711
speaker AndreyBarrientosCostaRica's score=-13788.403127660515
speaker Anniepoo's score=-14699.055990893165
speaker AT's score=-15042.501528610443
speaker BlindPilot's score=-14769.09233415163
speaker CNJ's score=-17591.172798690364
Detected as -  314piwm
Testing Audio :  314piwm-20130617-xuo\wav\b0251.wav
speaker 1028's score=-12656.593610969634
speaker 1337ad's score=-13886.932154015582
speaker 1snoke's score=-12865.614972880492
speaker 23yipikaye's score=-13023.668635904236
speaker 2old2play's score=-14843.638582637035
speaker 314piwm's score=-10537.106279637248
speaker Aaron's score=-15532.437432793307
speaker AbdulMoiz's score=-13250.334674932288
speaker AdrianMcNear's score=-12707.175097863596
speaker Afshad's score=-14321.53915359071
speaker AJN's score=-13860.908883170852
speaker AndreyBarrientosCostaRica's score=-13887.65623140729
speaker Anniepoo's score=-14696.82385882424
speaker AT's score=-15187.794214107586
speaker BlindPilot's score=-14304.489072481038
speaker CNJ's score=-16962.748803145118
Detected as -  314piwm
Testing Audio :  314piwm-20130617-xuo\wav\b0252.wav
speaker 1028's score=-13340.187881758082
speaker 1337ad's score=-14709.485118646926
speaker 1snoke's score=-13885.788125972325
speaker 23yipikaye's score=-13590.99117302071
speaker 2old2play's score=-15568.061817696422
speaker 314piwm's score=-10778.624934812762
speaker Aaron's score=-16650.164274576746
speaker AbdulMoiz's score=-14888.823182628488
speaker AdrianMcNear's score=-14636.489902527894
speaker Afshad's score=-14595.288147631381
speaker AJN's score=-13588.467629623232
speaker AndreyBarrientosCostaRica's score=-14398.975976950444
speaker Anniepoo's score=-15088.280510188239
speaker AT's score=-15925.249644528638
speaker BlindPilot's score=-15048.235930444756
speaker CNJ's score=-18538.70953191739
Detected as -  314piwm
Testing Audio :  314piwm-20130617-xuo\wav\b0253.wav
speaker 1028's score=-14377.851154338474
speaker 1337ad's score=-15523.22885735449
speaker 1snoke's score=-14634.378193987963
speaker 23yipikaye's score=-14565.257546920759
speaker 2old2play's score=-16075.971992267394
speaker 314piwm's score=-12220.883255353023
speaker Aaron's score=-16955.276702536492
speaker AbdulMoiz's score=-15171.80049677367
speaker AdrianMcNear's score=-14906.9980689459
speaker Afshad's score=-14852.847547560359
speaker AJN's score=-14399.961842031804
speaker AndreyBarrientosCostaRica's score=-15327.777478843882
speaker Anniepoo's score=-15862.634593780811
speaker AT's score=-16405.044113722568
speaker BlindPilot's score=-15442.695328455766
speaker CNJ's score=-18801.207456686232
Detected as -  314piwm
Testing Audio :  Aaron-20080318-kdl\wav\b0024.wav
speaker 1028's score=-9923.58047689082
speaker 1337ad's score=-10036.01881526645
speaker 1snoke's score=-9574.332878212726
speaker 23yipikaye's score=-10497.05244208482
speaker 2old2play's score=-11565.148632698705
speaker 314piwm's score=-10882.13569152314
speaker Aaron's score=-7040.564463468936
speaker AbdulMoiz's score=-9350.488041261355
speaker AdrianMcNear's score=-10846.677487236004
speaker Afshad's score=-11383.392064580943
speaker AJN's score=-10556.28894095628
speaker AndreyBarrientosCostaRica's score=-9575.293847348912
speaker Anniepoo's score=-10719.33987638497
speaker AT's score=-9943.631935168345
speaker BlindPilot's score=-9567.097635266558
speaker CNJ's score=-12519.49963763536
Detected as -  Aaron
Testing Audio :  Aaron-20080318-kdl\wav\b0025.wav
speaker 1028's score=-8505.559147636684
speaker 1337ad's score=-9058.920399418334
speaker 1snoke's score=-7960.603680466105
speaker 23yipikaye's score=-9241.472735009951
speaker 2old2play's score=-10062.33071423884
speaker 314piwm's score=-9448.022019118886
speaker Aaron's score=-7449.563418305181
speaker AbdulMoiz's score=-7007.006793086964
speaker AdrianMcNear's score=-8774.115395157616
speaker Afshad's score=-9712.491661583663
speaker AJN's score=-9413.92396132549
speaker AndreyBarrientosCostaRica's score=-8179.81603652866
speaker Anniepoo's score=-9202.752019669417
speaker AT's score=-7596.510011384654
speaker BlindPilot's score=-8084.023048402041
speaker CNJ's score=-9981.281037353247
Detected as -  AbdulMoiz
Testing Audio :  Aaron-20080318-kdl\wav\b0026.wav
speaker 1028's score=-9306.60337867487
speaker 1337ad's score=-9657.599036581074
speaker 1snoke's score=-9227.32320286032
speaker 23yipikaye's score=-10017.243909429817
speaker 2old2play's score=-10411.83482445724
speaker 314piwm's score=-10152.69668059014
speaker Aaron's score=-6176.2724303266505
speaker AbdulMoiz's score=-8827.034483760792
speaker AdrianMcNear's score=-9939.199354877419
speaker Afshad's score=-10274.689542729246
speaker AJN's score=-9596.425894585813
speaker AndreyBarrientosCostaRica's score=-8745.30094521234
speaker Anniepoo's score=-10001.670174776122
speaker AT's score=-9410.50675950522
speaker BlindPilot's score=-8614.2024107773
speaker CNJ's score=-11685.08066316554
Detected as -  Aaron
Testing Audio :  Aaron-20080318-kdl\wav\b0027.wav
speaker 1028's score=-12816.091223804104
speaker 1337ad's score=-13038.791380671348
speaker 1snoke's score=-13114.884767955591
speaker 23yipikaye's score=-13515.542637604027
speaker 2old2play's score=-14072.428404223368
speaker 314piwm's score=-13472.108962378732
speaker Aaron's score=-10916.326022967542
speaker AbdulMoiz's score=-12763.319636402624
speaker AdrianMcNear's score=-13074.103349795176
speaker Afshad's score=-13945.47027750083
speaker AJN's score=-12926.443338648412
speaker AndreyBarrientosCostaRica's score=-12657.145687341408
speaker Anniepoo's score=-13807.389669841787
speaker AT's score=-12841.122265889462
speaker BlindPilot's score=-12623.50747161266
speaker CNJ's score=-15913.146162960296
Detected as -  Aaron
Testing Audio :  Aaron-20080318-kdl\wav\b0028.wav
speaker 1028's score=-11577.930781939871
speaker 1337ad's score=-12219.268387766551
speaker 1snoke's score=-11687.972274279837
speaker 23yipikaye's score=-12667.652561086812
speaker 2old2play's score=-13164.496361379963
speaker 314piwm's score=-12292.530225759449
speaker Aaron's score=-9279.805043627022
speaker AbdulMoiz's score=-11174.218043608056
speaker AdrianMcNear's score=-12264.850017317254
speaker Afshad's score=-13476.39960599779
speaker AJN's score=-12558.47200029725
speaker AndreyBarrientosCostaRica's score=-11240.654646948427
speaker Anniepoo's score=-12782.171434104372
speaker AT's score=-12016.480594449145
speaker BlindPilot's score=-11465.288707833548
speaker CNJ's score=-15018.222793849112
Detected as -  Aaron
Testing Audio :  AbdulMoiz-20121010-juf\wav\a0291.wav
speaker 1028's score=-22798.182469977026
speaker 1337ad's score=-22983.457238166793
speaker 1snoke's score=-21308.086429164054
speaker 23yipikaye's score=-23002.06510690259
speaker 2old2play's score=-25414.778890968082
speaker 314piwm's score=-23933.010269020324
speaker Aaron's score=-24972.86686334666
speaker AbdulMoiz's score=-18590.36270110277
speaker AdrianMcNear's score=-22938.41035144527
speaker Afshad's score=-24455.758334893057
speaker AJN's score=-22824.490373162684
speaker AndreyBarrientosCostaRica's score=-22394.8259767534
speaker Anniepoo's score=-23971.37391099152
speaker AT's score=-23201.919301642887
speaker BlindPilot's score=-21879.64142368602
speaker CNJ's score=-25634.32336572214
Detected as -  AbdulMoiz
Testing Audio :  AbdulMoiz-20121010-juf\wav\a0292.wav
speaker 1028's score=-17038.214626635432
speaker 1337ad's score=-17621.03022053939
speaker 1snoke's score=-15967.018215291284
speaker 23yipikaye's score=-16805.503037477185
speaker 2old2play's score=-19275.819992530254
speaker 314piwm's score=-17978.908616370114
speaker Aaron's score=-19901.561942569904
speaker AbdulMoiz's score=-12926.637688249011
speaker AdrianMcNear's score=-16676.7947775146
speaker Afshad's score=-18301.79496979071
speaker AJN's score=-17605.341626318084
speaker AndreyBarrientosCostaRica's score=-16760.794542800984
speaker Anniepoo's score=-18160.645562478796
speaker AT's score=-16745.854597641155
speaker BlindPilot's score=-16906.21872127902
speaker CNJ's score=-19092.955352803212
Detected as -  AbdulMoiz
Testing Audio :  AbdulMoiz-20121010-juf\wav\a0293.wav
speaker 1028's score=-14967.744986777563
speaker 1337ad's score=-15182.433135771034
speaker 1snoke's score=-13696.058950822775
speaker 23yipikaye's score=-14587.9700229333
speaker 2old2play's score=-16472.476349285105
speaker 314piwm's score=-15761.307609999565
speaker Aaron's score=-17172.599556096677
speaker AbdulMoiz's score=-11944.444089160486
speaker AdrianMcNear's score=-14198.009513384104
speaker Afshad's score=-15746.779687941655
speaker AJN's score=-15091.223578294308
speaker AndreyBarrientosCostaRica's score=-14658.449146526562
speaker Anniepoo's score=-15503.504957797122
speaker AT's score=-14926.063903737917
speaker BlindPilot's score=-14518.308980039346
speaker CNJ's score=-17100.277317343265
Detected as -  AbdulMoiz
Testing Audio :  AbdulMoiz-20121010-juf\wav\a0294.wav
speaker 1028's score=-17847.93188523607
speaker 1337ad's score=-18611.74242994635
speaker 1snoke's score=-16920.062208363626
speaker 23yipikaye's score=-17845.583324129733
speaker 2old2play's score=-20328.702583976807
speaker 314piwm's score=-19212.85573735409
speaker Aaron's score=-20289.033406567803
speaker AbdulMoiz's score=-14495.294965442954
speaker AdrianMcNear's score=-17500.154296428213
speaker Afshad's score=-19130.574089790694
speaker AJN's score=-18731.202557871948
speaker AndreyBarrientosCostaRica's score=-17887.22335080956
speaker Anniepoo's score=-18477.730040377977
speaker AT's score=-18378.24061615104
speaker BlindPilot's score=-17926.698072125895
speaker CNJ's score=-20275.305874505524
Detected as -  AbdulMoiz
Testing Audio :  AbdulMoiz-20121010-juf\wav\a0295.wav
speaker 1028's score=-19372.254237154102
speaker 1337ad's score=-20451.903153331303
speaker 1snoke's score=-17921.601024723037
speaker 23yipikaye's score=-19455.456734213647
speaker 2old2play's score=-21968.523595184226
speaker 314piwm's score=-19917.68452788508
speaker Aaron's score=-22218.69510241399
speaker AbdulMoiz's score=-15697.575181912292
speaker AdrianMcNear's score=-18387.44006283685
speaker Afshad's score=-21303.04775528636
speaker AJN's score=-20442.203978846977
speaker AndreyBarrientosCostaRica's score=-19503.54244407136
speaker Anniepoo's score=-20295.725277376165
speaker AT's score=-19287.079069887008
speaker BlindPilot's score=-19589.173253111127
speaker CNJ's score=-22257.33454039441
Detected as -  AbdulMoiz
Testing Audio :  AdrianMcNear-20091016-psv\wav\a0577.wav
speaker 1028's score=-24126.04739483677
speaker 1337ad's score=-24721.06481513277
speaker 1snoke's score=-23922.951822915435
speaker 23yipikaye's score=-23862.610243114053
speaker 2old2play's score=-23865.730642520757
speaker 314piwm's score=-23714.328999417216
speaker Aaron's score=-29160.05193437059
speaker AbdulMoiz's score=-23879.331349990895
speaker AdrianMcNear's score=-19809.279740754973
speaker Afshad's score=-25428.583515376307
speaker AJN's score=-23949.10523446145
speaker AndreyBarrientosCostaRica's score=-23592.43418407502
speaker Anniepoo's score=-25425.134182484333
speaker AT's score=-27025.487074613946
speaker BlindPilot's score=-24323.489277758876
speaker CNJ's score=-30327.3366987387
Detected as -  AdrianMcNear
Testing Audio :  AdrianMcNear-20091016-psv\wav\a0578.wav
speaker 1028's score=-16324.07627482951
speaker 1337ad's score=-15896.89462213777
speaker 1snoke's score=-14466.354783297771
speaker 23yipikaye's score=-15176.975682284212
speaker 2old2play's score=-15263.971135069796
speaker 314piwm's score=-15763.985191964824
speaker Aaron's score=-18969.73774641497
speaker AbdulMoiz's score=-14099.228330396327
speaker AdrianMcNear's score=-11268.15488959506
speaker Afshad's score=-16224.554937252538
speaker AJN's score=-15625.93311408289
speaker AndreyBarrientosCostaRica's score=-14640.631655014642
speaker Anniepoo's score=-16024.497568269464
speaker AT's score=-16294.552810550795
speaker BlindPilot's score=-15402.269136043687
speaker CNJ's score=-15757.956106913192
Detected as -  AdrianMcNear
Testing Audio :  AdrianMcNear-20091016-psv\wav\a0579.wav
speaker 1028's score=-14788.139390078015
speaker 1337ad's score=-13831.067935718238
speaker 1snoke's score=-13180.814760413517
speaker 23yipikaye's score=-13728.639167421668
speaker 2old2play's score=-13883.777411150819
speaker 314piwm's score=-14022.65921403775
speaker Aaron's score=-18171.912561633613
speaker AbdulMoiz's score=-12303.766205731054
speaker AdrianMcNear's score=-9614.156334153437
speaker Afshad's score=-15241.13808304464
speaker AJN's score=-13737.007625434533
speaker AndreyBarrientosCostaRica's score=-13453.831044373435
speaker Anniepoo's score=-15690.73392240243
speaker AT's score=-14661.098733232095
speaker BlindPilot's score=-14183.590163299514
speaker CNJ's score=-14493.777356894909
Detected as -  AdrianMcNear
Testing Audio :  AdrianMcNear-20091016-psv\wav\a0580.wav
speaker 1028's score=-15429.531193913455
speaker 1337ad's score=-15158.817635244091
speaker 1snoke's score=-14173.799330042486
speaker 23yipikaye's score=-14289.17347456932
speaker 2old2play's score=-13661.37932855854
speaker 314piwm's score=-16634.462126032813
speaker Aaron's score=-18703.984707213425
speaker AbdulMoiz's score=-14002.209300062092
speaker AdrianMcNear's score=-10431.571742327687
speaker Afshad's score=-15559.565931446992
speaker AJN's score=-14699.569636499313
speaker AndreyBarrientosCostaRica's score=-13022.183937586884
speaker Anniepoo's score=-15285.563704495906
speaker AT's score=-16101.709976483548
speaker BlindPilot's score=-14726.862481584512
speaker CNJ's score=-16303.390176977922
Detected as -  AdrianMcNear
Testing Audio :  AdrianMcNear-20091016-psv\wav\a0581.wav
speaker 1028's score=-25152.051098227887
speaker 1337ad's score=-25493.94476564716
speaker 1snoke's score=-24252.969002912585
speaker 23yipikaye's score=-24836.03135263682
speaker 2old2play's score=-24571.445944591967
speaker 314piwm's score=-25652.53916603057
speaker Aaron's score=-31385.71429045101
speaker AbdulMoiz's score=-24381.0789259061
speaker AdrianMcNear's score=-18899.202831975563
speaker Afshad's score=-26716.027918201893
speaker AJN's score=-24915.669094918412
speaker AndreyBarrientosCostaRica's score=-23099.18093117235
speaker Anniepoo's score=-26668.261244959744
speaker AT's score=-27774.769075313772
speaker BlindPilot's score=-25455.974186142852
speaker CNJ's score=-31058.226235258102
Detected as -  AdrianMcNear
Testing Audio :  Afshad-20090813-zcz\wav\a0452.wav
speaker 1028's score=-18019.879366471203
speaker 1337ad's score=-21459.770087198558
speaker 1snoke's score=-18120.49098540109
speaker 23yipikaye's score=-18129.230388220734
speaker 2old2play's score=-21218.150762598434
speaker 314piwm's score=-19568.8983510845
speaker Aaron's score=-23429.565347899887
speaker AbdulMoiz's score=-20157.606736016227
speaker AdrianMcNear's score=-19833.349029132718
speaker Afshad's score=-13336.381033253927
speaker AJN's score=-18925.023698532288
speaker AndreyBarrientosCostaRica's score=-19979.202675349094
speaker Anniepoo's score=-17921.025837163204
speaker AT's score=-18947.362697825418
speaker BlindPilot's score=-20041.98300497315
speaker CNJ's score=-23390.587765004693
Detected as -  Afshad
Testing Audio :  Afshad-20090813-zcz\wav\a0453.wav
speaker 1028's score=-20817.509415895503
speaker 1337ad's score=-21895.659669799483
speaker 1snoke's score=-19479.983641688385
speaker 23yipikaye's score=-20070.633312199236
speaker 2old2play's score=-22261.933041047254
speaker 314piwm's score=-21645.50879334389
speaker Aaron's score=-23724.028898899414
speaker AbdulMoiz's score=-19127.028068709697
speaker AdrianMcNear's score=-20068.681172706383
speaker Afshad's score=-15439.68124894307
speaker AJN's score=-20128.797894208077
speaker AndreyBarrientosCostaRica's score=-20510.7711286829
speaker Anniepoo's score=-17831.208427317044
speaker AT's score=-18742.332669580373
speaker BlindPilot's score=-20568.024948851773
speaker CNJ's score=-19963.47848486508
Detected as -  Afshad
Testing Audio :  Afshad-20090813-zcz\wav\a0454.wav
speaker 1028's score=-21646.857561847988
speaker 1337ad's score=-24226.849384740584
speaker 1snoke's score=-20192.356838968313
speaker 23yipikaye's score=-21423.791436753774
speaker 2old2play's score=-24217.78116199396
speaker 314piwm's score=-22331.32308361849
speaker Aaron's score=-26528.394812693743
speaker AbdulMoiz's score=-22706.521128338325
speaker AdrianMcNear's score=-22180.278745295735
speaker Afshad's score=-14842.335893596428
speaker AJN's score=-21702.009454352024
speaker AndreyBarrientosCostaRica's score=-23028.5843154373
speaker Anniepoo's score=-19471.906529840177
speaker AT's score=-20727.55707737001
speaker BlindPilot's score=-22450.90136040576
speaker CNJ's score=-25395.63809455671
Detected as -  Afshad
Testing Audio :  Afshad-20090813-zcz\wav\a0455.wav
speaker 1028's score=-26381.95297421416
speaker 1337ad's score=-29783.82873086008
speaker 1snoke's score=-23892.331271376475
speaker 23yipikaye's score=-25411.518516276552
speaker 2old2play's score=-29133.572313705597
speaker 314piwm's score=-27514.350895059695
speaker Aaron's score=-31864.097155970678
speaker AbdulMoiz's score=-25444.270084307995
speaker AdrianMcNear's score=-26091.035915167533
speaker Afshad's score=-18694.512427465164
speaker AJN's score=-26596.325163766192
speaker AndreyBarrientosCostaRica's score=-26712.809655608486
speaker Anniepoo's score=-24272.5281080292
speaker AT's score=-23851.607393106384
speaker BlindPilot's score=-26675.649015441566
speaker CNJ's score=-28744.69349434649
Detected as -  Afshad
Testing Audio :  Afshad-20090813-zcz\wav\a0456.wav
speaker 1028's score=-23302.490147909954
speaker 1337ad's score=-24871.310287785214
speaker 1snoke's score=-22133.807243335654
speaker 23yipikaye's score=-22422.055061420666
speaker 2old2play's score=-24823.068484601474
speaker 314piwm's score=-23721.892526302523
speaker Aaron's score=-26398.681011600114
speaker AbdulMoiz's score=-22754.724584954645
speaker AdrianMcNear's score=-22986.602639819466
speaker Afshad's score=-15043.901078761066
speaker AJN's score=-22766.733012317818
speaker AndreyBarrientosCostaRica's score=-22314.759513875804
speaker Anniepoo's score=-19154.14616845167
speaker AT's score=-20196.47368369713
speaker BlindPilot's score=-22278.503061126336
speaker CNJ's score=-25692.03811576106
Detected as -  Afshad
Testing Audio :  AJN-20131002-zcl\wav\b0094.wav
speaker 1028's score=-13032.370312710773
speaker 1337ad's score=-13923.576991684105
speaker 1snoke's score=-13821.777036982618
speaker 23yipikaye's score=-13726.66801755043
speaker 2old2play's score=-15414.334259828069
speaker 314piwm's score=-13751.041202876975
speaker Aaron's score=-15344.396127732249
speaker AbdulMoiz's score=-13642.94171822822
speaker AdrianMcNear's score=-14432.477688854757
speaker Afshad's score=-13704.261704925306
speaker AJN's score=-11087.171754804667
speaker AndreyBarrientosCostaRica's score=-13512.296779327291
speaker Anniepoo's score=-14382.8381705711
speaker AT's score=-15131.52995547372
speaker BlindPilot's score=-13422.877979440333
speaker CNJ's score=-17065.63330294319
Detected as -  AJN
Testing Audio :  AJN-20131002-zcl\wav\b0095.wav
speaker 1028's score=-19045.745279980296
speaker 1337ad's score=-18665.238798696228
speaker 1snoke's score=-19643.107018694856
speaker 23yipikaye's score=-19633.877111929367
speaker 2old2play's score=-20552.93335421141
speaker 314piwm's score=-19370.30490943518
speaker Aaron's score=-21126.85716259119
speaker AbdulMoiz's score=-19863.505843070798
speaker AdrianMcNear's score=-19678.36457332638
speaker Afshad's score=-19195.604288554234
speaker AJN's score=-15480.21558079836
speaker AndreyBarrientosCostaRica's score=-18965.979314254277
speaker Anniepoo's score=-19509.066245248978
speaker AT's score=-20542.955699288992
speaker BlindPilot's score=-18515.539500141458
speaker CNJ's score=-22254.572012597004
Detected as -  AJN
Testing Audio :  AJN-20131002-zcl\wav\b0096.wav
speaker 1028's score=-12807.259221638196
speaker 1337ad's score=-12664.423788844535
speaker 1snoke's score=-13579.208191137393
speaker 23yipikaye's score=-13583.626557343823
speaker 2old2play's score=-14597.061042682682
speaker 314piwm's score=-12985.107488881149
speaker Aaron's score=-14320.10992915444
speaker AbdulMoiz's score=-13716.152332861639
speaker AdrianMcNear's score=-13712.485805142876
speaker Afshad's score=-13710.386099427365
speaker AJN's score=-10357.922106619462
speaker AndreyBarrientosCostaRica's score=-12912.695906377212
speaker Anniepoo's score=-14090.123186507986
speaker AT's score=-14200.981159040799
speaker BlindPilot's score=-12644.878705561274
speaker CNJ's score=-15969.772037897459
Detected as -  AJN
Testing Audio :  AJN-20131002-zcl\wav\b0097.wav
speaker 1028's score=-12324.514975690445
speaker 1337ad's score=-13280.187958992368
speaker 1snoke's score=-12959.560501201395
speaker 23yipikaye's score=-13592.27163005208
speaker 2old2play's score=-14988.883718338877
speaker 314piwm's score=-13210.365148615421
speaker Aaron's score=-14315.935468890146
speaker AbdulMoiz's score=-13204.9923211959
speaker AdrianMcNear's score=-13843.334678511697
speaker Afshad's score=-13540.087874285879
speaker AJN's score=-10491.864240150928
speaker AndreyBarrientosCostaRica's score=-12980.456164198811
speaker Anniepoo's score=-14125.026675959984
speaker AT's score=-14437.799670544719
speaker BlindPilot's score=-12833.758745359457
speaker CNJ's score=-16406.87266812104
Detected as -  AJN
Testing Audio :  AJN-20131002-zcl\wav\b0098.wav
speaker 1028's score=-20280.363033433572
speaker 1337ad's score=-20410.440958274856
speaker 1snoke's score=-20666.315557317168
speaker 23yipikaye's score=-20687.790740623816
speaker 2old2play's score=-22188.97312395847
speaker 314piwm's score=-19929.29537883294
speaker Aaron's score=-22345.305207605066
speaker AbdulMoiz's score=-20692.800082344307
speaker AdrianMcNear's score=-21359.79421680638
speaker Afshad's score=-20189.774768290532
speaker AJN's score=-16121.42589847222
speaker AndreyBarrientosCostaRica's score=-20585.61752000892
speaker Anniepoo's score=-20737.096704738102
speaker AT's score=-21784.447616945767
speaker BlindPilot's score=-19692.920323008348
speaker CNJ's score=-24339.809867305477
Detected as -  AJN
Testing Audio :  AndreyBarrientosCostaRica-20130710-tpy\wav\b0216.wav
speaker 1028's score=-9473.587859412839
speaker 1337ad's score=-10292.98770196235
speaker 1snoke's score=-9956.595732301432
speaker 23yipikaye's score=-11087.364724827155
speaker 2old2play's score=-10907.87293412714
speaker 314piwm's score=-9516.354708635155
speaker Aaron's score=-10872.557358914273
speaker AbdulMoiz's score=-10027.466146709397
speaker AdrianMcNear's score=-9862.913734993259
speaker Afshad's score=-11511.156870759969
speaker AJN's score=-9995.441991308136
speaker AndreyBarrientosCostaRica's score=-8174.319299814552
speaker Anniepoo's score=-11310.158487927007
speaker AT's score=-10209.845034996019
speaker BlindPilot's score=-9498.805357095302
speaker CNJ's score=-12478.610641032785
Detected as -  AndreyBarrientosCostaRica
Testing Audio :  AndreyBarrientosCostaRica-20130710-tpy\wav\b0217.wav
speaker 1028's score=-11293.017512849205
speaker 1337ad's score=-11720.658838927211
speaker 1snoke's score=-10986.02858615779
speaker 23yipikaye's score=-11283.122672635958
speaker 2old2play's score=-11460.630003338376
speaker 314piwm's score=-10873.668821422249
speaker Aaron's score=-13184.409133787525
speaker AbdulMoiz's score=-10855.180389324905
speaker AdrianMcNear's score=-9941.902199410819
speaker Afshad's score=-11565.924300636794
speaker AJN's score=-11371.61447651784
speaker AndreyBarrientosCostaRica's score=-8737.390741847536
speaker Anniepoo's score=-11105.536137735959
speaker AT's score=-10872.55436624815
speaker BlindPilot's score=-11197.482306200898
speaker CNJ's score=-13519.952398923817
Detected as -  AndreyBarrientosCostaRica
Testing Audio :  AndreyBarrientosCostaRica-20130710-tpy\wav\b0218.wav
speaker 1028's score=-9885.251254741193
speaker 1337ad's score=-10521.217645313647
speaker 1snoke's score=-9360.794619439504
speaker 23yipikaye's score=-10089.886513892356
speaker 2old2play's score=-10645.519960854826
speaker 314piwm's score=-9392.9774863936
speaker Aaron's score=-12181.033385863502
speaker AbdulMoiz's score=-8562.846509483592
speaker AdrianMcNear's score=-8201.266228739414
speaker Afshad's score=-10509.853088385182
speaker AJN's score=-10292.337349385334
speaker AndreyBarrientosCostaRica's score=-7974.869644336781
speaker Anniepoo's score=-9582.42327056288
speaker AT's score=-9290.937456574753
speaker BlindPilot's score=-10196.375762110738
speaker CNJ's score=-9555.639541372271
Detected as -  AndreyBarrientosCostaRica
Testing Audio :  AndreyBarrientosCostaRica-20130710-tpy\wav\b0219.wav
speaker 1028's score=-9116.691229094948
speaker 1337ad's score=-9769.634928107513
speaker 1snoke's score=-10160.156416532007
speaker 23yipikaye's score=-11022.331398175898
speaker 2old2play's score=-12216.13996881011
speaker 314piwm's score=-9746.080018940573
speaker Aaron's score=-10345.748550783323
speaker AbdulMoiz's score=-10314.636008481797
speaker AdrianMcNear's score=-10708.975488409647
speaker Afshad's score=-12140.73482640168
speaker AJN's score=-9690.706063473372
speaker AndreyBarrientosCostaRica's score=-7879.31397080808
speaker Anniepoo's score=-12394.717337006832
speaker AT's score=-11389.04178166014
speaker BlindPilot's score=-9759.832888973764
speaker CNJ's score=-14567.822456610802
Detected as -  AndreyBarrientosCostaRica
Testing Audio :  AndreyBarrientosCostaRica-20130710-tpy\wav\b0220.wav
speaker 1028's score=-8510.911431903005
speaker 1337ad's score=-9125.22364693192
speaker 1snoke's score=-7549.063848868642
speaker 23yipikaye's score=-8407.351894409825
speaker 2old2play's score=-10164.26540059121
speaker 314piwm's score=-8303.601099090445
speaker Aaron's score=-10146.628680533402
speaker AbdulMoiz's score=-7292.640681176565
speaker AdrianMcNear's score=-7732.042265851262
speaker Afshad's score=-9447.00263282454
speaker AJN's score=-8949.920638936135
speaker AndreyBarrientosCostaRica's score=-7425.511132037329
speaker Anniepoo's score=-9460.532108979609
speaker AT's score=-8237.07102109593
speaker BlindPilot's score=-8832.540442591853
speaker CNJ's score=-10029.595696812723
Detected as -  AbdulMoiz
Testing Audio :  Anniepoo-20140308-cqj\wav\a0121.wav
speaker 1028's score=-17890.99575505172
speaker 1337ad's score=-18418.118184825937
speaker 1snoke's score=-16843.95385649886
speaker 23yipikaye's score=-17122.27014951629
speaker 2old2play's score=-18657.129900967688
speaker 314piwm's score=-16893.804059662878
speaker Aaron's score=-20547.915779382834
speaker AbdulMoiz's score=-17900.548417380633
speaker AdrianMcNear's score=-17439.69586066147
speaker Afshad's score=-15907.965205811524
speaker AJN's score=-17822.44619158216
speaker AndreyBarrientosCostaRica's score=-17886.991247339065
speaker Anniepoo's score=-13407.147992150603
speaker AT's score=-17327.535911389226
speaker BlindPilot's score=-17573.008275674358
speaker CNJ's score=-20277.348832846234
Detected as -  Anniepoo
Testing Audio :  Anniepoo-20140308-cqj\wav\a0122.wav
speaker 1028's score=-14128.742846585777
speaker 1337ad's score=-14460.824330164767
speaker 1snoke's score=-13589.457971285308
speaker 23yipikaye's score=-13797.039328561114
speaker 2old2play's score=-15087.189284578764
speaker 314piwm's score=-13247.032406660264
speaker Aaron's score=-16319.639196752534
speaker AbdulMoiz's score=-13729.06339608625
speaker AdrianMcNear's score=-13479.365484839898
speaker Afshad's score=-12957.017916124605
speaker AJN's score=-13996.787433911644
speaker AndreyBarrientosCostaRica's score=-13333.495098364232
speaker Anniepoo's score=-10575.559791930245
speaker AT's score=-13209.375738633833
speaker BlindPilot's score=-14276.197368966685
speaker CNJ's score=-15329.982686643605
Detected as -  Anniepoo
Testing Audio :  Anniepoo-20140308-cqj\wav\a0123.wav
speaker 1028's score=-15032.88955453824
speaker 1337ad's score=-15697.170101780153
speaker 1snoke's score=-13973.902699141498
speaker 23yipikaye's score=-14220.757385639485
speaker 2old2play's score=-16399.889017027737
speaker 314piwm's score=-13937.203169832152
speaker Aaron's score=-17462.80967365876
speaker AbdulMoiz's score=-13943.177337440495
speaker AdrianMcNear's score=-13559.792222710512
speaker Afshad's score=-13106.522470283098
speaker AJN's score=-14929.501407985044
speaker AndreyBarrientosCostaRica's score=-14486.143094650026
speaker Anniepoo's score=-10345.7161768613
speaker AT's score=-13645.844225232606
speaker BlindPilot's score=-14955.627933162123
speaker CNJ's score=-14697.075832537466
Detected as -  Anniepoo
Testing Audio :  Anniepoo-20140308-cqj\wav\a0124.wav
speaker 1028's score=-19369.294723075353
speaker 1337ad's score=-19429.60650827145
speaker 1snoke's score=-18594.303487061537
speaker 23yipikaye's score=-18775.933318032694
speaker 2old2play's score=-20410.78758964742
speaker 314piwm's score=-18272.34120557672
speaker Aaron's score=-22105.09127712814
speaker AbdulMoiz's score=-18899.418769495038
speaker AdrianMcNear's score=-18221.30346158778
speaker Afshad's score=-18344.51479520598
speaker AJN's score=-18615.857303936653
speaker AndreyBarrientosCostaRica's score=-18528.83398113484
speaker Anniepoo's score=-14287.393564199054
speaker AT's score=-18189.452077695918
speaker BlindPilot's score=-19137.957900801972
speaker CNJ's score=-20662.739691584015
Detected as -  Anniepoo
Testing Audio :  Anniepoo-20140308-cqj\wav\a0125.wav
speaker 1028's score=-15997.664723581074
speaker 1337ad's score=-16480.347461876678
speaker 1snoke's score=-16511.416818980244
speaker 23yipikaye's score=-15664.926631037426
speaker 2old2play's score=-16990.29367617681
speaker 314piwm's score=-15191.641654967081
speaker Aaron's score=-18007.028872968025
speaker AbdulMoiz's score=-16818.25200975813
speaker AdrianMcNear's score=-16709.70846941956
speaker Afshad's score=-15465.05317531515
speaker AJN's score=-15935.433210805797
speaker AndreyBarrientosCostaRica's score=-16405.945693852947
speaker Anniepoo's score=-13604.289153386608
speaker AT's score=-17001.78206233894
speaker BlindPilot's score=-16297.929980270232
speaker CNJ's score=-18299.857402490314
Detected as -  Anniepoo
Testing Audio :  AT-20130718-lws\wav\a0016.wav
speaker 1028's score=-17717.569768977053
speaker 1337ad's score=-19411.793491241588
speaker 1snoke's score=-17024.923673338388
speaker 23yipikaye's score=-18497.13044998986
speaker 2old2play's score=-20131.81415652003
speaker 314piwm's score=-18448.44833258254
speaker Aaron's score=-19682.47476720425
speaker AbdulMoiz's score=-16612.15499494789
speaker AdrianMcNear's score=-18013.535241941398
speaker Afshad's score=-17000.44561308418
speaker AJN's score=-18375.043236371876
speaker AndreyBarrientosCostaRica's score=-18107.12983294768
speaker Anniepoo's score=-16512.095464536436
speaker AT's score=-13434.383083673798
speaker BlindPilot's score=-17621.869348533422
speaker CNJ's score=-19543.50519197076
Detected as -  AT
Testing Audio :  AT-20130718-lws\wav\a0017.wav
speaker 1028's score=-18701.014208762437
speaker 1337ad's score=-20100.03505620181
speaker 1snoke's score=-18079.016817694435
speaker 23yipikaye's score=-19112.93700085049
speaker 2old2play's score=-21105.291706547967
speaker 314piwm's score=-18839.907270172385
speaker Aaron's score=-20256.254288814485
speaker AbdulMoiz's score=-17411.439486829622
speaker AdrianMcNear's score=-18921.938064951322
speaker Afshad's score=-17075.064466706106
speaker AJN's score=-18954.052930031758
speaker AndreyBarrientosCostaRica's score=-18474.010519739742
speaker Anniepoo's score=-16427.914430768225
speaker AT's score=-13899.919541180689
speaker BlindPilot's score=-17951.517164188263
speaker CNJ's score=-21269.27466857374
Detected as -  AT
Testing Audio :  AT-20130718-lws\wav\a0018.wav
speaker 1028's score=-10611.601181723066
speaker 1337ad's score=-11533.168477268237
speaker 1snoke's score=-10192.399344069174
speaker 23yipikaye's score=-10790.421057937745
speaker 2old2play's score=-12246.746807391211
speaker 314piwm's score=-11230.817124897965
speaker Aaron's score=-11789.547376734647
speaker AbdulMoiz's score=-9177.176845222513
speaker AdrianMcNear's score=-10573.180770336152
speaker Afshad's score=-10328.217601437758
speaker AJN's score=-11019.012509994289
speaker AndreyBarrientosCostaRica's score=-10821.135379688327
speaker Anniepoo's score=-9684.103415873406
speaker AT's score=-8534.462100366665
speaker BlindPilot's score=-10519.42885481581
speaker CNJ's score=-10647.532582708305
Detected as -  AT
Testing Audio :  AT-20130718-lws\wav\a0019.wav
speaker 1028's score=-15267.278372158624
speaker 1337ad's score=-16529.536821045345
speaker 1snoke's score=-15284.407780428986
speaker 23yipikaye's score=-16461.144261037436
speaker 2old2play's score=-17551.570984538303
speaker 314piwm's score=-16120.327342040771
speaker Aaron's score=-16691.9688021286
speaker AbdulMoiz's score=-15391.932207826536
speaker AdrianMcNear's score=-16294.185196653634
speaker Afshad's score=-15309.242416183464
speaker AJN's score=-15875.716976692862
speaker AndreyBarrientosCostaRica's score=-15802.393488423782
speaker Anniepoo's score=-15047.594737604937
speaker AT's score=-13594.935133806412
speaker BlindPilot's score=-15232.829049181128
speaker CNJ's score=-18003.900030524444
Detected as -  AT
Testing Audio :  AT-20130718-lws\wav\a0020.wav
speaker 1028's score=-14349.832025724707
speaker 1337ad's score=-16324.761957061544
speaker 1snoke's score=-14233.704561462866
speaker 23yipikaye's score=-15197.695812044438
speaker 2old2play's score=-16916.841147985557
speaker 314piwm's score=-14596.45886665912
speaker Aaron's score=-16579.734721063614
speaker AbdulMoiz's score=-14150.557418036577
speaker AdrianMcNear's score=-15007.12098666434
speaker Afshad's score=-14141.768372643732
speaker AJN's score=-14837.006324297226
speaker AndreyBarrientosCostaRica's score=-15190.232613014343
speaker Anniepoo's score=-13162.32567996205
speaker AT's score=-11513.936684440438
speaker BlindPilot's score=-14268.602441063833
speaker CNJ's score=-17368.233953255054
Detected as -  AT
Testing Audio :  BlindPilot-20100610-kko\wav\a0346.wav
speaker 1028's score=-13985.749183737427
speaker 1337ad's score=-13150.834674617363
speaker 1snoke's score=-12724.299283611785
speaker 23yipikaye's score=-13683.304433459989
speaker 2old2play's score=-13782.86884462048
speaker 314piwm's score=-14231.49778480971
speaker Aaron's score=-14874.449634375684
speaker AbdulMoiz's score=-11975.280572163383
speaker AdrianMcNear's score=-13172.726872218904
speaker Afshad's score=-13332.476580052527
speaker AJN's score=-12431.420561474268
speaker AndreyBarrientosCostaRica's score=-12992.295076540186
speaker Anniepoo's score=-13718.002366927394
speaker AT's score=-12608.710039939622
speaker BlindPilot's score=-10184.239829579805
speaker CNJ's score=-14259.67923872798
Detected as -  BlindPilot
Testing Audio :  BlindPilot-20100610-kko\wav\a0347.wav
speaker 1028's score=-21082.55974375434
speaker 1337ad's score=-21162.584158266764
speaker 1snoke's score=-20778.117787205774
speaker 23yipikaye's score=-22062.77558583093
speaker 2old2play's score=-21500.08646647668
speaker 314piwm's score=-21480.40416081536
speaker Aaron's score=-22175.62416548249
speaker AbdulMoiz's score=-20963.495057740616
speaker AdrianMcNear's score=-21411.64995693083
speaker Afshad's score=-20904.862191744865
speaker AJN's score=-19889.05546713864
speaker AndreyBarrientosCostaRica's score=-20726.272546768905
speaker Anniepoo's score=-21191.91912023203
speaker AT's score=-21930.747535451046
speaker BlindPilot's score=-17721.68833856734
speaker CNJ's score=-24080.2034057278
Detected as -  BlindPilot
Testing Audio :  BlindPilot-20100610-kko\wav\a0348.wav
speaker 1028's score=-12662.590282383559
speaker 1337ad's score=-13297.376296590584
speaker 1snoke's score=-12354.833277878392
speaker 23yipikaye's score=-13589.811069657433
speaker 2old2play's score=-13466.338541200705
speaker 314piwm's score=-13431.405897705157
speaker Aaron's score=-13915.095413566081
speaker AbdulMoiz's score=-11597.789247227009
speaker AdrianMcNear's score=-12535.104109935972
speaker Afshad's score=-13406.734218018692
speaker AJN's score=-11775.253014884223
speaker AndreyBarrientosCostaRica's score=-11932.37015522896
speaker Anniepoo's score=-14144.019608658764
speaker AT's score=-12984.809494770838
speaker BlindPilot's score=-9350.261308944873
speaker CNJ's score=-14725.665603741985
Detected as -  BlindPilot
Testing Audio :  BlindPilot-20100610-kko\wav\a0349.wav
speaker 1028's score=-15203.257667238711
speaker 1337ad's score=-15583.245896560662
speaker 1snoke's score=-15359.141388924862
speaker 23yipikaye's score=-16243.219449590604
speaker 2old2play's score=-15990.954159984984
speaker 314piwm's score=-15486.740703410516
speaker Aaron's score=-16427.09962978885
speaker AbdulMoiz's score=-15385.513396401439
speaker AdrianMcNear's score=-15536.670773985019
speaker Afshad's score=-15441.658893397698
speaker AJN's score=-13987.830545375775
speaker AndreyBarrientosCostaRica's score=-15293.061820382844
speaker Anniepoo's score=-16094.251469687728
speaker AT's score=-16843.553476881436
speaker BlindPilot's score=-12641.28394094661
speaker CNJ's score=-18239.715521642815
Detected as -  BlindPilot
Testing Audio :  BlindPilot-20100610-kko\wav\a0350.wav
speaker 1028's score=-16873.052720750835
speaker 1337ad's score=-16267.553603805409
speaker 1snoke's score=-16469.291996592707
speaker 23yipikaye's score=-17571.69548567151
speaker 2old2play's score=-17347.56210151977
speaker 314piwm's score=-17227.047525911745
speaker Aaron's score=-17435.05656860491
speaker AbdulMoiz's score=-16505.248549480428
speaker AdrianMcNear's score=-16850.52249118971
speaker Afshad's score=-16785.24457863261
speaker AJN's score=-15678.177733829325
speaker AndreyBarrientosCostaRica's score=-16133.617973706212
speaker Anniepoo's score=-17276.682274758372
speaker AT's score=-17593.598694903194
speaker BlindPilot's score=-13697.319746352136
speaker CNJ's score=-19398.859754179975
Detected as -  BlindPilot
Testing Audio :  CNJ-20120417-jbe\wav\ar-11.wav
speaker 1028's score=-28602.305976420226
speaker 1337ad's score=-29154.320931725546
speaker 1snoke's score=-26216.901564574728
speaker 23yipikaye's score=-27298.332543809305
speaker 2old2play's score=-25075.25720962567
speaker 314piwm's score=-29623.00211251109
speaker Aaron's score=-33538.92938674033
speaker AbdulMoiz's score=-26414.97436991327
speaker AdrianMcNear's score=-24518.283288290906
speaker Afshad's score=-27119.739008857483
speaker AJN's score=-27461.635645106944
speaker AndreyBarrientosCostaRica's score=-26125.37452711501
speaker Anniepoo's score=-25656.909690062497
speaker AT's score=-29558.572930687704
speaker BlindPilot's score=-26781.446775162538
speaker CNJ's score=-15604.49675155439
Detected as -  CNJ
Testing Audio :  CNJ-20120417-jbe\wav\ar-12.wav
speaker 1028's score=-23621.012311109196
speaker 1337ad's score=-23865.607240205718
speaker 1snoke's score=-21358.87427263632
speaker 23yipikaye's score=-22895.14299209445
speaker 2old2play's score=-21061.914339798772
speaker 314piwm's score=-24834.951396130557
speaker Aaron's score=-28610.15144659553
speaker AbdulMoiz's score=-21469.90425643493
speaker AdrianMcNear's score=-19780.100227599298
speaker Afshad's score=-22408.437151118476
speaker AJN's score=-22645.69375294273
speaker AndreyBarrientosCostaRica's score=-21201.62949903543
speaker Anniepoo's score=-21508.230083667637
speaker AT's score=-24813.369928809956
speaker BlindPilot's score=-22038.067858981878
speaker CNJ's score=-12549.185113413107
Detected as -  CNJ
Testing Audio :  CNJ-20120417-jbe\wav\ar-13.wav
speaker 1028's score=-21805.264867060836
speaker 1337ad's score=-21872.679927779573
speaker 1snoke's score=-19268.712698086656
speaker 23yipikaye's score=-20874.13241346981
speaker 2old2play's score=-19165.196099670044
speaker 314piwm's score=-22606.380479146803
speaker Aaron's score=-25652.92153671578
speaker AbdulMoiz's score=-19467.913255235802
speaker AdrianMcNear's score=-17995.58610523906
speaker Afshad's score=-20542.218948201415
speaker AJN's score=-20459.427516978263
speaker AndreyBarrientosCostaRica's score=-19172.37544456913
speaker Anniepoo's score=-19105.196549218046
speaker AT's score=-21174.341612534943
speaker BlindPilot's score=-19803.309247244793
speaker CNJ's score=-10677.10987628327
Detected as -  CNJ
Testing Audio :  CNJ-20120417-jbe\wav\ar-14.wav
speaker 1028's score=-29998.84927715035
speaker 1337ad's score=-29772.687732453458
speaker 1snoke's score=-27671.30166944486
speaker 23yipikaye's score=-29702.099533362023
speaker 2old2play's score=-27918.160448010563
speaker 314piwm's score=-31657.89754017566
speaker Aaron's score=-35392.43687352099
speaker AbdulMoiz's score=-26514.83382657059
speaker AdrianMcNear's score=-25401.340808116824
speaker Afshad's score=-29496.42725007423
speaker AJN's score=-27782.121084813378
speaker AndreyBarrientosCostaRica's score=-26799.33561540642
speaker Anniepoo's score=-28904.12235421341
speaker AT's score=-28673.950465157868
speaker BlindPilot's score=-27765.894937339497
speaker CNJ's score=-17144.25405296225
Detected as -  CNJ
Testing Audio :  CNJ-20120417-jbe\wav\ar-15.wav
speaker 1028's score=-27371.124260542023
speaker 1337ad's score=-26898.131765498212
speaker 1snoke's score=-24836.252197000955
speaker 23yipikaye's score=-26905.41961174475
speaker 2old2play's score=-24840.48854344477
speaker 314piwm's score=-28265.39060502477
speaker Aaron's score=-32446.288718454878
speaker AbdulMoiz's score=-24768.622072681348
speaker AdrianMcNear's score=-24038.73977930014
speaker Afshad's score=-27544.064478693916
speaker AJN's score=-25212.74078478293
speaker AndreyBarrientosCostaRica's score=-25403.468859924287
speaker Anniepoo's score=-25855.649029319116
speaker AT's score=-24797.033558204188
speaker BlindPilot's score=-25727.694737961647
speaker CNJ's score=-14803.05447862866
Detected as -  CNJ
error = 2 total sample= 80.0
The Accuracy Percentage for the current testing Performance with MFCC + GMM is :  97.5 %
time cost 83.67340898513794 s
