Testing Audio :  1028-20100710-hne\wav\ar-06.wav
speaker 1028's score=-13069.902382636948
speaker 1337ad's score=-10704.765607660118
speaker 1snoke's score=-12069.031389680322
speaker 23yipikaye's score=-12471.33589393596
speaker 2old2play's score=-13273.313460163634
speaker 314piwm's score=-12598.872249000457
speaker Aaron's score=-14547.00717019227
speaker AbdulMoiz's score=-12262.151178423692
speaker AdrianMcNear's score=-11856.510771742549
speaker Afshad's score=-10434.381272208473
speaker AJN's score=-11359.237447225034
speaker AndreyBarrientosCostaRica's score=-12572.125886775262
speaker Anniepoo's score=-11918.183288203738
speaker AT's score=-13941.114618359257
speaker BlindPilot's score=-12099.1831391328
speaker CNJ's score=-15517.633848571464
Detected as -  Afshad
Testing Audio :  1028-20100710-hne\wav\ar-07.wav
speaker 1028's score=-16085.571954334751
speaker 1337ad's score=-13433.282757453982
speaker 1snoke's score=-14702.922370187038
speaker 23yipikaye's score=-15356.585723731932
speaker 2old2play's score=-16488.598000134494
speaker 314piwm's score=-15471.05840508208
speaker Aaron's score=-17693.459910978665
speaker AbdulMoiz's score=-15205.050089297063
speaker AdrianMcNear's score=-14690.589566795668
speaker Afshad's score=-12545.029208382828
speaker AJN's score=-13963.129198242317
speaker AndreyBarrientosCostaRica's score=-15621.896272754493
speaker Anniepoo's score=-14190.293418261097
speaker AT's score=-16316.200427825004
speaker BlindPilot's score=-14711.338430472875
speaker CNJ's score=-18696.875162462922
Detected as -  Afshad
Testing Audio :  1028-20100710-hne\wav\rp-29.wav
speaker 1028's score=-15298.89336453419
speaker 1337ad's score=-12469.026121550287
speaker 1snoke's score=-13946.076617021172
speaker 23yipikaye's score=-14650.854865233046
speaker 2old2play's score=-15579.821751366917
speaker 314piwm's score=-14622.370795955914
speaker Aaron's score=-16875.087318078793
speaker AbdulMoiz's score=-14458.296425037277
speaker AdrianMcNear's score=-13883.31813209087
speaker Afshad's score=-11721.35383509701
speaker AJN's score=-12966.12032186906
speaker AndreyBarrientosCostaRica's score=-14578.597494312662
speaker Anniepoo's score=-13500.8324638792
speaker AT's score=-15572.656534007478
speaker BlindPilot's score=-13845.905243588022
speaker CNJ's score=-17722.02394896211
Detected as -  Afshad
Testing Audio :  1028-20100710-hne\wav\rp-30.wav
speaker 1028's score=-19016.809276454296
speaker 1337ad's score=-15429.594127523813
speaker 1snoke's score=-17766.204443567025
speaker 23yipikaye's score=-18316.481105751896
speaker 2old2play's score=-19160.97394961793
speaker 314piwm's score=-18188.270650882012
speaker Aaron's score=-20997.32952285042
speaker AbdulMoiz's score=-18158.322028025483
speaker AdrianMcNear's score=-17275.478095323757
speaker Afshad's score=-15220.081025493919
speaker AJN's score=-16530.33512978057
speaker AndreyBarrientosCostaRica's score=-18083.231173917833
speaker Anniepoo's score=-17191.819021331026
speaker AT's score=-20395.991168933222
speaker BlindPilot's score=-17478.275526810943
speaker CNJ's score=-22316.462191035294
Detected as -  Afshad
Testing Audio :  1028-20100710-hne\wav\rp-31.wav
speaker 1028's score=-11974.52429027555
speaker 1337ad's score=-10476.000184707635
speaker 1snoke's score=-10356.488685680317
speaker 23yipikaye's score=-11027.81645111263
speaker 2old2play's score=-12370.891579285384
speaker 314piwm's score=-11551.805541149566
speaker Aaron's score=-13223.068261752636
speaker AbdulMoiz's score=-10781.673824574355
speaker AdrianMcNear's score=-10853.4863949283
speaker Afshad's score=-8122.662921812603
speaker AJN's score=-10100.054762080304
speaker AndreyBarrientosCostaRica's score=-11927.807736945364
speaker Anniepoo's score=-10027.129231126413
speaker AT's score=-11052.02529341865
speaker BlindPilot's score=-10506.614824626287
speaker CNJ's score=-13897.707566989528
Detected as -  Afshad
Testing Audio :  1337ad-20170321-tkg\wav\en-0731.wav
speaker 1028's score=-11729.172050317738
speaker 1337ad's score=-9972.496708539986
speaker 1snoke's score=-11039.319163234852
speaker 23yipikaye's score=-11509.724249879982
speaker 2old2play's score=-11921.899137652297
speaker 314piwm's score=-11301.669120814326
speaker Aaron's score=-12836.500608310289
speaker AbdulMoiz's score=-11189.620940241066
speaker AdrianMcNear's score=-10950.42669353258
speaker Afshad's score=-9853.141321232426
speaker AJN's score=-10164.429139418578
speaker AndreyBarrientosCostaRica's score=-11415.536252806909
speaker Anniepoo's score=-10766.80342470609
speaker AT's score=-12624.349167423889
speaker BlindPilot's score=-11036.969281117315
speaker CNJ's score=-13326.98435532067
Detected as -  Afshad
Testing Audio :  1337ad-20170321-tkg\wav\en-0732.wav
speaker 1028's score=-16087.692674626525
speaker 1337ad's score=-13600.046882901312
speaker 1snoke's score=-14666.708630141946
speaker 23yipikaye's score=-15484.212121587327
speaker 2old2play's score=-16154.912004207748
speaker 314piwm's score=-15530.115416010649
speaker Aaron's score=-17480.765800125104
speaker AbdulMoiz's score=-14881.167905485629
speaker AdrianMcNear's score=-14957.683147262438
speaker Afshad's score=-13017.145439262942
speaker AJN's score=-13473.791434120934
speaker AndreyBarrientosCostaRica's score=-15688.695227680857
speaker Anniepoo's score=-14460.242198123957
speaker AT's score=-16393.246756361325
speaker BlindPilot's score=-14451.858904584096
speaker CNJ's score=-17684.223681572512
Detected as -  Afshad
Testing Audio :  1337ad-20170321-tkg\wav\en-0733.wav
speaker 1028's score=-18365.50669864101
speaker 1337ad's score=-15178.318834369853
speaker 1snoke's score=-17819.787738258416
speaker 23yipikaye's score=-18023.674995355468
speaker 2old2play's score=-18372.686908053896
speaker 314piwm's score=-17868.57189659606
speaker Aaron's score=-19957.12218822033
speaker AbdulMoiz's score=-17689.53348286324
speaker AdrianMcNear's score=-17162.867452749575
speaker Afshad's score=-15653.464566218809
speaker AJN's score=-16472.04008151915
speaker AndreyBarrientosCostaRica's score=-17654.26066034331
speaker Anniepoo's score=-17249.95144074107
speaker AT's score=-19561.155844406072
speaker BlindPilot's score=-17520.506084314904
speaker CNJ's score=-20898.50556417409
Detected as -  1337ad
Testing Audio :  1337ad-20170321-tkg\wav\en-0734.wav
speaker 1028's score=-19948.42693760598
speaker 1337ad's score=-16054.220201141537
speaker 1snoke's score=-19593.974635910847
speaker 23yipikaye's score=-19617.28492420495
speaker 2old2play's score=-19876.397831998675
speaker 314piwm's score=-19346.320945998737
speaker Aaron's score=-21950.572722326513
speaker AbdulMoiz's score=-19299.967290726978
speaker AdrianMcNear's score=-18635.22782355178
speaker Afshad's score=-17074.56981676497
speaker AJN's score=-18045.768154587873
speaker AndreyBarrientosCostaRica's score=-19194.686663858047
speaker Anniepoo's score=-18982.97145647458
speaker AT's score=-21432.805577264964
speaker BlindPilot's score=-18655.826130765392
speaker CNJ's score=-22943.348600798756
Detected as -  1337ad
Testing Audio :  1337ad-20170321-tkg\wav\en-0735.wav
speaker 1028's score=-16651.05247791565
speaker 1337ad's score=-13748.067853129258
speaker 1snoke's score=-15773.57302026499
speaker 23yipikaye's score=-16078.459329358193
speaker 2old2play's score=-16681.291451552956
speaker 314piwm's score=-16210.531767663171
speaker Aaron's score=-18081.94050798913
speaker AbdulMoiz's score=-15615.793878214517
speaker AdrianMcNear's score=-15482.618556680656
speaker Afshad's score=-14075.494830407242
speaker AJN's score=-14651.098064919037
speaker AndreyBarrientosCostaRica's score=-16118.68108254268
speaker Anniepoo's score=-15327.911275571347
speaker AT's score=-17577.122160178253
speaker BlindPilot's score=-15148.948746535962
speaker CNJ's score=-18484.99889879198
Detected as -  1337ad
Testing Audio :  1snoke-20120412-hge\wav\a0410.wav
speaker 1028's score=-20460.160239670964
speaker 1337ad's score=-17422.034818240292
speaker 1snoke's score=-18893.264104592527
speaker 23yipikaye's score=-19656.88399175065
speaker 2old2play's score=-20943.081386681613
speaker 314piwm's score=-19716.571819694793
speaker Aaron's score=-22423.41892074629
speaker AbdulMoiz's score=-19466.577552570325
speaker AdrianMcNear's score=-18711.104013931144
speaker Afshad's score=-16135.332534220315
speaker AJN's score=-17989.846256302746
speaker AndreyBarrientosCostaRica's score=-19596.95966457744
speaker Anniepoo's score=-18313.11167275523
speaker AT's score=-21178.882125758253
speaker BlindPilot's score=-18937.9731095462
speaker CNJ's score=-23274.922457068053
Detected as -  Afshad
Testing Audio :  1snoke-20120412-hge\wav\a0411.wav
speaker 1028's score=-21595.912804399944
speaker 1337ad's score=-18281.008223526485
speaker 1snoke's score=-19726.25278138212
speaker 23yipikaye's score=-20484.337765436823
speaker 2old2play's score=-21962.8125169848
speaker 314piwm's score=-20600.840199956536
speaker Aaron's score=-23852.672117175447
speaker AbdulMoiz's score=-20390.05718744481
speaker AdrianMcNear's score=-19728.9691691916
speaker Afshad's score=-16670.116541052244
speaker AJN's score=-18679.66025120353
speaker AndreyBarrientosCostaRica's score=-20879.669747238855
speaker Anniepoo's score=-19249.88524551097
speaker AT's score=-21630.282909244484
speaker BlindPilot's score=-19474.467280991434
speaker CNJ's score=-24725.69785013011
Detected as -  Afshad
Testing Audio :  1snoke-20120412-hge\wav\a0412.wav
speaker 1028's score=-16242.229551391349
speaker 1337ad's score=-13971.533028192596
speaker 1snoke's score=-14377.981152070333
speaker 23yipikaye's score=-14998.526738298426
speaker 2old2play's score=-16696.95258121317
speaker 314piwm's score=-15613.775881638781
speaker Aaron's score=-17890.00870993745
speaker AbdulMoiz's score=-14854.75872476228
speaker AdrianMcNear's score=-14765.050339376305
speaker Afshad's score=-11335.629954354636
speaker AJN's score=-13755.627530077254
speaker AndreyBarrientosCostaRica's score=-15801.54468960395
speaker Anniepoo's score=-13963.11413239704
speaker AT's score=-15131.313158268573
speaker BlindPilot's score=-14376.56016975826
speaker CNJ's score=-18659.11417189109
Detected as -  Afshad
Testing Audio :  1snoke-20120412-hge\wav\a0413.wav
speaker 1028's score=-16329.855827191808
speaker 1337ad's score=-14229.124930471027
speaker 1snoke's score=-14214.086167916159
speaker 23yipikaye's score=-14907.816683399073
speaker 2old2play's score=-16818.256046371826
speaker 314piwm's score=-15716.343224880053
speaker Aaron's score=-17998.810343676152
speaker AbdulMoiz's score=-14738.87212084777
speaker AdrianMcNear's score=-14820.048778302713
speaker Afshad's score=-10696.366172160035
speaker AJN's score=-13516.92420882768
speaker AndreyBarrientosCostaRica's score=-16143.519899785091
speaker Anniepoo's score=-13734.071316267245
speaker AT's score=-14812.07523725755
speaker BlindPilot's score=-14204.230049605108
speaker CNJ's score=-18405.98673143612
Detected as -  Afshad
Testing Audio :  1snoke-20120412-hge\wav\a0414.wav
speaker 1028's score=-14766.430002748395
speaker 1337ad's score=-13100.335077672322
speaker 1snoke's score=-12844.84436135535
speaker 23yipikaye's score=-13477.681363628293
speaker 2old2play's score=-15225.113422682873
speaker 314piwm's score=-14286.205470125486
speaker Aaron's score=-16298.240694758157
speaker AbdulMoiz's score=-13353.13242055228
speaker AdrianMcNear's score=-13541.006342226334
speaker Afshad's score=-9690.672442318992
speaker AJN's score=-12230.149089352857
speaker AndreyBarrientosCostaRica's score=-14743.084552598692
speaker Anniepoo's score=-12471.190856496221
speaker AT's score=-13228.80432070532
speaker BlindPilot's score=-12999.999035878358
speaker CNJ's score=-16832.531595643864
Detected as -  Afshad
Testing Audio :  23yipikaye-20100807-ujm\wav\b0317.wav
speaker 1028's score=-20631.511412134852
speaker 1337ad's score=-17938.03686805388
speaker 1snoke's score=-19030.66085358943
speaker 23yipikaye's score=-19691.76145451948
speaker 2old2play's score=-21620.630985025156
speaker 314piwm's score=-20377.526213473284
speaker Aaron's score=-22857.39272951227
speaker AbdulMoiz's score=-19379.81652076717
speaker AdrianMcNear's score=-19258.139317186356
speaker Afshad's score=-16395.495579395316
speaker AJN's score=-17967.33215544073
speaker AndreyBarrientosCostaRica's score=-20434.156591578227
speaker Anniepoo's score=-18384.90893253941
speaker AT's score=-21193.14332820833
speaker BlindPilot's score=-18941.767959717887
speaker CNJ's score=-23611.149655944595
Detected as -  Afshad
Testing Audio :  23yipikaye-20100807-ujm\wav\b0318.wav
speaker 1028's score=-13564.398182864583
speaker 1337ad's score=-11631.56547082367
speaker 1snoke's score=-11640.277152877847
speaker 23yipikaye's score=-12346.728764401625
speaker 2old2play's score=-14215.187412518673
speaker 314piwm's score=-12971.639000705403
speaker Aaron's score=-15048.529338743148
speaker AbdulMoiz's score=-12181.707626119092
speaker AdrianMcNear's score=-12511.146112212806
speaker Afshad's score=-9162.067010915685
speaker AJN's score=-11067.508201588429
speaker AndreyBarrientosCostaRica's score=-13669.929316858885
speaker Anniepoo's score=-11029.797606301778
speaker AT's score=-11875.275240122637
speaker BlindPilot's score=-11795.087628157416
speaker CNJ's score=-15176.482277431782
Detected as -  Afshad
Testing Audio :  23yipikaye-20100807-ujm\wav\b0319.wav
speaker 1028's score=-17857.74108862542
speaker 1337ad's score=-14994.930898726676
speaker 1snoke's score=-15576.575747898973
speaker 23yipikaye's score=-16223.97460001046
speaker 2old2play's score=-18224.806993368562
speaker 314piwm's score=-17118.63472752893
speaker Aaron's score=-19722.759965763067
speaker AbdulMoiz's score=-16015.344213972145
speaker AdrianMcNear's score=-16055.767110514802
speaker Afshad's score=-12332.321371061098
speaker AJN's score=-14946.872443596989
speaker AndreyBarrientosCostaRica's score=-17836.162937276582
speaker Anniepoo's score=-14917.995750858903
speaker AT's score=-17052.19185547943
speaker BlindPilot's score=-15768.38936768283
speaker CNJ's score=-20372.676441455733
Detected as -  Afshad
Testing Audio :  23yipikaye-20100807-ujm\wav\b0320.wav
speaker 1028's score=-21117.23714038339
speaker 1337ad's score=-18182.607545101488
speaker 1snoke's score=-20041.073250751135
speaker 23yipikaye's score=-20975.458107262384
speaker 2old2play's score=-21855.178557723768
speaker 314piwm's score=-20618.109873783127
speaker Aaron's score=-23258.49403161511
speaker AbdulMoiz's score=-20324.718114730684
speaker AdrianMcNear's score=-19821.317807906205
speaker Afshad's score=-17714.47646975597
speaker AJN's score=-18965.29387669189
speaker AndreyBarrientosCostaRica's score=-20669.3510680696
speaker Anniepoo's score=-19300.253845692394
speaker AT's score=-22460.76490652248
speaker BlindPilot's score=-19940.218875940493
speaker CNJ's score=-23984.700014202117
Detected as -  Afshad
Testing Audio :  23yipikaye-20100807-ujm\wav\b0321.wav
speaker 1028's score=-15401.316371160137
speaker 1337ad's score=-12952.260012165492
speaker 1snoke's score=-14178.810543018422
speaker 23yipikaye's score=-14750.665051013864
speaker 2old2play's score=-15812.360470384474
speaker 314piwm's score=-14965.221925371152
speaker Aaron's score=-17132.72369949524
speaker AbdulMoiz's score=-14421.195634652704
speaker AdrianMcNear's score=-14127.569105424858
speaker Afshad's score=-12008.42689575881
speaker AJN's score=-13412.061746672509
speaker AndreyBarrientosCostaRica's score=-15285.133877174725
speaker Anniepoo's score=-13627.49165679055
speaker AT's score=-16018.000041217514
speaker BlindPilot's score=-14242.690625968678
speaker CNJ's score=-17479.29539784847
Detected as -  Afshad
Testing Audio :  2old2play-20110606-hcn\wav\a0298.wav
speaker 1028's score=-23225.328955476798
speaker 1337ad's score=-19761.488027579377
speaker 1snoke's score=-22638.179452068813
speaker 23yipikaye's score=-23042.0004281118
speaker 2old2play's score=-22986.1090246537
speaker 314piwm's score=-22659.558870604425
speaker Aaron's score=-24582.421633115497
speaker AbdulMoiz's score=-21566.611201616466
speaker AdrianMcNear's score=-21977.04759561958
speaker Afshad's score=-20271.628966126016
speaker AJN's score=-20784.749560367236
speaker AndreyBarrientosCostaRica's score=-21642.50913236093
speaker Anniepoo's score=-21712.574184412442
speaker AT's score=-24119.44888726035
speaker BlindPilot's score=-21500.868365395934
speaker CNJ's score=-25218.6388017765
Detected as -  1337ad
Testing Audio :  2old2play-20110606-hcn\wav\a0299.wav
speaker 1028's score=-18506.009520863023
speaker 1337ad's score=-15974.010988379885
speaker 1snoke's score=-17972.464114497503
speaker 23yipikaye's score=-18517.02367700872
speaker 2old2play's score=-18223.90054554149
speaker 314piwm's score=-17892.887741175597
speaker Aaron's score=-19587.574520393042
speaker AbdulMoiz's score=-17338.548647703465
speaker AdrianMcNear's score=-17627.084835935886
speaker Afshad's score=-16317.822490065508
speaker AJN's score=-16646.03564832756
speaker AndreyBarrientosCostaRica's score=-17238.491625870083
speaker Anniepoo's score=-17481.226700535994
speaker AT's score=-19119.922143598415
speaker BlindPilot's score=-17346.381679425092
speaker CNJ's score=-20069.508394871256
Detected as -  1337ad
Testing Audio :  2old2play-20110606-hcn\wav\a0300.wav
speaker 1028's score=-18551.97845822868
speaker 1337ad's score=-16134.246185808865
speaker 1snoke's score=-17804.607480221413
speaker 23yipikaye's score=-18529.09072966451
speaker 2old2play's score=-18458.704333345977
speaker 314piwm's score=-17878.8092884781
speaker Aaron's score=-19784.07078722744
speaker AbdulMoiz's score=-17005.08312628762
speaker AdrianMcNear's score=-17612.992060021883
speaker Afshad's score=-16143.528082852183
speaker AJN's score=-16571.489275588203
speaker AndreyBarrientosCostaRica's score=-17379.531040939997
speaker Anniepoo's score=-17294.529040523004
speaker AT's score=-19717.669359767326
speaker BlindPilot's score=-17216.58868052493
speaker CNJ's score=-20274.09131459371
Detected as -  1337ad
Testing Audio :  2old2play-20110606-hcn\wav\a0301.wav
speaker 1028's score=-13938.465116314259
speaker 1337ad's score=-12331.9007081995
speaker 1snoke's score=-12940.407051330872
speaker 23yipikaye's score=-13675.885226799037
speaker 2old2play's score=-14048.994551571413
speaker 314piwm's score=-13334.614807450063
speaker Aaron's score=-15225.41337981862
speaker AbdulMoiz's score=-12652.456932356194
speaker AdrianMcNear's score=-13071.944409677912
speaker Afshad's score=-11666.621260507078
speaker AJN's score=-12125.324585049746
speaker AndreyBarrientosCostaRica's score=-13435.889521994715
speaker Anniepoo's score=-12655.866409822653
speaker AT's score=-14929.027121144332
speaker BlindPilot's score=-12948.38895161531
speaker CNJ's score=-15372.564364642103
Detected as -  Afshad
Testing Audio :  2old2play-20110606-hcn\wav\a0302.wav
speaker 1028's score=-18819.020329042807
speaker 1337ad's score=-16429.243414395438
speaker 1snoke's score=-18191.374025950507
speaker 23yipikaye's score=-18642.29955469197
speaker 2old2play's score=-18704.290170567518
speaker 314piwm's score=-18370.03175909884
speaker Aaron's score=-19731.944549945918
speaker AbdulMoiz's score=-17375.561316538755
speaker AdrianMcNear's score=-17950.703546613553
speaker Afshad's score=-16467.053860715212
speaker AJN's score=-16745.88582420055
speaker AndreyBarrientosCostaRica's score=-17556.387728887086
speaker Anniepoo's score=-17374.641852054396
speaker AT's score=-19287.99861276596
speaker BlindPilot's score=-17384.142179359613
speaker CNJ's score=-20425.026626089242
Detected as -  1337ad
Testing Audio :  314piwm-20130617-xuo\wav\b0249.wav
speaker 1028's score=-11969.852496922087
speaker 1337ad's score=-9942.374691105813
speaker 1snoke's score=-10948.777014033916
speaker 23yipikaye's score=-11411.41988797976
speaker 2old2play's score=-11825.451132532427
speaker 314piwm's score=-11437.911393387581
speaker Aaron's score=-12989.808659955754
speaker AbdulMoiz's score=-11012.250507943196
speaker AdrianMcNear's score=-10828.83392005802
speaker Afshad's score=-9552.019129478298
speaker AJN's score=-10159.18278822968
speaker AndreyBarrientosCostaRica's score=-11447.6825357079
speaker Anniepoo's score=-10621.657727832073
speaker AT's score=-12393.927119645296
speaker BlindPilot's score=-11035.956081820594
speaker CNJ's score=-13339.277203994403
Detected as -  Afshad
Testing Audio :  314piwm-20130617-xuo\wav\b0250.wav
speaker 1028's score=-16318.898858369386
speaker 1337ad's score=-13083.663323405253
speaker 1snoke's score=-15385.638088333464
speaker 23yipikaye's score=-15658.407416345377
speaker 2old2play's score=-16223.89055785978
speaker 314piwm's score=-15798.810255983926
speaker Aaron's score=-17921.505970539423
speaker AbdulMoiz's score=-15277.701827999697
speaker AdrianMcNear's score=-14922.75004133665
speaker Afshad's score=-13312.525292051112
speaker AJN's score=-14307.539846288568
speaker AndreyBarrientosCostaRica's score=-15677.8330436789
speaker Anniepoo's score=-15127.986793466393
speaker AT's score=-16911.817389097843
speaker BlindPilot's score=-15258.16746108775
speaker CNJ's score=-18199.929473142758
Detected as -  1337ad
Testing Audio :  314piwm-20130617-xuo\wav\b0251.wav
speaker 1028's score=-16821.524793405624
speaker 1337ad's score=-13908.113288412565
speaker 1snoke's score=-15276.770371546854
speaker 23yipikaye's score=-16076.507656233927
speaker 2old2play's score=-16396.665237081645
speaker 314piwm's score=-16049.379479208334
speaker Aaron's score=-18058.92455961956
speaker AbdulMoiz's score=-15405.601073124268
speaker AdrianMcNear's score=-15290.755248261547
speaker Afshad's score=-13503.351466533204
speaker AJN's score=-14301.214107195152
speaker AndreyBarrientosCostaRica's score=-16155.94012348669
speaker Anniepoo's score=-14916.936158773353
speaker AT's score=-17133.108522319835
speaker BlindPilot's score=-15554.718629979785
speaker CNJ's score=-18055.726212578506
Detected as -  Afshad
Testing Audio :  314piwm-20130617-xuo\wav\b0252.wav
speaker 1028's score=-17063.333739424703
speaker 1337ad's score=-13553.082787841257
speaker 1snoke's score=-16384.354096946594
speaker 23yipikaye's score=-16573.206214435653
speaker 2old2play's score=-16761.543844775682
speaker 314piwm's score=-16520.475232900233
speaker Aaron's score=-19021.5559901055
speaker AbdulMoiz's score=-16137.7706900496
speaker AdrianMcNear's score=-15586.150830670756
speaker Afshad's score=-14183.027908864471
speaker AJN's score=-15030.12655593421
speaker AndreyBarrientosCostaRica's score=-16389.88740484207
speaker Anniepoo's score=-16343.629589737739
speaker AT's score=-17763.65256306502
speaker BlindPilot's score=-15839.68588952734
speaker CNJ's score=-19437.646834589774
Detected as -  1337ad
Testing Audio :  314piwm-20130617-xuo\wav\b0253.wav
speaker 1028's score=-16879.780452862266
speaker 1337ad's score=-13386.088146736309
speaker 1snoke's score=-16009.179523383504
speaker 23yipikaye's score=-16433.18164137776
speaker 2old2play's score=-16616.86635364889
speaker 314piwm's score=-16339.421650891865
speaker Aaron's score=-18203.890996014812
speaker AbdulMoiz's score=-15717.543494210959
speaker AdrianMcNear's score=-15549.47690475738
speaker Afshad's score=-14259.948372562474
speaker AJN's score=-14865.292714638745
speaker AndreyBarrientosCostaRica's score=-16132.907147569951
speaker Anniepoo's score=-15531.356218293004
speaker AT's score=-17562.33327076696
speaker BlindPilot's score=-15721.09438754385
speaker CNJ's score=-18780.5775714243
Detected as -  1337ad
Testing Audio :  Aaron-20080318-kdl\wav\b0024.wav
speaker 1028's score=-11795.054033521368
speaker 1337ad's score=-9579.37038890009
speaker 1snoke's score=-10940.22605527717
speaker 23yipikaye's score=-11356.905365413519
speaker 2old2play's score=-11870.872665936822
speaker 314piwm's score=-11313.149691483675
speaker Aaron's score=-13087.618120948344
speaker AbdulMoiz's score=-11203.428582112352
speaker AdrianMcNear's score=-10684.97671678488
speaker Afshad's score=-9374.653453851071
speaker AJN's score=-10306.880292879887
speaker AndreyBarrientosCostaRica's score=-11402.99581446253
speaker Anniepoo's score=-10572.566686382786
speaker AT's score=-11991.390966918052
speaker BlindPilot's score=-10820.812817977134
speaker CNJ's score=-13728.312594134706
Detected as -  Afshad
Testing Audio :  Aaron-20080318-kdl\wav\b0025.wav
speaker 1028's score=-9941.039542311253
speaker 1337ad's score=-8968.703618505231
speaker 1snoke's score=-8404.844801712286
speaker 23yipikaye's score=-8918.103144906701
speaker 2old2play's score=-10395.632662617892
speaker 314piwm's score=-9646.797577283702
speaker Aaron's score=-10990.450026464681
speaker AbdulMoiz's score=-8730.472859365425
speaker AdrianMcNear's score=-9147.671007096851
speaker Afshad's score=-5741.146689856226
speaker AJN's score=-8027.340712058778
speaker AndreyBarrientosCostaRica's score=-10002.682838675193
speaker Anniepoo's score=-7965.569376277518
speaker AT's score=-8524.633092351982
speaker BlindPilot's score=-8636.271737560966
speaker CNJ's score=-11148.510351783458
Detected as -  Afshad
Testing Audio :  Aaron-20080318-kdl\wav\b0026.wav
speaker 1028's score=-10262.821620508454
speaker 1337ad's score=-8126.878764721998
speaker 1snoke's score=-9901.809971808
speaker 23yipikaye's score=-10063.359498125224
speaker 2old2play's score=-10305.129671459708
speaker 314piwm's score=-9968.700079992344
speaker Aaron's score=-11270.568542202323
speaker AbdulMoiz's score=-9829.200398768426
speaker AdrianMcNear's score=-9443.244050842894
speaker Afshad's score=-8566.953562472127
speaker AJN's score=-9108.815962229106
speaker AndreyBarrientosCostaRica's score=-9755.528754373025
speaker Anniepoo's score=-9659.900677067075
speaker AT's score=-11227.860627840613
speaker BlindPilot's score=-9700.826802958738
speaker CNJ's score=-12204.580527207832
Detected as -  1337ad
Testing Audio :  Aaron-20080318-kdl\wav\b0027.wav
speaker 1028's score=-14114.069066828466
speaker 1337ad's score=-10980.7296081112
speaker 1snoke's score=-13282.708499967954
speaker 23yipikaye's score=-13629.03057734518
speaker 2old2play's score=-13871.840391919315
speaker 314piwm's score=-13636.467198651753
speaker Aaron's score=-15373.239697609579
speaker AbdulMoiz's score=-13339.234096769853
speaker AdrianMcNear's score=-12841.407621916693
speaker Afshad's score=-11298.087980952181
speaker AJN's score=-12079.509182041507
speaker AndreyBarrientosCostaRica's score=-13297.475773331653
speaker Anniepoo's score=-12896.845776158902
speaker AT's score=-14674.95461206659
speaker BlindPilot's score=-12935.364315537994
speaker CNJ's score=-16503.42817929666
Detected as -  1337ad
Testing Audio :  Aaron-20080318-kdl\wav\b0028.wav
speaker 1028's score=-13637.744726993322
speaker 1337ad's score=-11386.00778199517
speaker 1snoke's score=-12679.536608064045
speaker 23yipikaye's score=-13237.631280390146
speaker 2old2play's score=-13726.415669732516
speaker 314piwm's score=-13210.389823702957
speaker Aaron's score=-14776.154117176822
speaker AbdulMoiz's score=-12666.903602164713
speaker AdrianMcNear's score=-12547.79021086024
speaker Afshad's score=-11059.726270666839
speaker AJN's score=-11879.903788966601
speaker AndreyBarrientosCostaRica's score=-12889.128524854797
speaker Anniepoo's score=-12389.016172733207
speaker AT's score=-13871.668961674688
speaker BlindPilot's score=-12542.954293096282
speaker CNJ's score=-15858.083051107864
Detected as -  Afshad
Testing Audio :  AbdulMoiz-20121010-juf\wav\a0291.wav
speaker 1028's score=-25832.26627158006
speaker 1337ad's score=-23598.898494637466
speaker 1snoke's score=-23491.616301717917
speaker 23yipikaye's score=-24734.92306540015
speaker 2old2play's score=-26394.20331917163
speaker 314piwm's score=-24919.889577947335
speaker Aaron's score=-28421.78451779197
speaker AbdulMoiz's score=-24580.95220550238
speaker AdrianMcNear's score=-24347.300186755856
speaker Afshad's score=-19526.957467268774
speaker AJN's score=-21754.197872724733
speaker AndreyBarrientosCostaRica's score=-25587.474152387986
speaker Anniepoo's score=-21903.609678180743
speaker AT's score=-25156.9983009739
speaker BlindPilot's score=-23826.588826391293
speaker CNJ's score=-27880.25567974501
Detected as -  Afshad
Testing Audio :  AbdulMoiz-20121010-juf\wav\a0292.wav
speaker 1028's score=-20577.480350794467
speaker 1337ad's score=-19001.059503343284
speaker 1snoke's score=-18504.728039124504
speaker 23yipikaye's score=-19700.37271330166
speaker 2old2play's score=-21267.42621765929
speaker 314piwm's score=-19952.41828663354
speaker Aaron's score=-22443.213770574446
speaker AbdulMoiz's score=-19721.837683523976
speaker AdrianMcNear's score=-19303.237797341437
speaker Afshad's score=-15584.807974316689
speaker AJN's score=-17233.86737728573
speaker AndreyBarrientosCostaRica's score=-20468.103839137453
speaker Anniepoo's score=-17425.932972145405
speaker AT's score=-20062.9204732801
speaker BlindPilot's score=-18916.514455317276
speaker CNJ's score=-22528.054906510824
Detected as -  Afshad
Testing Audio :  AbdulMoiz-20121010-juf\wav\a0293.wav
speaker 1028's score=-17260.391718860945
speaker 1337ad's score=-15623.104112317556
speaker 1snoke's score=-15525.125315910185
speaker 23yipikaye's score=-16501.79511585938
speaker 2old2play's score=-17794.69467810313
speaker 314piwm's score=-16690.626699766173
speaker Aaron's score=-18940.082986520385
speaker AbdulMoiz's score=-16298.648654159117
speaker AdrianMcNear's score=-16111.74321545167
speaker Afshad's score=-12989.758691506007
speaker AJN's score=-14431.376458190989
speaker AndreyBarrientosCostaRica's score=-17031.862786766927
speaker Anniepoo's score=-14673.086187447338
speaker AT's score=-17311.325423524104
speaker BlindPilot's score=-15932.398463522606
speaker CNJ's score=-18756.300216760043
Detected as -  Afshad
Testing Audio :  AbdulMoiz-20121010-juf\wav\a0294.wav
speaker 1028's score=-19668.594918068335
speaker 1337ad's score=-18440.883995420692
speaker 1snoke's score=-17590.59236764677
speaker 23yipikaye's score=-18821.486956787936
speaker 2old2play's score=-20647.227657603908
speaker 314piwm's score=-19285.77360600329
speaker Aaron's score=-21729.16188448608
speaker AbdulMoiz's score=-18247.463117175084
speaker AdrianMcNear's score=-18749.764164296503
speaker Afshad's score=-14157.96178323092
speaker AJN's score=-16778.170954058784
speaker AndreyBarrientosCostaRica's score=-19959.173351286976
speaker Anniepoo's score=-16271.25009169463
speaker AT's score=-18120.425478310375
speaker BlindPilot's score=-17781.28462106517
speaker CNJ's score=-21232.639384465223
Detected as -  Afshad
Testing Audio :  AbdulMoiz-20121010-juf\wav\a0295.wav
speaker 1028's score=-23258.1064190532
speaker 1337ad's score=-21699.58818848371
speaker 1snoke's score=-20909.664455191527
speaker 23yipikaye's score=-22196.58358842568
speaker 2old2play's score=-24253.652575910637
speaker 314piwm's score=-22704.141306630783
speaker Aaron's score=-25544.397785385692
speaker AbdulMoiz's score=-22259.94398179198
speaker AdrianMcNear's score=-21911.779226917875
speaker Afshad's score=-17056.136469333644
speaker AJN's score=-19121.77850140585
speaker AndreyBarrientosCostaRica's score=-23488.89549541314
speaker Anniepoo's score=-19829.877879358748
speaker AT's score=-23005.358605454017
speaker BlindPilot's score=-21192.84904844881
speaker CNJ's score=-25526.194951535235
Detected as -  Afshad
Testing Audio :  AdrianMcNear-20091016-psv\wav\a0577.wav
speaker 1028's score=-27549.727983977013
speaker 1337ad's score=-22343.221693809406
speaker 1snoke's score=-26547.788205136556
speaker 23yipikaye's score=-26640.185696611414
speaker 2old2play's score=-27956.48762591272
speaker 314piwm's score=-27072.454002574006
speaker Aaron's score=-30266.27055182927
speaker AbdulMoiz's score=-25685.75939159975
speaker AdrianMcNear's score=-25610.857274975344
speaker Afshad's score=-22966.023482156423
speaker AJN's score=-24140.329671021107
speaker AndreyBarrientosCostaRica's score=-26299.697440037606
speaker Anniepoo's score=-24976.63571139076
speaker AT's score=-28381.226129678642
speaker BlindPilot's score=-25299.890505470285
speaker CNJ's score=-31518.880152024998
Detected as -  1337ad
Testing Audio :  AdrianMcNear-20091016-psv\wav\a0578.wav
speaker 1028's score=-18117.99988623837
speaker 1337ad's score=-16363.378177171808
speaker 1snoke's score=-15092.779771050577
speaker 23yipikaye's score=-16260.520563059865
speaker 2old2play's score=-18782.35467113804
speaker 314piwm's score=-17679.767462042575
speaker Aaron's score=-19902.7645373341
speaker AbdulMoiz's score=-15325.409744881776
speaker AdrianMcNear's score=-16619.728371668418
speaker Afshad's score=-10816.496865559311
speaker AJN's score=-14874.971317078747
speaker AndreyBarrientosCostaRica's score=-17764.099170068293
speaker Anniepoo's score=-14651.814848635746
speaker AT's score=-16020.101491982477
speaker BlindPilot's score=-15816.50640445473
speaker CNJ's score=-19789.90107061922
Detected as -  Afshad
Testing Audio :  AdrianMcNear-20091016-psv\wav\a0579.wav
speaker 1028's score=-17856.00219259717
speaker 1337ad's score=-15657.717578880776
speaker 1snoke's score=-14893.791403487938
speaker 23yipikaye's score=-15862.969298649832
speaker 2old2play's score=-18338.096020233854
speaker 314piwm's score=-17211.28812153601
speaker Aaron's score=-19832.529441767583
speaker AbdulMoiz's score=-15061.363751160638
speaker AdrianMcNear's score=-16039.532104620812
speaker Afshad's score=-10603.94348514184
speaker AJN's score=-14424.570634053425
speaker AndreyBarrientosCostaRica's score=-17502.260451124486
speaker Anniepoo's score=-14349.3077171093
speaker AT's score=-15364.805211938561
speaker BlindPilot's score=-15303.989329577413
speaker CNJ's score=-19473.868236939074
Detected as -  Afshad
Testing Audio :  AdrianMcNear-20091016-psv\wav\a0580.wav
speaker 1028's score=-16789.676933414397
speaker 1337ad's score=-15121.535446472026
speaker 1snoke's score=-14139.790459092002
speaker 23yipikaye's score=-15063.4074234976
speaker 2old2play's score=-17268.936963150154
speaker 314piwm's score=-16196.135099785988
speaker Aaron's score=-18387.95643899758
speaker AbdulMoiz's score=-13944.87077995063
speaker AdrianMcNear's score=-15197.349169594381
speaker Afshad's score=-10644.018260377274
speaker AJN's score=-13642.914717962281
speaker AndreyBarrientosCostaRica's score=-15973.79565314626
speaker Anniepoo's score=-13723.336244634389
speaker AT's score=-15352.009294680061
speaker BlindPilot's score=-14584.173019328318
speaker CNJ's score=-17830.018293028264
Detected as -  Afshad
Testing Audio :  AdrianMcNear-20091016-psv\wav\a0581.wav
speaker 1028's score=-30518.270619354702
speaker 1337ad's score=-25655.572820093243
speaker 1snoke's score=-28401.52515525652
speaker 23yipikaye's score=-29131.230387530926
speaker 2old2play's score=-30972.03277833476
speaker 314piwm's score=-30024.397245736414
speaker Aaron's score=-33548.12333029232
speaker AbdulMoiz's score=-27869.285108934033
speaker AdrianMcNear's score=-28183.912876145667
speaker Afshad's score=-23694.482710897923
speaker AJN's score=-26617.84225881037
speaker AndreyBarrientosCostaRica's score=-29392.673837514092
speaker Anniepoo's score=-27121.374053169195
speaker AT's score=-29939.30734493769
speaker BlindPilot's score=-27201.17423440578
speaker CNJ's score=-34672.61230540159
Detected as -  Afshad
Testing Audio :  Afshad-20090813-zcz\wav\a0452.wav
speaker 1028's score=-21494.242767697586
speaker 1337ad's score=-16606.692742105795
speaker 1snoke's score=-19713.942499181354
speaker 23yipikaye's score=-19840.55134585942
speaker 2old2play's score=-21120.600291804756
speaker 314piwm's score=-20538.37474606536
speaker Aaron's score=-24041.041692490482
speaker AbdulMoiz's score=-19643.369446939825
speaker AdrianMcNear's score=-19038.888893566895
speaker Afshad's score=-15816.49813954417
speaker AJN's score=-18490.137405550333
speaker AndreyBarrientosCostaRica's score=-20277.097778877345
speaker Anniepoo's score=-19058.811594084942
speaker AT's score=-21675.454370071602
speaker BlindPilot's score=-19380.919363709992
speaker CNJ's score=-24886.686034222686
Detected as -  Afshad
Testing Audio :  Afshad-20090813-zcz\wav\a0453.wav
speaker 1028's score=-20061.969629017498
speaker 1337ad's score=-18511.24020915781
speaker 1snoke's score=-16256.130776869997
speaker 23yipikaye's score=-17637.232710243952
speaker 2old2play's score=-21073.870859541144
speaker 314piwm's score=-19123.512434155058
speaker Aaron's score=-22497.75481235687
speaker AbdulMoiz's score=-16805.268589661508
speaker AdrianMcNear's score=-18235.891701032037
speaker Afshad's score=-10908.018591157488
speaker AJN's score=-16359.619000435203
speaker AndreyBarrientosCostaRica's score=-20631.435981354196
speaker Anniepoo's score=-14923.348800381691
speaker AT's score=-17415.612074048346
speaker BlindPilot's score=-17633.53846155046
speaker CNJ's score=-20613.621917655604
Detected as -  Afshad
Testing Audio :  Afshad-20090813-zcz\wav\a0454.wav
speaker 1028's score=-23736.49124015799
speaker 1337ad's score=-19319.199695050826
speaker 1snoke's score=-21169.69475276654
speaker 23yipikaye's score=-21879.293563420128
speaker 2old2play's score=-23680.837501341302
speaker 314piwm's score=-22875.762802937716
speaker Aaron's score=-26578.87971488257
speaker AbdulMoiz's score=-21548.505329648026
speaker AdrianMcNear's score=-21221.093211992273
speaker Afshad's score=-16537.525966721405
speaker AJN's score=-20021.244862717518
speaker AndreyBarrientosCostaRica's score=-22925.32119657314
speaker Anniepoo's score=-20517.036983502963
speaker AT's score=-23166.449778394937
speaker BlindPilot's score=-21293.502020373126
speaker CNJ's score=-27466.274355496236
Detected as -  Afshad
Testing Audio :  Afshad-20090813-zcz\wav\a0455.wav
speaker 1028's score=-28501.684039261047
speaker 1337ad's score=-24530.63121794436
speaker 1snoke's score=-24123.655870763272
speaker 23yipikaye's score=-25415.860037079474
speaker 2old2play's score=-29437.070983832156
speaker 314piwm's score=-27471.367161372997
speaker Aaron's score=-31949.548159855327
speaker AbdulMoiz's score=-24550.19669280762
speaker AdrianMcNear's score=-25697.23730369314
speaker Afshad's score=-17354.03398134552
speaker AJN's score=-23903.518154340687
speaker AndreyBarrientosCostaRica's score=-28605.899454896367
speaker Anniepoo's score=-23081.63903503218
speaker AT's score=-25466.678637763158
speaker BlindPilot's score=-25097.370279797557
speaker CNJ's score=-32099.93255834817
Detected as -  Afshad
Testing Audio :  Afshad-20090813-zcz\wav\a0456.wav
speaker 1028's score=-23731.607018605504
speaker 1337ad's score=-19950.864571447804
speaker 1snoke's score=-20903.29627625795
speaker 23yipikaye's score=-21714.521761382595
speaker 2old2play's score=-24237.428669258017
speaker 314piwm's score=-23064.567851273896
speaker Aaron's score=-26535.43749279481
speaker AbdulMoiz's score=-21063.840285260296
speaker AdrianMcNear's score=-21449.97463753462
speaker Afshad's score=-16120.310087020107
speaker AJN's score=-20163.246442019015
speaker AndreyBarrientosCostaRica's score=-23182.010759830493
speaker Anniepoo's score=-20188.788046041213
speaker AT's score=-22356.297837466664
speaker BlindPilot's score=-21229.839993283676
speaker CNJ's score=-27154.36090836546
Detected as -  Afshad
Testing Audio :  AJN-20131002-zcl\wav\b0094.wav
speaker 1028's score=-15336.094617531093
speaker 1337ad's score=-11802.387039603705
speaker 1snoke's score=-14510.738607750536
speaker 23yipikaye's score=-14574.883176105475
speaker 2old2play's score=-15121.054460271955
speaker 314piwm's score=-14719.331117413334
speaker Aaron's score=-16877.987410896014
speaker AbdulMoiz's score=-14424.818269177265
speaker AdrianMcNear's score=-13767.314326195536
speaker Afshad's score=-11971.709677607425
speaker AJN's score=-13224.990737152635
speaker AndreyBarrientosCostaRica's score=-14225.591280155302
speaker Anniepoo's score=-14017.086398653908
speaker AT's score=-16066.015361833437
speaker BlindPilot's score=-14200.978722478245
speaker CNJ's score=-17558.03236304472
Detected as -  1337ad
Testing Audio :  AJN-20131002-zcl\wav\b0095.wav
speaker 1028's score=-19701.624225286112
speaker 1337ad's score=-14435.01320078193
speaker 1snoke's score=-19055.618671252647
speaker 23yipikaye's score=-18692.791420327783
speaker 2old2play's score=-19260.281029862424
speaker 314piwm's score=-18888.176677280986
speaker Aaron's score=-21614.69756839948
speaker AbdulMoiz's score=-18475.44071981034
speaker AdrianMcNear's score=-17685.376573948415
speaker Afshad's score=-16088.78602749559
speaker AJN's score=-17233.030480411908
speaker AndreyBarrientosCostaRica's score=-18137.81908777565
speaker Anniepoo's score=-18844.288915257104
speaker AT's score=-20406.648942788423
speaker BlindPilot's score=-18466.402452785325
speaker CNJ's score=-21531.279536440787
Detected as -  1337ad
Testing Audio :  AJN-20131002-zcl\wav\b0096.wav
speaker 1028's score=-14134.08455954457
speaker 1337ad's score=-9760.70781368599
speaker 1snoke's score=-13520.19928018641
speaker 23yipikaye's score=-13428.55403491395
speaker 2old2play's score=-13599.561979808572
speaker 314piwm's score=-13467.205345427374
speaker Aaron's score=-15589.675322492782
speaker AbdulMoiz's score=-13216.678190467208
speaker AdrianMcNear's score=-12569.031494379913
speaker Afshad's score=-11394.14374982809
speaker AJN's score=-12180.590981019079
speaker AndreyBarrientosCostaRica's score=-12887.26843213413
speaker Anniepoo's score=-13524.563632797363
speaker AT's score=-14921.585870911222
speaker BlindPilot's score=-13146.908292065074
speaker CNJ's score=-15889.447557673986
Detected as -  1337ad
Testing Audio :  AJN-20131002-zcl\wav\b0097.wav
speaker 1028's score=-14060.425523766777
speaker 1337ad's score=-10174.068960848095
speaker 1snoke's score=-13335.56960961383
speaker 23yipikaye's score=-13247.687156803862
speaker 2old2play's score=-13654.21805742245
speaker 314piwm's score=-13444.424942854075
speaker Aaron's score=-15540.141696174327
speaker AbdulMoiz's score=-13099.399782124914
speaker AdrianMcNear's score=-12535.126647132642
speaker Afshad's score=-11112.88550628701
speaker AJN's score=-12116.418336920917
speaker AndreyBarrientosCostaRica's score=-12908.23173758801
speaker Anniepoo's score=-12988.46613500617
speaker AT's score=-15088.282396886783
speaker BlindPilot's score=-12854.640583980568
speaker CNJ's score=-15994.349112840564
Detected as -  1337ad
Testing Audio :  AJN-20131002-zcl\wav\b0098.wav
speaker 1028's score=-21393.669662540982
speaker 1337ad's score=-15885.379513749951
speaker 1snoke's score=-20986.380850986487
speaker 23yipikaye's score=-20680.80677148641
speaker 2old2play's score=-21230.063859717382
speaker 314piwm's score=-20710.96228673846
speaker Aaron's score=-23296.17200448132
speaker AbdulMoiz's score=-20384.88919964729
speaker AdrianMcNear's score=-19323.923961773835
speaker Afshad's score=-17716.958380325046
speaker AJN's score=-18644.65777471172
speaker AndreyBarrientosCostaRica's score=-19786.90270188963
speaker Anniepoo's score=-20232.255647829385
speaker AT's score=-22028.356487997975
speaker BlindPilot's score=-20063.552442482716
speaker CNJ's score=-24316.418389331804
Detected as -  1337ad
Testing Audio :  AndreyBarrientosCostaRica-20130710-tpy\wav\b0216.wav
speaker 1028's score=-13481.019918479666
speaker 1337ad's score=-11667.159800358018
speaker 1snoke's score=-12308.607139263233
speaker 23yipikaye's score=-12938.872160180174
speaker 2old2play's score=-13878.61854428213
speaker 314piwm's score=-12931.485739894217
speaker Aaron's score=-14699.729352651355
speaker AbdulMoiz's score=-12765.666838535068
speaker AdrianMcNear's score=-12495.887560149675
speaker Afshad's score=-10392.994969067615
speaker AJN's score=-11502.189843486123
speaker AndreyBarrientosCostaRica's score=-13234.516893251428
speaker Anniepoo's score=-11724.765097612297
speaker AT's score=-13121.992170478905
speaker BlindPilot's score=-12107.824460041771
speaker CNJ's score=-15501.621209186254
Detected as -  Afshad
Testing Audio :  AndreyBarrientosCostaRica-20130710-tpy\wav\b0217.wav
speaker 1028's score=-13704.969325113356
speaker 1337ad's score=-12336.014128509622
speaker 1snoke's score=-12389.211820394645
speaker 23yipikaye's score=-13325.550606891331
speaker 2old2play's score=-14432.400068799063
speaker 314piwm's score=-13561.628113518356
speaker Aaron's score=-14832.734346912428
speaker AbdulMoiz's score=-12656.700919003784
speaker AdrianMcNear's score=-13044.890826382409
speaker Afshad's score=-10301.34356019006
speaker AJN's score=-11674.893801110717
speaker AndreyBarrientosCostaRica's score=-13240.807157490413
speaker Anniepoo's score=-11905.938779275559
speaker AT's score=-13071.194530843433
speaker BlindPilot's score=-12389.88754545424
speaker CNJ's score=-15658.213127001689
Detected as -  Afshad
Testing Audio :  AndreyBarrientosCostaRica-20130710-tpy\wav\b0218.wav
speaker 1028's score=-12257.682842191585
speaker 1337ad's score=-11898.605094896862
speaker 1snoke's score=-10406.610852991462
speaker 23yipikaye's score=-11299.096203788189
speaker 2old2play's score=-13129.284472665668
speaker 314piwm's score=-12248.342889190328
speaker Aaron's score=-13605.189356770561
speaker AbdulMoiz's score=-10714.613504558845
speaker AdrianMcNear's score=-11794.486114002571
speaker Afshad's score=-7256.50779061147
speaker AJN's score=-10100.474856433973
speaker AndreyBarrientosCostaRica's score=-12620.052628151952
speaker Anniepoo's score=-9763.25329896673
speaker AT's score=-10646.323393005481
speaker BlindPilot's score=-10857.5753024426
speaker CNJ's score=-13055.31758771171
Detected as -  Afshad
Testing Audio :  AndreyBarrientosCostaRica-20130710-tpy\wav\b0219.wav
speaker 1028's score=-14765.993076653518
speaker 1337ad's score=-11772.289269721728
speaker 1snoke's score=-13746.413979992958
speaker 23yipikaye's score=-14088.475583403517
speaker 2old2play's score=-14795.16199168857
speaker 314piwm's score=-14121.994167420948
speaker Aaron's score=-16476.710351534963
speaker AbdulMoiz's score=-13972.356002627683
speaker AdrianMcNear's score=-13256.368518088024
speaker Afshad's score=-11742.29795165742
speaker AJN's score=-12774.53103516096
speaker AndreyBarrientosCostaRica's score=-14028.97684626125
speaker Anniepoo's score=-13497.265890944022
speaker AT's score=-15707.283937719152
speaker BlindPilot's score=-13567.236984618572
speaker CNJ's score=-17578.295590455433
Detected as -  Afshad
Testing Audio :  AndreyBarrientosCostaRica-20130710-tpy\wav\b0220.wav
speaker 1028's score=-11408.281862860555
speaker 1337ad's score=-10588.337566337006
speaker 1snoke's score=-9946.703512748052
speaker 23yipikaye's score=-10580.914035315807
speaker 2old2play's score=-12018.199925291854
speaker 314piwm's score=-11290.22205692167
speaker Aaron's score=-12496.989128308425
speaker AbdulMoiz's score=-10176.157380977298
speaker AdrianMcNear's score=-10737.698675715134
speaker Afshad's score=-7537.870348146458
speaker AJN's score=-9683.644234816435
speaker AndreyBarrientosCostaRica's score=-11498.610297030174
speaker Anniepoo's score=-9437.077023098236
speaker AT's score=-10032.659491621544
speaker BlindPilot's score=-10173.53740685622
speaker CNJ's score=-12588.139076248286
Detected as -  Afshad
Testing Audio :  Anniepoo-20140308-cqj\wav\a0121.wav
speaker 1028's score=-18669.809872091122
speaker 1337ad's score=-16067.481948782259
speaker 1snoke's score=-16981.488571763588
speaker 23yipikaye's score=-17597.746347023887
speaker 2old2play's score=-19166.3940869004
speaker 314piwm's score=-17917.049408473355
speaker Aaron's score=-20311.097031363497
speaker AbdulMoiz's score=-17417.771903039928
speaker AdrianMcNear's score=-17094.581050360386
speaker Afshad's score=-14623.18138815136
speaker AJN's score=-16287.216078549745
speaker AndreyBarrientosCostaRica's score=-17923.475218667245
speaker Anniepoo's score=-16266.05750214769
speaker AT's score=-18501.2109621405
speaker BlindPilot's score=-17096.20542032084
speaker CNJ's score=-21048.177199322097
Detected as -  Afshad
Testing Audio :  Anniepoo-20140308-cqj\wav\a0122.wav
speaker 1028's score=-13918.149361702053
speaker 1337ad's score=-10231.57169225887
speaker 1snoke's score=-12136.808094285985
speaker 23yipikaye's score=-12169.161164097985
speaker 2old2play's score=-13320.12809884016
speaker 314piwm's score=-13012.308396018114
speaker Aaron's score=-15706.469297469743
speaker AbdulMoiz's score=-11659.731199049209
speaker AdrianMcNear's score=-11994.430974670522
speaker Afshad's score=-9746.060177613734
speaker AJN's score=-11717.035816266856
speaker AndreyBarrientosCostaRica's score=-12847.363864681265
speaker Anniepoo's score=-12412.170282012421
speaker AT's score=-12040.5046443826
speaker BlindPilot's score=-12453.073124533617
speaker CNJ's score=-14885.9254447926
Detected as -  Afshad
Testing Audio :  Anniepoo-20140308-cqj\wav\a0123.wav
speaker 1028's score=-13880.29460409547
speaker 1337ad's score=-12163.878696873664
speaker 1snoke's score=-12147.036056194873
speaker 23yipikaye's score=-12437.86827867814
speaker 2old2play's score=-14414.507281789276
speaker 314piwm's score=-13812.718266625106
speaker Aaron's score=-16188.16433596451
speaker AbdulMoiz's score=-11579.726042664173
speaker AdrianMcNear's score=-12780.609047094425
speaker Afshad's score=-8688.614039189766
speaker AJN's score=-11717.233036880127
speaker AndreyBarrientosCostaRica's score=-14349.281292030188
speaker Anniepoo's score=-11642.790735067289
speaker AT's score=-12846.008607395383
speaker BlindPilot's score=-12813.03352233714
speaker CNJ's score=-14551.682744795762
Detected as -  Afshad
Testing Audio :  Anniepoo-20140308-cqj\wav\a0124.wav
speaker 1028's score=-18739.50767237255
speaker 1337ad's score=-14882.484256392498
speaker 1snoke's score=-16548.21262408879
speaker 23yipikaye's score=-16731.526198426487
speaker 2old2play's score=-18537.071551854686
speaker 314piwm's score=-17804.22999660307
speaker Aaron's score=-20990.86454704312
speaker AbdulMoiz's score=-16115.19684189188
speaker AdrianMcNear's score=-16562.53409428655
speaker Afshad's score=-13234.91557257268
speaker AJN's score=-15551.86869266759
speaker AndreyBarrientosCostaRica's score=-17829.02197352192
speaker Anniepoo's score=-16382.415439792014
speaker AT's score=-16430.191427064907
speaker BlindPilot's score=-16687.804304887184
speaker CNJ's score=-20258.242247822884
Detected as -  Afshad
Testing Audio :  Anniepoo-20140308-cqj\wav\a0125.wav
speaker 1028's score=-16758.17590555792
speaker 1337ad's score=-13760.893895996403
speaker 1snoke's score=-16263.80791518425
speaker 23yipikaye's score=-16403.369606888875
speaker 2old2play's score=-16909.66646663921
speaker 314piwm's score=-16196.720836588349
speaker Aaron's score=-18104.785312508975
speaker AbdulMoiz's score=-16148.07931704833
speaker AdrianMcNear's score=-15497.237254848109
speaker Afshad's score=-13971.509584447522
speaker AJN's score=-14826.605017740923
speaker AndreyBarrientosCostaRica's score=-15790.740772080866
speaker Anniepoo's score=-15629.787895935051
speaker AT's score=-17505.818998025607
speaker BlindPilot's score=-15808.695046386525
speaker CNJ's score=-18882.753364844077
Detected as -  1337ad
Testing Audio :  AT-20130718-lws\wav\a0016.wav
speaker 1028's score=-19491.315137316593
speaker 1337ad's score=-17572.852275083955
speaker 1snoke's score=-17180.062179589877
speaker 23yipikaye's score=-18375.590138690295
speaker 2old2play's score=-20153.150262526564
speaker 314piwm's score=-18689.706986255158
speaker Aaron's score=-20913.187717779307
speaker AbdulMoiz's score=-18102.079140853915
speaker AdrianMcNear's score=-18121.83112053698
speaker Afshad's score=-13755.849831481712
speaker AJN's score=-16181.123601745938
speaker AndreyBarrientosCostaRica's score=-18805.998574602272
speaker Anniepoo's score=-16376.123037120527
speaker AT's score=-17560.46702363699
speaker BlindPilot's score=-17255.879485623584
speaker CNJ's score=-21683.97922073981
Detected as -  Afshad
Testing Audio :  AT-20130718-lws\wav\a0017.wav
speaker 1028's score=-20284.42050476025
speaker 1337ad's score=-17976.137861952186
speaker 1snoke's score=-18563.281488392553
speaker 23yipikaye's score=-19615.57434988019
speaker 2old2play's score=-20991.41452447624
speaker 314piwm's score=-19611.341063935022
speaker Aaron's score=-21825.53478483509
speaker AbdulMoiz's score=-19397.350277032983
speaker AdrianMcNear's score=-18885.59362413475
speaker Afshad's score=-15523.147720589222
speaker AJN's score=-17126.51066322123
speaker AndreyBarrientosCostaRica's score=-19397.49304713001
speaker Anniepoo's score=-17732.379878598775
speaker AT's score=-19637.250083458566
speaker BlindPilot's score=-18372.431053165146
speaker CNJ's score=-22882.681707400592
Detected as -  Afshad
Testing Audio :  AT-20130718-lws\wav\a0018.wav
speaker 1028's score=-10500.407348581397
speaker 1337ad's score=-10331.243929286014
speaker 1snoke's score=-8752.412362063396
speaker 23yipikaye's score=-9636.080395896395
speaker 2old2play's score=-11346.65916332163
speaker 314piwm's score=-10463.996833203524
speaker Aaron's score=-11790.700153240507
speaker AbdulMoiz's score=-9167.247176228266
speaker AdrianMcNear's score=-10157.429402532345
speaker Afshad's score=-5596.5964404629485
speaker AJN's score=-8543.583542999682
speaker AndreyBarrientosCostaRica's score=-11136.585680654607
speaker Anniepoo's score=-7990.098256368518
speaker AT's score=-8787.967961592572
speaker BlindPilot's score=-9187.185645769492
speaker CNJ's score=-11244.918828635558
Detected as -  Afshad
Testing Audio :  AT-20130718-lws\wav\a0019.wav
speaker 1028's score=-17226.682429517477
speaker 1337ad's score=-15059.30739029294
speaker 1snoke's score=-16020.952137827959
speaker 23yipikaye's score=-16808.191237347186
speaker 2old2play's score=-17640.842216182293
speaker 314piwm's score=-16739.187045482384
speaker Aaron's score=-18507.514832958273
speaker AbdulMoiz's score=-16605.224670926866
speaker AdrianMcNear's score=-16139.750989577347
speaker Afshad's score=-14160.329708705121
speaker AJN's score=-15122.819444408377
speaker AndreyBarrientosCostaRica's score=-16718.63630284981
speaker Anniepoo's score=-15538.25041222565
speaker AT's score=-17486.306236136625
speaker BlindPilot's score=-15864.84660239537
speaker CNJ's score=-19649.5151203543
Detected as -  Afshad
Testing Audio :  AT-20130718-lws\wav\a0020.wav
speaker 1028's score=-16875.01283458167
speaker 1337ad's score=-14652.814460560869
speaker 1snoke's score=-15230.416280803887
speaker 23yipikaye's score=-15911.995698317416
speaker 2old2play's score=-17396.012980222495
speaker 314piwm's score=-16317.123817028987
speaker Aaron's score=-18223.65103168755
speaker AbdulMoiz's score=-15964.832614008496
speaker AdrianMcNear's score=-15500.345420264664
speaker Afshad's score=-12690.928724751053
speaker AJN's score=-14053.390974335922
speaker AndreyBarrientosCostaRica's score=-16219.114595366646
speaker Anniepoo's score=-14674.938579336085
speaker AT's score=-16319.490785530928
speaker BlindPilot's score=-15047.883251449808
speaker CNJ's score=-18933.463564648613
Detected as -  Afshad
Testing Audio :  BlindPilot-20100610-kko\wav\a0346.wav
speaker 1028's score=-14853.340213892234
speaker 1337ad's score=-12095.669573038616
speaker 1snoke's score=-12845.001821152211
speaker 23yipikaye's score=-13771.596859492996
speaker 2old2play's score=-14911.214057370034
speaker 314piwm's score=-13594.999786313692
speaker Aaron's score=-16070.76235183659
speaker AbdulMoiz's score=-13403.414745356036
speaker AdrianMcNear's score=-13251.063616703392
speaker Afshad's score=-11027.425044948011
speaker AJN's score=-11289.330811186614
speaker AndreyBarrientosCostaRica's score=-14199.517932708211
speaker Anniepoo's score=-11934.205171868447
speaker AT's score=-13990.96637018633
speaker BlindPilot's score=-13133.059858618897
speaker CNJ's score=-14715.263452609921
Detected as -  Afshad
Testing Audio :  BlindPilot-20100610-kko\wav\a0347.wav
speaker 1028's score=-21678.284143599256
speaker 1337ad's score=-16468.942043392963
speaker 1snoke's score=-20963.120085429917
speaker 23yipikaye's score=-20866.64309032698
speaker 2old2play's score=-21105.193456166035
speaker 314piwm's score=-20778.92757178691
speaker Aaron's score=-23841.889244708113
speaker AbdulMoiz's score=-20356.12487119128
speaker AdrianMcNear's score=-19512.774179121523
speaker Afshad's score=-17941.24800471949
speaker AJN's score=-19569.44671851803
speaker AndreyBarrientosCostaRica's score=-20092.110843160885
speaker Anniepoo's score=-20538.905984019886
speaker AT's score=-23179.61843000172
speaker BlindPilot's score=-20170.371392177978
speaker CNJ's score=-24687.071039356408
Detected as -  1337ad
Testing Audio :  BlindPilot-20100610-kko\wav\a0348.wav
speaker 1028's score=-15268.95674225693
speaker 1337ad's score=-12612.712244012284
speaker 1snoke's score=-13521.38173160352
speaker 23yipikaye's score=-14210.367627805572
speaker 2old2play's score=-15096.88856891132
speaker 314piwm's score=-14484.880405151096
speaker Aaron's score=-16791.01533562049
speaker AbdulMoiz's score=-13911.49041368039
speaker AdrianMcNear's score=-13610.971020761895
speaker Afshad's score=-11517.070147531766
speaker AJN's score=-12969.068340975444
speaker AndreyBarrientosCostaRica's score=-14426.162753816065
speaker Anniepoo's score=-13439.163233694646
speaker AT's score=-15667.588107347854
speaker BlindPilot's score=-13667.759771465577
speaker CNJ's score=-16982.912362394032
Detected as -  Afshad
Testing Audio :  BlindPilot-20100610-kko\wav\a0349.wav
speaker 1028's score=-16486.57763994985
speaker 1337ad's score=-13262.51818863106
speaker 1snoke's score=-15552.298956682553
speaker 23yipikaye's score=-15679.471007980028
speaker 2old2play's score=-16253.956120813295
speaker 314piwm's score=-15757.347465176736
speaker Aaron's score=-18216.286031629723
speaker AbdulMoiz's score=-15340.105522219435
speaker AdrianMcNear's score=-14910.761362735317
speaker Afshad's score=-13327.953550121434
speaker AJN's score=-14549.884964836838
speaker AndreyBarrientosCostaRica's score=-15561.440205988005
speaker Anniepoo's score=-15171.267673213364
speaker AT's score=-17561.894014111305
speaker BlindPilot's score=-15199.784842328143
speaker CNJ's score=-18243.111583280966
Detected as -  1337ad
Testing Audio :  BlindPilot-20100610-kko\wav\a0350.wav
speaker 1028's score=-17860.29074706572
speaker 1337ad's score=-14171.560688666676
speaker 1snoke's score=-16961.91578339682
speaker 23yipikaye's score=-16927.906413457684
speaker 2old2play's score=-17235.46040727973
speaker 314piwm's score=-17035.88009780824
speaker Aaron's score=-19649.050730681513
speaker AbdulMoiz's score=-16651.422192454665
speaker AdrianMcNear's score=-16017.47066838395
speaker Afshad's score=-14619.940092473018
speaker AJN's score=-15888.261415423945
speaker AndreyBarrientosCostaRica's score=-16643.2623847404
speaker Anniepoo's score=-16606.00249326773
speaker AT's score=-19038.978431786894
speaker BlindPilot's score=-16308.5035342778
speaker CNJ's score=-19720.308846080927
Detected as -  1337ad
Testing Audio :  CNJ-20120417-jbe\wav\ar-11.wav
speaker 1028's score=-30628.2406156047
speaker 1337ad's score=-29118.31645221923
speaker 1snoke's score=-25580.941700095027
speaker 23yipikaye's score=-28499.504691449405
speaker 2old2play's score=-31903.931315105598
speaker 314piwm's score=-29540.561043157297
speaker Aaron's score=-33269.136621367325
speaker AbdulMoiz's score=-26422.73121110562
speaker AdrianMcNear's score=-29073.315472401788
speaker Afshad's score=-20156.59866153449
speaker AJN's score=-23777.012733553805
speaker AndreyBarrientosCostaRica's score=-30429.55901789142
speaker Anniepoo's score=-24554.965413563477
speaker AT's score=-29019.422644035865
speaker BlindPilot's score=-27996.464093393188
speaker CNJ's score=-30595.486114972082
Detected as -  Afshad
Testing Audio :  CNJ-20120417-jbe\wav\ar-12.wav
speaker 1028's score=-25784.054317232956
speaker 1337ad's score=-24527.0836410399
speaker 1snoke's score=-21356.24360734473
speaker 23yipikaye's score=-24014.280095930895
speaker 2old2play's score=-27028.676324189062
speaker 314piwm's score=-25000.284824462113
speaker Aaron's score=-28285.480585807003
speaker AbdulMoiz's score=-22364.26112428744
speaker AdrianMcNear's score=-24383.80742566766
speaker Afshad's score=-16952.92533581434
speaker AJN's score=-20034.86232849041
speaker AndreyBarrientosCostaRica's score=-25950.68002138016
speaker Anniepoo's score=-20448.40066994378
speaker AT's score=-24476.647081787873
speaker BlindPilot's score=-23500.653196371873
speaker CNJ's score=-25391.64622683703
Detected as -  Afshad
Testing Audio :  CNJ-20120417-jbe\wav\ar-13.wav
speaker 1028's score=-25183.424741668856
speaker 1337ad's score=-23786.503042096294
speaker 1snoke's score=-20913.516831394918
speaker 23yipikaye's score=-23548.44100625199
speaker 2old2play's score=-25953.74914070454
speaker 314piwm's score=-24145.321432240526
speaker Aaron's score=-27439.206492393787
speaker AbdulMoiz's score=-21945.654319013753
speaker AdrianMcNear's score=-23771.63762830162
speaker Afshad's score=-16659.61429155271
speaker AJN's score=-19477.239990974493
speaker AndreyBarrientosCostaRica's score=-25017.064313711504
speaker Anniepoo's score=-20097.61749547284
speaker AT's score=-23683.16721121556
speaker BlindPilot's score=-22781.320117670002
speaker CNJ's score=-24842.786915081728
Detected as -  Afshad
Testing Audio :  CNJ-20120417-jbe\wav\ar-14.wav
speaker 1028's score=-34183.38465860576
speaker 1337ad's score=-32578.50693223365
speaker 1snoke's score=-28624.510897229484
speaker 23yipikaye's score=-31870.30942334462
speaker 2old2play's score=-35689.77873616145
speaker 314piwm's score=-33183.93127456555
speaker Aaron's score=-37684.122660618974
speaker AbdulMoiz's score=-29600.727615508324
speaker AdrianMcNear's score=-32444.850162739524
speaker Afshad's score=-22811.45537123091
speaker AJN's score=-27022.31890595694
speaker AndreyBarrientosCostaRica's score=-34342.45553618812
speaker Anniepoo's score=-27804.90170058527
speaker AT's score=-32878.21513813139
speaker BlindPilot's score=-30905.461231219728
speaker CNJ's score=-34746.997219939076
Detected as -  Afshad
Testing Audio :  CNJ-20120417-jbe\wav\ar-15.wav
speaker 1028's score=-31458.07431286767
speaker 1337ad's score=-29583.766723611436
speaker 1snoke's score=-27301.760422891475
speaker 23yipikaye's score=-30052.77900444182
speaker 2old2play's score=-32193.571017996095
speaker 314piwm's score=-30173.81867519311
speaker Aaron's score=-34177.08726471284
speaker AbdulMoiz's score=-28363.14292423548
speaker AdrianMcNear's score=-29920.439886549233
speaker Afshad's score=-22702.60169482588
speaker AJN's score=-24732.491235406495
speaker AndreyBarrientosCostaRica's score=-31478.917660255247
speaker Anniepoo's score=-26080.091101884493
speaker AT's score=-29555.690497513042
speaker BlindPilot's score=-28549.239873153852
speaker CNJ's score=-32667.90271516963
Detected as -  Afshad
error = 72 total sample= 80.0
The Accuracy Percentage for the current testing Performance with MFCC + GMM is :  10.0 %
time cost 83.33448266983032 s
