Testing Audio :  1028-20100710-hne\wav\ar-06.wav
speaker 1028's score=-13175.914624969151
speaker 1337ad's score=-12946.102054574021
speaker 1snoke's score=-10847.122503914807
speaker 23yipikaye's score=-12473.545399720668
speaker 2old2play's score=-13565.017872453865
speaker 314piwm's score=-11764.42268770316
speaker Aaron's score=-15174.854578117995
speaker AbdulMoiz's score=-10977.546155882219
speaker AdrianMcNear's score=-12467.080966978441
speaker Afshad's score=-7679.083678086811
speaker AJN's score=-10485.900220540676
speaker AndreyBarrientosCostaRica's score=-13676.375513433532
speaker Anniepoo's score=-9820.96208428784
speaker AT's score=-13241.972695083276
speaker BlindPilot's score=-12117.588379062325
speaker CNJ's score=-11075.850093785506
Detected as -  Afshad
Testing Audio :  1028-20100710-hne\wav\ar-07.wav
speaker 1028's score=-15102.75704398877
speaker 1337ad's score=-16097.484383895699
speaker 1snoke's score=-13580.309123745503
speaker 23yipikaye's score=-15391.697195900077
speaker 2old2play's score=-16655.098628677864
speaker 314piwm's score=-14798.035653675792
speaker Aaron's score=-18790.310494109814
speaker AbdulMoiz's score=-13284.804521151202
speaker AdrianMcNear's score=-14158.893353615229
speaker Afshad's score=-9208.628862308866
speaker AJN's score=-12873.05250464302
speaker AndreyBarrientosCostaRica's score=-16322.594759636859
speaker Anniepoo's score=-11356.811825986024
speaker AT's score=-13599.561201793873
speaker BlindPilot's score=-13192.512526077964
speaker CNJ's score=-12533.318555825304
Detected as -  Afshad
Testing Audio :  1028-20100710-hne\wav\rp-29.wav
speaker 1028's score=-14479.82444000414
speaker 1337ad's score=-14469.865754562652
speaker 1snoke's score=-11965.52779505698
speaker 23yipikaye's score=-14063.702824583996
speaker 2old2play's score=-15320.137573288677
speaker 314piwm's score=-13118.779666532799
speaker Aaron's score=-17352.18872228683
speaker AbdulMoiz's score=-12177.501438786643
speaker AdrianMcNear's score=-12760.770674066469
speaker Afshad's score=-8641.895896906697
speaker AJN's score=-11756.213183644952
speaker AndreyBarrientosCostaRica's score=-14524.808683887491
speaker Anniepoo's score=-10531.393571275266
speaker AT's score=-13516.815238114506
speaker BlindPilot's score=-12739.807469365922
speaker CNJ's score=-10397.938379980642
Detected as -  Afshad
Testing Audio :  1028-20100710-hne\wav\rp-30.wav
speaker 1028's score=-18426.54444845569
speaker 1337ad's score=-19005.488979372072
speaker 1snoke's score=-16242.532671382613
speaker 23yipikaye's score=-18611.188985372326
speaker 2old2play's score=-19660.615812097396
speaker 314piwm's score=-17891.606443092438
speaker Aaron's score=-21691.641345634784
speaker AbdulMoiz's score=-15872.526271786148
speaker AdrianMcNear's score=-17922.359413949296
speaker Afshad's score=-11939.926088256063
speaker AJN's score=-15523.587984342186
speaker AndreyBarrientosCostaRica's score=-19528.655407915165
speaker Anniepoo's score=-14462.101895276237
speaker AT's score=-17232.656422511136
speaker BlindPilot's score=-16666.854435283778
speaker CNJ's score=-15874.203732406044
Detected as -  Afshad
Testing Audio :  1028-20100710-hne\wav\rp-31.wav
speaker 1028's score=-12106.76432069074
speaker 1337ad's score=-12171.19777798476
speaker 1snoke's score=-10221.608925825789
speaker 23yipikaye's score=-11997.765609890906
speaker 2old2play's score=-12642.822914753191
speaker 314piwm's score=-11145.391783011153
speaker Aaron's score=-14578.453187097784
speaker AbdulMoiz's score=-10187.852715108282
speaker AdrianMcNear's score=-11334.082263164808
speaker Afshad's score=-7689.2188207542495
speaker AJN's score=-10184.683113963496
speaker AndreyBarrientosCostaRica's score=-12797.95324246811
speaker Anniepoo's score=-9227.799088828062
speaker AT's score=-12257.040461992981
speaker BlindPilot's score=-11233.853362959335
speaker CNJ's score=-9951.761744424448
Detected as -  Afshad
Testing Audio :  1337ad-20170321-tkg\wav\en-0731.wav
speaker 1028's score=-12585.55846325354
speaker 1337ad's score=-11400.058387707628
speaker 1snoke's score=-9905.28192904203
speaker 23yipikaye's score=-11576.990018038232
speaker 2old2play's score=-11598.686569046451
speaker 314piwm's score=-10321.561977031153
speaker Aaron's score=-13662.860829137939
speaker AbdulMoiz's score=-10481.461373041413
speaker AdrianMcNear's score=-11493.057671191104
speaker Afshad's score=-8182.341737352883
speaker AJN's score=-9234.980356607233
speaker AndreyBarrientosCostaRica's score=-12396.842390176902
speaker Anniepoo's score=-8937.26646209831
speaker AT's score=-11760.486947594214
speaker BlindPilot's score=-11679.277726331891
speaker CNJ's score=-10428.241528141634
Detected as -  Afshad
Testing Audio :  1337ad-20170321-tkg\wav\en-0732.wav
speaker 1028's score=-18739.360948218193
speaker 1337ad's score=-16219.40362463568
speaker 1snoke's score=-13749.695223677938
speaker 23yipikaye's score=-16622.378186633236
speaker 2old2play's score=-16569.51877740589
speaker 314piwm's score=-15639.497844353642
speaker Aaron's score=-20268.66437130626
speaker AbdulMoiz's score=-15110.250333325725
speaker AdrianMcNear's score=-16000.506697131228
speaker Afshad's score=-11950.740524100014
speaker AJN's score=-13467.715162918072
speaker AndreyBarrientosCostaRica's score=-17562.55298118244
speaker Anniepoo's score=-13111.80683723922
speaker AT's score=-16175.448818356928
speaker BlindPilot's score=-15967.899128529683
speaker CNJ's score=-12439.135260505062
Detected as -  Afshad
Testing Audio :  1337ad-20170321-tkg\wav\en-0733.wav
speaker 1028's score=-17237.0985231643
speaker 1337ad's score=-18086.49522958111
speaker 1snoke's score=-15832.380039351388
speaker 23yipikaye's score=-17899.300451724186
speaker 2old2play's score=-18547.57555614132
speaker 314piwm's score=-17091.952358823342
speaker Aaron's score=-20842.583671549295
speaker AbdulMoiz's score=-15442.782945738345
speaker AdrianMcNear's score=-16632.89127113638
speaker Afshad's score=-12525.212635340115
speaker AJN's score=-15290.468432617863
speaker AndreyBarrientosCostaRica's score=-18145.45175881649
speaker Anniepoo's score=-14018.760265353107
speaker AT's score=-15786.137532771027
speaker BlindPilot's score=-15709.790606308381
speaker CNJ's score=-15485.802038926136
Detected as -  Afshad
Testing Audio :  1337ad-20170321-tkg\wav\en-0734.wav
speaker 1028's score=-20372.667105284694
speaker 1337ad's score=-19898.91269738265
speaker 1snoke's score=-17259.589695821047
speaker 23yipikaye's score=-19909.052342921575
speaker 2old2play's score=-20126.59916579585
speaker 314piwm's score=-18743.017822679227
speaker Aaron's score=-22837.43369303432
speaker AbdulMoiz's score=-17693.569277263534
speaker AdrianMcNear's score=-19257.073018735227
speaker Afshad's score=-14471.166791580914
speaker AJN's score=-16792.04401406218
speaker AndreyBarrientosCostaRica's score=-20776.542788175244
speaker Anniepoo's score=-16349.109884913993
speaker AT's score=-20278.373976908002
speaker BlindPilot's score=-19280.109071408675
speaker CNJ's score=-17330.598820366977
Detected as -  Afshad
Testing Audio :  1337ad-20170321-tkg\wav\en-0735.wav
speaker 1028's score=-18920.524530394334
speaker 1337ad's score=-16741.886483878865
speaker 1snoke's score=-14580.391116946543
speaker 23yipikaye's score=-17231.47786567844
speaker 2old2play's score=-17172.840801810242
speaker 314piwm's score=-16018.474300125235
speaker Aaron's score=-20601.142204314703
speaker AbdulMoiz's score=-15509.79710984265
speaker AdrianMcNear's score=-16728.879467174855
speaker Afshad's score=-13115.442398178708
speaker AJN's score=-13714.911096898877
speaker AndreyBarrientosCostaRica's score=-17930.29836336054
speaker Anniepoo's score=-13289.770092964089
speaker AT's score=-17344.37905250681
speaker BlindPilot's score=-16920.490203458845
speaker CNJ's score=-14483.939351027158
Detected as -  Afshad
Testing Audio :  1snoke-20120412-hge\wav\a0410.wav
speaker 1028's score=-20676.703872644444
speaker 1337ad's score=-19516.05027459168
speaker 1snoke's score=-16004.063737441913
speaker 23yipikaye's score=-19004.283246593506
speaker 2old2play's score=-20372.2630719638
speaker 314piwm's score=-16960.203266121825
speaker Aaron's score=-23536.02439363522
speaker AbdulMoiz's score=-16887.57214582957
speaker AdrianMcNear's score=-17941.747915129075
speaker Afshad's score=-11685.119640772838
speaker AJN's score=-15733.879010134548
speaker AndreyBarrientosCostaRica's score=-20699.09179466507
speaker Anniepoo's score=-14166.914789498656
speaker AT's score=-19781.111674571966
speaker BlindPilot's score=-19087.817845143814
speaker CNJ's score=-14455.524813123247
Detected as -  Afshad
Testing Audio :  1snoke-20120412-hge\wav\a0411.wav
speaker 1028's score=-23295.51071859988
speaker 1337ad's score=-21361.112026895302
speaker 1snoke's score=-18177.39045637097
speaker 23yipikaye's score=-21444.305290334676
speaker 2old2play's score=-21974.7504251227
speaker 314piwm's score=-18932.75402311195
speaker Aaron's score=-25886.849270070088
speaker AbdulMoiz's score=-19518.832977166257
speaker AdrianMcNear's score=-20260.45048040985
speaker Afshad's score=-13656.524265746692
speaker AJN's score=-17338.607173980385
speaker AndreyBarrientosCostaRica's score=-22894.685527186666
speaker Anniepoo's score=-15571.59189373067
speaker AT's score=-21631.67817503706
speaker BlindPilot's score=-21592.13894106342
speaker CNJ's score=-16548.562875323638
Detected as -  Afshad
Testing Audio :  1snoke-20120412-hge\wav\a0412.wav
speaker 1028's score=-16314.392015587367
speaker 1337ad's score=-15912.952348080991
speaker 1snoke's score=-13280.78271146943
speaker 23yipikaye's score=-15499.366806006212
speaker 2old2play's score=-16629.714911356918
speaker 314piwm's score=-13843.615312056756
speaker Aaron's score=-18394.594498531624
speaker AbdulMoiz's score=-13778.939823609424
speaker AdrianMcNear's score=-13956.606738665207
speaker Afshad's score=-9239.049196580028
speaker AJN's score=-12983.38978603701
speaker AndreyBarrientosCostaRica's score=-16442.13878783708
speaker Anniepoo's score=-10886.645982372966
speaker AT's score=-16278.256771083375
speaker BlindPilot's score=-15042.828684523089
speaker CNJ's score=-11737.876236137887
Detected as -  Afshad
Testing Audio :  1snoke-20120412-hge\wav\a0413.wav
speaker 1028's score=-17726.35875392051
speaker 1337ad's score=-16343.974077702824
speaker 1snoke's score=-13954.188493466545
speaker 23yipikaye's score=-15991.26329703089
speaker 2old2play's score=-17221.603974781752
speaker 314piwm's score=-14193.121371565143
speaker Aaron's score=-19456.915731665893
speaker AbdulMoiz's score=-14807.3681618197
speaker AdrianMcNear's score=-15235.43430811609
speaker Afshad's score=-10129.114559180976
speaker AJN's score=-13015.373191952778
speaker AndreyBarrientosCostaRica's score=-17472.24423596852
speaker Anniepoo's score=-11749.37178335655
speaker AT's score=-16762.673353777176
speaker BlindPilot's score=-16347.464816720434
speaker CNJ's score=-12300.77697319644
Detected as -  Afshad
Testing Audio :  1snoke-20120412-hge\wav\a0414.wav
speaker 1028's score=-16245.036729349289
speaker 1337ad's score=-15531.811334648617
speaker 1snoke's score=-13271.60236847038
speaker 23yipikaye's score=-15590.505422349306
speaker 2old2play's score=-15625.397472961675
speaker 314piwm's score=-13481.22219067248
speaker Aaron's score=-18315.023327295825
speaker AbdulMoiz's score=-13709.123201744422
speaker AdrianMcNear's score=-14630.96507533754
speaker Afshad's score=-9786.288440799797
speaker AJN's score=-12580.09061394
speaker AndreyBarrientosCostaRica's score=-16450.125050181236
speaker Anniepoo's score=-11404.103190081234
speaker AT's score=-15831.854024692393
speaker BlindPilot's score=-15322.026868771485
speaker CNJ's score=-12327.017504006732
Detected as -  Afshad
Testing Audio :  23yipikaye-20100807-ujm\wav\b0317.wav
speaker 1028's score=-18335.490381125997
speaker 1337ad's score=-18712.265149708437
speaker 1snoke's score=-15637.077137564485
speaker 23yipikaye's score=-18036.466319997628
speaker 2old2play's score=-19912.790966114
speaker 314piwm's score=-17205.705723378233
speaker Aaron's score=-22146.37388377942
speaker AbdulMoiz's score=-15248.858849134875
speaker AdrianMcNear's score=-17040.35190141573
speaker Afshad's score=-10907.820297248043
speaker AJN's score=-15430.03504008152
speaker AndreyBarrientosCostaRica's score=-19462.118415668847
speaker Anniepoo's score=-13833.486107255016
speaker AT's score=-17434.477817813062
speaker BlindPilot's score=-15803.18918050387
speaker CNJ's score=-15210.357138229505
Detected as -  Afshad
Testing Audio :  23yipikaye-20100807-ujm\wav\b0318.wav
speaker 1028's score=-10871.269281776866
speaker 1337ad's score=-11679.612649115457
speaker 1snoke's score=-9151.512085836699
speaker 23yipikaye's score=-10766.387091407285
speaker 2old2play's score=-12601.43456343835
speaker 314piwm's score=-9556.692076639953
speaker Aaron's score=-14060.372168859336
speaker AbdulMoiz's score=-8905.237003680675
speaker AdrianMcNear's score=-9137.167204684825
speaker Afshad's score=-5163.2136893145
speaker AJN's score=-9592.029225393928
speaker AndreyBarrientosCostaRica's score=-11512.109796989753
speaker Anniepoo's score=-6717.67620113723
speaker AT's score=-8411.062453949946
speaker BlindPilot's score=-9333.519612245695
speaker CNJ's score=-7715.243956889314
Detected as -  Afshad
Testing Audio :  23yipikaye-20100807-ujm\wav\b0319.wav
speaker 1028's score=-15713.526818877726
speaker 1337ad's score=-17153.41363433736
speaker 1snoke's score=-14032.202351111595
speaker 23yipikaye's score=-16264.691251338501
speaker 2old2play's score=-18324.709845827267
speaker 314piwm's score=-16187.500859582979
speaker Aaron's score=-19966.821076523524
speaker AbdulMoiz's score=-13791.255562842975
speaker AdrianMcNear's score=-15787.193008734956
speaker Afshad's score=-9285.6940978871
speaker AJN's score=-13940.809794238015
speaker AndreyBarrientosCostaRica's score=-17853.866740237732
speaker Anniepoo's score=-12351.370867359921
speaker AT's score=-13865.967363684382
speaker BlindPilot's score=-14377.131397671925
speaker CNJ's score=-14749.75484213929
Detected as -  Afshad
Testing Audio :  23yipikaye-20100807-ujm\wav\b0320.wav
speaker 1028's score=-19077.43545228651
speaker 1337ad's score=-19787.61010551663
speaker 1snoke's score=-16664.45154910296
speaker 23yipikaye's score=-19292.890348310604
speaker 2old2play's score=-21291.004801439456
speaker 314piwm's score=-18263.415547108343
speaker Aaron's score=-23451.032032139206
speaker AbdulMoiz's score=-16479.54625568283
speaker AdrianMcNear's score=-17501.248919890837
speaker Afshad's score=-12128.174513128222
speaker AJN's score=-16826.80581832853
speaker AndreyBarrientosCostaRica's score=-20405.332195139374
speaker Anniepoo's score=-14442.411305458176
speaker AT's score=-15929.546863367967
speaker BlindPilot's score=-17128.137751307593
speaker CNJ's score=-16328.646991867914
Detected as -  Afshad
Testing Audio :  23yipikaye-20100807-ujm\wav\b0321.wav
speaker 1028's score=-13125.162862658575
speaker 1337ad's score=-13833.07974985227
speaker 1snoke's score=-11343.484377676003
speaker 23yipikaye's score=-13272.769314784042
speaker 2old2play's score=-15095.79363457571
speaker 314piwm's score=-12667.527637521785
speaker Aaron's score=-16255.63051088986
speaker AbdulMoiz's score=-11058.978576556354
speaker AdrianMcNear's score=-12358.804517770359
speaker Afshad's score=-7543.364260421505
speaker AJN's score=-11682.496988913324
speaker AndreyBarrientosCostaRica's score=-14254.508904818573
speaker Anniepoo's score=-9663.874111727298
speaker AT's score=-10852.781775243253
speaker BlindPilot's score=-11648.327783314897
speaker CNJ's score=-11206.360379861548
Detected as -  Afshad
Testing Audio :  2old2play-20110606-hcn\wav\a0298.wav
speaker 1028's score=-22157.92946601605
speaker 1337ad's score=-21706.12674149609
speaker 1snoke's score=-18842.8568537307
speaker 23yipikaye's score=-21753.315224343085
speaker 2old2play's score=-22925.55016527812
speaker 314piwm's score=-20343.81021932577
speaker Aaron's score=-25623.4995623233
speaker AbdulMoiz's score=-19429.48663273814
speaker AdrianMcNear's score=-19804.681794416647
speaker Afshad's score=-14477.779370270064
speaker AJN's score=-18393.263294626548
speaker AndreyBarrientosCostaRica's score=-22244.244646511896
speaker Anniepoo's score=-16840.53475431178
speaker AT's score=-20265.865155773696
speaker BlindPilot's score=-20719.985233659827
speaker CNJ's score=-17151.886084675265
Detected as -  Afshad
Testing Audio :  2old2play-20110606-hcn\wav\a0299.wav
speaker 1028's score=-17424.81847913026
speaker 1337ad's score=-16792.114246401812
speaker 1snoke's score=-14744.360139720742
speaker 23yipikaye's score=-17034.343615399805
speaker 2old2play's score=-17673.723042951926
speaker 314piwm's score=-15602.295618046528
speaker Aaron's score=-20712.60683645114
speaker AbdulMoiz's score=-15517.992601763824
speaker AdrianMcNear's score=-15331.572019571058
speaker Afshad's score=-11905.115119316584
speaker AJN's score=-14456.756639634368
speaker AndreyBarrientosCostaRica's score=-17386.51325902321
speaker Anniepoo's score=-13023.987398216306
speaker AT's score=-15880.44202673293
speaker BlindPilot's score=-16428.759715656008
speaker CNJ's score=-13848.1133726011
Detected as -  Afshad
Testing Audio :  2old2play-20110606-hcn\wav\a0300.wav
speaker 1028's score=-17832.561797044174
speaker 1337ad's score=-17647.612969824295
speaker 1snoke's score=-15486.13977726172
speaker 23yipikaye's score=-18004.579656321563
speaker 2old2play's score=-18469.946137719195
speaker 314piwm's score=-16459.068971398166
speaker Aaron's score=-20433.534148674436
speaker AbdulMoiz's score=-15870.492766397922
speaker AdrianMcNear's score=-16893.921159086087
speaker Afshad's score=-11535.927565148462
speaker AJN's score=-15122.578346710061
speaker AndreyBarrientosCostaRica's score=-18467.668545019602
speaker Anniepoo's score=-13693.773416022135
speaker AT's score=-16341.75007246002
speaker BlindPilot's score=-16744.597318003813
speaker CNJ's score=-15822.064654339201
Detected as -  Afshad
Testing Audio :  2old2play-20110606-hcn\wav\a0301.wav
speaker 1028's score=-12888.21179451576
speaker 1337ad's score=-13576.969381642946
speaker 1snoke's score=-11887.01641655684
speaker 23yipikaye's score=-13379.255087708963
speaker 2old2play's score=-13798.625201098776
speaker 314piwm's score=-12300.771295220968
speaker Aaron's score=-15887.501696759948
speaker AbdulMoiz's score=-11875.24164872249
speaker AdrianMcNear's score=-12374.008441850838
speaker Afshad's score=-8801.618451105445
speaker AJN's score=-11334.557544490304
speaker AndreyBarrientosCostaRica's score=-14011.856180367326
speaker Anniepoo's score=-10288.94121785167
speaker AT's score=-11977.413056667712
speaker BlindPilot's score=-11856.682761938002
speaker CNJ's score=-11942.294001206963
Detected as -  Afshad
Testing Audio :  2old2play-20110606-hcn\wav\a0302.wav
speaker 1028's score=-17490.596000841186
speaker 1337ad's score=-17981.114322930014
speaker 1snoke's score=-15803.939957906194
speaker 23yipikaye's score=-17655.922168569432
speaker 2old2play's score=-18789.72249375094
speaker 314piwm's score=-16813.53315840122
speaker Aaron's score=-20526.813758308912
speaker AbdulMoiz's score=-15986.36951070984
speaker AdrianMcNear's score=-16571.214730168263
speaker Afshad's score=-12346.027348522599
speaker AJN's score=-15028.097144425861
speaker AndreyBarrientosCostaRica's score=-18279.52081625493
speaker Anniepoo's score=-13951.161212413133
speaker AT's score=-15813.788226045197
speaker BlindPilot's score=-16668.893456910475
speaker CNJ's score=-15477.73828450307
Detected as -  Afshad
Testing Audio :  314piwm-20130617-xuo\wav\b0249.wav
speaker 1028's score=-11374.708749669047
speaker 1337ad's score=-12352.67729083246
speaker 1snoke's score=-10847.764200495978
speaker 23yipikaye's score=-11755.082149937232
speaker 2old2play's score=-12877.613488696323
speaker 314piwm's score=-11705.984736909893
speaker Aaron's score=-13911.456305040181
speaker AbdulMoiz's score=-10455.925706550497
speaker AdrianMcNear's score=-11408.808594152502
speaker Afshad's score=-7447.059728568093
speaker AJN's score=-10103.703397534273
speaker AndreyBarrientosCostaRica's score=-12734.496220142173
speaker Anniepoo's score=-9123.54485125524
speaker AT's score=-9273.17942875333
speaker BlindPilot's score=-10346.058884263555
speaker CNJ's score=-11339.543249183564
Detected as -  Afshad
Testing Audio :  314piwm-20130617-xuo\wav\b0250.wav
speaker 1028's score=-15256.96586275737
speaker 1337ad's score=-15778.58256929419
speaker 1snoke's score=-13703.29035090259
speaker 23yipikaye's score=-15401.478047993696
speaker 2old2play's score=-16157.083528237828
speaker 314piwm's score=-14417.491114386235
speaker Aaron's score=-18460.53889900299
speaker AbdulMoiz's score=-13327.747666862795
speaker AdrianMcNear's score=-14694.983027517426
speaker Afshad's score=-9812.492382853618
speaker AJN's score=-13160.507200753176
speaker AndreyBarrientosCostaRica's score=-16495.75114660593
speaker Anniepoo's score=-11929.996101257178
speaker AT's score=-13810.231732573506
speaker BlindPilot's score=-13793.117827618733
speaker CNJ's score=-13805.423283048476
Detected as -  Afshad
Testing Audio :  314piwm-20130617-xuo\wav\b0251.wav
speaker 1028's score=-17030.663264469647
speaker 1337ad's score=-16659.342464695914
speaker 1snoke's score=-14512.21991237546
speaker 23yipikaye's score=-16732.604350548616
speaker 2old2play's score=-17271.65798224265
speaker 314piwm's score=-15822.811311738296
speaker Aaron's score=-19245.029019720227
speaker AbdulMoiz's score=-14593.932103851661
speaker AdrianMcNear's score=-15974.187796929149
speaker Afshad's score=-10837.642150292406
speaker AJN's score=-13756.038954083111
speaker AndreyBarrientosCostaRica's score=-17576.724838400936
speaker Anniepoo's score=-12959.383341024382
speaker AT's score=-16057.221784365576
speaker BlindPilot's score=-15203.39526324371
speaker CNJ's score=-14530.585242216195
Detected as -  Afshad
Testing Audio :  314piwm-20130617-xuo\wav\b0252.wav
speaker 1028's score=-16562.953207486615
speaker 1337ad's score=-17428.979113499332
speaker 1snoke's score=-15211.583171788141
speaker 23yipikaye's score=-17085.871896134
speaker 2old2play's score=-18035.447503415446
speaker 314piwm's score=-16420.495515362723
speaker Aaron's score=-19649.785557149524
speaker AbdulMoiz's score=-15278.288255303974
speaker AdrianMcNear's score=-16560.35040030462
speaker Afshad's score=-11400.935151912974
speaker AJN's score=-14260.996727157682
speaker AndreyBarrientosCostaRica's score=-18006.105611868632
speaker Anniepoo's score=-13822.643827573662
speaker AT's score=-13472.998713099638
speaker BlindPilot's score=-14869.304432888177
speaker CNJ's score=-17028.673844248213
Detected as -  Afshad
Testing Audio :  314piwm-20130617-xuo\wav\b0253.wav
speaker 1028's score=-15879.595179431817
speaker 1337ad's score=-16427.70604175551
speaker 1snoke's score=-14349.2289922376
speaker 23yipikaye's score=-15955.80095131451
speaker 2old2play's score=-17075.972546798042
speaker 314piwm's score=-15149.777070262797
speaker Aaron's score=-18918.12956482121
speaker AbdulMoiz's score=-13762.923593137737
speaker AdrianMcNear's score=-15033.828900561326
speaker Afshad's score=-9917.726722563222
speaker AJN's score=-13811.597716688717
speaker AndreyBarrientosCostaRica's score=-16943.690943109395
speaker Anniepoo's score=-12104.507053930578
speaker AT's score=-14151.755244867169
speaker BlindPilot's score=-14505.863589832185
speaker CNJ's score=-13994.813673015662
Detected as -  Afshad
Testing Audio :  Aaron-20080318-kdl\wav\b0024.wav
speaker 1028's score=-10802.126112229216
speaker 1337ad's score=-11727.193907286808
speaker 1snoke's score=-9835.784400980152
speaker 23yipikaye's score=-11186.033694131314
speaker 2old2play's score=-12279.738560297572
speaker 314piwm's score=-10638.039743710102
speaker Aaron's score=-13570.159213085055
speaker AbdulMoiz's score=-9849.150732225951
speaker AdrianMcNear's score=-10461.560052003593
speaker Afshad's score=-6925.905113800254
speaker AJN's score=-9453.289469109865
speaker AndreyBarrientosCostaRica's score=-12233.744449770547
speaker Anniepoo's score=-8662.04980246201
speaker AT's score=-8808.74298121795
speaker BlindPilot's score=-9334.7078015573
speaker CNJ's score=-10546.301960119776
Detected as -  Afshad
Testing Audio :  Aaron-20080318-kdl\wav\b0025.wav
speaker 1028's score=-8818.299614206835
speaker 1337ad's score=-9728.81021479411
speaker 1snoke's score=-7758.324963324432
speaker 23yipikaye's score=-8926.216232489774
speaker 2old2play's score=-10404.868436967769
speaker 314piwm's score=-8297.85246245303
speaker Aaron's score=-11246.354837324287
speaker AbdulMoiz's score=-7668.026462234497
speaker AdrianMcNear's score=-8159.185351062192
speaker Afshad's score=-4777.6397960486565
speaker AJN's score=-7674.963694468499
speaker AndreyBarrientosCostaRica's score=-9650.867635860172
speaker Anniepoo's score=-6285.800429905557
speaker AT's score=-7624.323711622557
speaker BlindPilot's score=-7983.372402071305
speaker CNJ's score=-7308.345232342804
Detected as -  Afshad
Testing Audio :  Aaron-20080318-kdl\wav\b0026.wav
speaker 1028's score=-10134.312149706588
speaker 1337ad's score=-10835.549442709365
speaker 1snoke's score=-9502.183139754925
speaker 23yipikaye's score=-10617.875773458953
speaker 2old2play's score=-11452.35757657238
speaker 314piwm's score=-10241.234669471713
speaker Aaron's score=-12324.01650848279
speaker AbdulMoiz's score=-9210.406649569764
speaker AdrianMcNear's score=-9908.255277020122
speaker Afshad's score=-6851.534095703596
speaker AJN's score=-8927.780855340272
speaker AndreyBarrientosCostaRica's score=-11097.671408401882
speaker Anniepoo's score=-8184.499830824851
speaker AT's score=-8406.621671761275
speaker BlindPilot's score=-9035.65557069202
speaker CNJ's score=-9717.711630911455
Detected as -  Afshad
Testing Audio :  Aaron-20080318-kdl\wav\b0027.wav
speaker 1028's score=-13760.398144454273
speaker 1337ad's score=-14118.691484865905
speaker 1snoke's score=-12221.602165626065
speaker 23yipikaye's score=-13728.732162149769
speaker 2old2play's score=-14897.977520275974
speaker 314piwm's score=-12830.93348554549
speaker Aaron's score=-16520.346772959885
speaker AbdulMoiz's score=-11878.575790266186
speaker AdrianMcNear's score=-12818.01845271267
speaker Afshad's score=-8893.2450414333
speaker AJN's score=-11460.582880740789
speaker AndreyBarrientosCostaRica's score=-14491.27736821609
speaker Anniepoo's score=-10725.226915658379
speaker AT's score=-11937.450882022842
speaker BlindPilot's score=-12136.466992988468
speaker CNJ's score=-11944.039609172702
Detected as -  Afshad
Testing Audio :  Aaron-20080318-kdl\wav\b0028.wav
speaker 1028's score=-13570.00327718803
speaker 1337ad's score=-14129.54052990229
speaker 1snoke's score=-12299.15314025508
speaker 23yipikaye's score=-13866.268969384333
speaker 2old2play's score=-14675.65376189465
speaker 314piwm's score=-12731.297104103078
speaker Aaron's score=-16270.991574196792
speaker AbdulMoiz's score=-11910.255556513468
speaker AdrianMcNear's score=-12453.343922660748
speaker Afshad's score=-8876.501415102975
speaker AJN's score=-11639.76805315216
speaker AndreyBarrientosCostaRica's score=-14193.189943925665
speaker Anniepoo's score=-10369.329812564658
speaker AT's score=-11793.560779943287
speaker BlindPilot's score=-12017.202335074398
speaker CNJ's score=-11442.799262065659
Detected as -  Afshad
Testing Audio :  AbdulMoiz-20121010-juf\wav\a0291.wav
speaker 1028's score=-24821.496444933247
speaker 1337ad's score=-24361.351007311456
speaker 1snoke's score=-19333.529656659986
speaker 23yipikaye's score=-23418.885830207193
speaker 2old2play's score=-25379.060146254596
speaker 314piwm's score=-20623.616643519974
speaker Aaron's score=-29232.168281617156
speaker AbdulMoiz's score=-20311.30204962394
speaker AdrianMcNear's score=-20774.537526729466
speaker Afshad's score=-13597.389449015356
speaker AJN's score=-19789.38435548731
speaker AndreyBarrientosCostaRica's score=-24666.487954174496
speaker Anniepoo's score=-16588.245578111153
speaker AT's score=-24434.24511381676
speaker BlindPilot's score=-22287.29972009308
speaker CNJ's score=-16638.036573684287
Detected as -  Afshad
Testing Audio :  AbdulMoiz-20121010-juf\wav\a0292.wav
speaker 1028's score=-18741.437809171253
speaker 1337ad's score=-19526.585043450752
speaker 1snoke's score=-15930.78729581194
speaker 23yipikaye's score=-18753.90484890875
speaker 2old2play's score=-20175.824287891068
speaker 314piwm's score=-17248.36913425434
speaker Aaron's score=-23087.861537576442
speaker AbdulMoiz's score=-16382.424589733799
speaker AdrianMcNear's score=-16153.035239839348
speaker Afshad's score=-10697.02126957765
speaker AJN's score=-16045.349374604906
speaker AndreyBarrientosCostaRica's score=-19259.32657093538
speaker Anniepoo's score=-12525.114978857535
speaker AT's score=-14167.921809192576
speaker BlindPilot's score=-16414.911710334356
speaker CNJ's score=-13962.478875130268
Detected as -  Afshad
Testing Audio :  AbdulMoiz-20121010-juf\wav\a0293.wav
speaker 1028's score=-16751.45181963517
speaker 1337ad's score=-15920.43438098337
speaker 1snoke's score=-12819.817575220553
speaker 23yipikaye's score=-15698.671235693233
speaker 2old2play's score=-16443.188486054252
speaker 314piwm's score=-14023.664450111053
speaker Aaron's score=-19039.226043664625
speaker AbdulMoiz's score=-13342.348900887384
speaker AdrianMcNear's score=-14461.891931839024
speaker Afshad's score=-9554.651333350716
speaker AJN's score=-12984.183334123405
speaker AndreyBarrientosCostaRica's score=-16174.79573107458
speaker Anniepoo's score=-11496.282876413396
speaker AT's score=-16288.011089311653
speaker BlindPilot's score=-15044.881760298247
speaker CNJ's score=-10926.996482992541
Detected as -  Afshad
Testing Audio :  AbdulMoiz-20121010-juf\wav\a0294.wav
speaker 1028's score=-18352.240626764666
speaker 1337ad's score=-18425.81137501106
speaker 1snoke's score=-14875.49106939329
speaker 23yipikaye's score=-17803.697964287217
speaker 2old2play's score=-19101.338357930457
speaker 314piwm's score=-14835.08444653519
speaker Aaron's score=-21970.23801322161
speaker AbdulMoiz's score=-14947.657066391403
speaker AdrianMcNear's score=-15020.506729055265
speaker Afshad's score=-10639.17359607853
speaker AJN's score=-15616.170020739784
speaker AndreyBarrientosCostaRica's score=-17955.383306038002
speaker Anniepoo's score=-12082.542852887476
speaker AT's score=-17815.073746885413
speaker BlindPilot's score=-16176.978910197578
speaker CNJ's score=-11984.247834815375
Detected as -  Afshad
Testing Audio :  AbdulMoiz-20121010-juf\wav\a0295.wav
speaker 1028's score=-21803.416973784864
speaker 1337ad's score=-22396.879975850774
speaker 1snoke's score=-18430.097044365888
speaker 23yipikaye's score=-21698.37734387689
speaker 2old2play's score=-23347.23346110969
speaker 314piwm's score=-19258.600691204734
speaker Aaron's score=-26334.994353152608
speaker AbdulMoiz's score=-18400.80561609237
speaker AdrianMcNear's score=-19769.7590363491
speaker Afshad's score=-13960.64381797555
speaker AJN's score=-17879.18585757979
speaker AndreyBarrientosCostaRica's score=-22514.202879237193
speaker Anniepoo's score=-16144.625234063535
speaker AT's score=-21265.032171533472
speaker BlindPilot's score=-19696.169021441365
speaker CNJ's score=-17129.609065837987
Detected as -  Afshad
Testing Audio :  AdrianMcNear-20091016-psv\wav\a0577.wav
speaker 1028's score=-25590.34931137425
speaker 1337ad's score=-26994.139515510855
speaker 1snoke's score=-22847.431800541373
speaker 23yipikaye's score=-26438.885827718248
speaker 2old2play's score=-27679.76715853501
speaker 314piwm's score=-22624.37211445933
speaker Aaron's score=-32348.242628807326
speaker AbdulMoiz's score=-21781.330851980732
speaker AdrianMcNear's score=-22509.606295820347
speaker Afshad's score=-15870.92666473624
speaker AJN's score=-22414.47605194939
speaker AndreyBarrientosCostaRica's score=-26002.309471159904
speaker Anniepoo's score=-17652.736086493824
speaker AT's score=-22413.238836229044
speaker BlindPilot's score=-22129.069905779557
speaker CNJ's score=-19612.19150466968
Detected as -  Afshad
Testing Audio :  AdrianMcNear-20091016-psv\wav\a0578.wav
speaker 1028's score=-16762.245863206637
speaker 1337ad's score=-17511.017064796757
speaker 1snoke's score=-13865.015585160685
speaker 23yipikaye's score=-16597.85828342573
speaker 2old2play's score=-18579.80557089278
speaker 314piwm's score=-14227.857623769509
speaker Aaron's score=-20863.692136280224
speaker AbdulMoiz's score=-13638.973286223492
speaker AdrianMcNear's score=-13900.804410733042
speaker Afshad's score=-8804.349035818019
speaker AJN's score=-14111.304366553348
speaker AndreyBarrientosCostaRica's score=-16919.110955867247
speaker Anniepoo's score=-10733.759731275231
speaker AT's score=-16988.74528430084
speaker BlindPilot's score=-15374.469588682274
speaker CNJ's score=-11392.9121992156
Detected as -  Afshad
Testing Audio :  AdrianMcNear-20091016-psv\wav\a0579.wav
speaker 1028's score=-17013.275374186152
speaker 1337ad's score=-17042.06405819305
speaker 1snoke's score=-13271.363369159017
speaker 23yipikaye's score=-16151.825731411453
speaker 2old2play's score=-18173.07875124602
speaker 314piwm's score=-14020.72354171181
speaker Aaron's score=-20246.815083819867
speaker AbdulMoiz's score=-13934.30384290878
speaker AdrianMcNear's score=-14414.990338051546
speaker Afshad's score=-8332.18513891715
speaker AJN's score=-13724.13133981148
speaker AndreyBarrientosCostaRica's score=-17598.146499564922
speaker Anniepoo's score=-10878.613765754093
speaker AT's score=-17357.153792179495
speaker BlindPilot's score=-15864.812187084754
speaker CNJ's score=-11843.731045789302
Detected as -  Afshad
Testing Audio :  AdrianMcNear-20091016-psv\wav\a0580.wav
speaker 1028's score=-15109.205811752345
speaker 1337ad's score=-15732.301201429138
speaker 1snoke's score=-11931.515778712055
speaker 23yipikaye's score=-14488.879711754238
speaker 2old2play's score=-16546.972420203187
speaker 314piwm's score=-12459.767204819207
speaker Aaron's score=-18736.290405345564
speaker AbdulMoiz's score=-12125.564854577868
speaker AdrianMcNear's score=-12450.144366590583
speaker Afshad's score=-6903.553333068903
speaker AJN's score=-12647.329741395082
speaker AndreyBarrientosCostaRica's score=-15307.48041205694
speaker Anniepoo's score=-9173.181579737748
speaker AT's score=-15044.20201246022
speaker BlindPilot's score=-13101.249722244022
speaker CNJ's score=-9304.383313799266
Detected as -  Afshad
Testing Audio :  AdrianMcNear-20091016-psv\wav\a0581.wav
speaker 1028's score=-28283.764297953436
speaker 1337ad's score=-29370.282228012504
speaker 1snoke's score=-24194.021055827667
speaker 23yipikaye's score=-27589.86112531129
speaker 2old2play's score=-30638.797290782546
speaker 314piwm's score=-25084.258179887634
speaker Aaron's score=-34348.487654078315
speaker AbdulMoiz's score=-24197.93693696994
speaker AdrianMcNear's score=-25044.471561187704
speaker Afshad's score=-15775.057367157217
speaker AJN's score=-23520.519647679423
speaker AndreyBarrientosCostaRica's score=-29369.78542821669
speaker Anniepoo's score=-19695.73481945086
speaker AT's score=-27633.938606235948
speaker BlindPilot's score=-25686.139491940492
speaker CNJ's score=-20715.727534309797
Detected as -  Afshad
Testing Audio :  Afshad-20090813-zcz\wav\a0452.wav
speaker 1028's score=-20089.111711814316
speaker 1337ad's score=-19963.247058276436
speaker 1snoke's score=-16228.095881162277
speaker 23yipikaye's score=-18828.65770830661
speaker 2old2play's score=-21142.842470518834
speaker 314piwm's score=-17001.649409552796
speaker Aaron's score=-23833.16396340498
speaker AbdulMoiz's score=-16500.294136028802
speaker AdrianMcNear's score=-16544.500149847918
speaker Afshad's score=-10677.97054288995
speaker AJN's score=-16369.089444394915
speaker AndreyBarrientosCostaRica's score=-20305.749908571423
speaker Anniepoo's score=-13078.834755805798
speaker AT's score=-19742.421038313965
speaker BlindPilot's score=-18646.243156489876
speaker CNJ's score=-13814.401092851538
Detected as -  Afshad
Testing Audio :  Afshad-20090813-zcz\wav\a0453.wav
speaker 1028's score=-19536.936722676917
speaker 1337ad's score=-19106.175460150364
speaker 1snoke's score=-14901.991863028981
speaker 23yipikaye's score=-18350.946850820852
speaker 2old2play's score=-20382.13813530623
speaker 314piwm's score=-15384.880931539474
speaker Aaron's score=-23306.311947959348
speaker AbdulMoiz's score=-15315.507192346317
speaker AdrianMcNear's score=-15039.144072070703
speaker Afshad's score=-9396.968204306024
speaker AJN's score=-15842.148329106663
speaker AndreyBarrientosCostaRica's score=-19270.78551692339
speaker Anniepoo's score=-11250.815494150935
speaker AT's score=-19578.563335017934
speaker BlindPilot's score=-17642.510654955247
speaker CNJ's score=-11339.863259094807
Detected as -  Afshad
Testing Audio :  Afshad-20090813-zcz\wav\a0454.wav
speaker 1028's score=-22204.32404967276
speaker 1337ad's score=-21710.331842928492
speaker 1snoke's score=-17015.459678262334
speaker 23yipikaye's score=-20336.215713664646
speaker 2old2play's score=-22434.214233000956
speaker 314piwm's score=-17820.527314908
speaker Aaron's score=-26107.904661081193
speaker AbdulMoiz's score=-17626.729105635008
speaker AdrianMcNear's score=-18622.185614389873
speaker Afshad's score=-11299.99912937024
speaker AJN's score=-17139.62677842507
speaker AndreyBarrientosCostaRica's score=-22158.17070661138
speaker Anniepoo's score=-13864.85617996187
speaker AT's score=-22579.453053413352
speaker BlindPilot's score=-19830.502470790943
speaker CNJ's score=-15248.948393115188
Detected as -  Afshad
Testing Audio :  Afshad-20090813-zcz\wav\a0455.wav
speaker 1028's score=-27063.870835547954
speaker 1337ad's score=-26789.867309859037
speaker 1snoke's score=-21245.164157868978
speaker 23yipikaye's score=-24925.57242165218
speaker 2old2play's score=-28211.885462594066
speaker 314piwm's score=-22495.744232258356
speaker Aaron's score=-32436.05231139438
speaker AbdulMoiz's score=-21878.967156291157
speaker AdrianMcNear's score=-22373.090601973436
speaker Afshad's score=-13061.444363872428
speaker AJN's score=-21301.72174636351
speaker AndreyBarrientosCostaRica's score=-27197.045266529778
speaker Anniepoo's score=-16623.654686283753
speaker AT's score=-27493.436879856017
speaker BlindPilot's score=-25028.20073153414
speaker CNJ's score=-16960.994086573548
Detected as -  Afshad
Testing Audio :  Afshad-20090813-zcz\wav\a0456.wav
speaker 1028's score=-23118.88653242955
speaker 1337ad's score=-22037.887104727528
speaker 1snoke's score=-17301.683559236648
speaker 23yipikaye's score=-20645.97081746468
speaker 2old2play's score=-23711.28872918774
speaker 314piwm's score=-18812.792802601834
speaker Aaron's score=-26534.8908505423
speaker AbdulMoiz's score=-17960.913045552275
speaker AdrianMcNear's score=-18420.935559822876
speaker Afshad's score=-11355.73828364373
speaker AJN's score=-17502.55729317547
speaker AndreyBarrientosCostaRica's score=-21911.697700413424
speaker Anniepoo's score=-13661.444194236803
speaker AT's score=-22813.803131749904
speaker BlindPilot's score=-21009.77400622778
speaker CNJ's score=-13549.720856788776
Detected as -  Afshad
Testing Audio :  AJN-20131002-zcl\wav\b0094.wav
speaker 1028's score=-15783.98363129893
speaker 1337ad's score=-15359.027113890388
speaker 1snoke's score=-12759.031454207703
speaker 23yipikaye's score=-14988.791964954828
speaker 2old2play's score=-15713.263320132659
speaker 314piwm's score=-14139.924378158194
speaker Aaron's score=-18270.445237172986
speaker AbdulMoiz's score=-12967.733856963207
speaker AdrianMcNear's score=-13417.084958820204
speaker Afshad's score=-9563.185918329878
speaker AJN's score=-12742.461243188402
speaker AndreyBarrientosCostaRica's score=-15359.15101033804
speaker Anniepoo's score=-11590.123970677985
speaker AT's score=-14747.815054476008
speaker BlindPilot's score=-13896.72285118992
speaker CNJ's score=-11224.25598729144
Detected as -  Afshad
Testing Audio :  AJN-20131002-zcl\wav\b0095.wav
speaker 1028's score=-19014.725834734065
speaker 1337ad's score=-18651.64805974833
speaker 1snoke's score=-15474.256504461016
speaker 23yipikaye's score=-18228.960060973328
speaker 2old2play's score=-19688.44753141206
speaker 314piwm's score=-15988.085501701942
speaker Aaron's score=-22745.0657175359
speaker AbdulMoiz's score=-15905.89817224214
speaker AdrianMcNear's score=-16390.235388901307
speaker Afshad's score=-11055.820161605056
speaker AJN's score=-15423.755108048112
speaker AndreyBarrientosCostaRica's score=-19063.442157877755
speaker Anniepoo's score=-13144.992073028186
speaker AT's score=-18750.47326911634
speaker BlindPilot's score=-17129.485317293147
speaker CNJ's score=-13608.728802631193
Detected as -  Afshad
Testing Audio :  AJN-20131002-zcl\wav\b0096.wav
speaker 1028's score=-13497.294470833329
speaker 1337ad's score=-14404.218104193036
speaker 1snoke's score=-12006.149243028143
speaker 23yipikaye's score=-13758.0628406482
speaker 2old2play's score=-14933.71546466312
speaker 314piwm's score=-12661.486152137524
speaker Aaron's score=-16953.0120711988
speaker AbdulMoiz's score=-12041.61395298106
speaker AdrianMcNear's score=-12334.690482538532
speaker Afshad's score=-8574.93568811084
speaker AJN's score=-11871.81952734199
speaker AndreyBarrientosCostaRica's score=-14312.261273359163
speaker Anniepoo's score=-10076.200293752374
speaker AT's score=-11069.766319836011
speaker BlindPilot's score=-12022.859853369904
speaker CNJ's score=-11391.343780342395
Detected as -  Afshad
Testing Audio :  AJN-20131002-zcl\wav\b0097.wav
speaker 1028's score=-13331.138500284716
speaker 1337ad's score=-13875.798138899045
speaker 1snoke's score=-11417.423494874598
speaker 23yipikaye's score=-12976.842517196133
speaker 2old2play's score=-14673.64915762542
speaker 314piwm's score=-11804.147823274603
speaker Aaron's score=-16369.485352618212
speaker AbdulMoiz's score=-11087.00274580683
speaker AdrianMcNear's score=-11509.040982616618
speaker Afshad's score=-7194.308232596296
speaker AJN's score=-10951.509563426624
speaker AndreyBarrientosCostaRica's score=-13644.332212344661
speaker Anniepoo's score=-8873.622426375172
speaker AT's score=-11187.872489180902
speaker BlindPilot's score=-11453.315196785361
speaker CNJ's score=-9772.261127993177
Detected as -  Afshad
Testing Audio :  AJN-20131002-zcl\wav\b0098.wav
speaker 1028's score=-21437.130731834844
speaker 1337ad's score=-20605.96549920221
speaker 1snoke's score=-17057.605697821782
speaker 23yipikaye's score=-20077.213150314987
speaker 2old2play's score=-21533.031593762524
speaker 314piwm's score=-17849.085402164976
speaker Aaron's score=-24645.06364612376
speaker AbdulMoiz's score=-17561.649738713757
speaker AdrianMcNear's score=-17348.399262010425
speaker Afshad's score=-12518.768810468342
speaker AJN's score=-17356.835194009553
speaker AndreyBarrientosCostaRica's score=-20153.965033932807
speaker Anniepoo's score=-15186.446890893776
speaker AT's score=-19337.86953147315
speaker BlindPilot's score=-18871.041612490575
speaker CNJ's score=-14275.747662078158
Detected as -  Afshad
Testing Audio :  AndreyBarrientosCostaRica-20130710-tpy\wav\b0216.wav
speaker 1028's score=-11807.376762383316
speaker 1337ad's score=-12831.680192603566
speaker 1snoke's score=-10721.91652773161
speaker 23yipikaye's score=-12474.064804248423
speaker 2old2play's score=-13557.172192587122
speaker 314piwm's score=-11548.392512210035
speaker Aaron's score=-15303.31670414229
speaker AbdulMoiz's score=-10443.953242679789
speaker AdrianMcNear's score=-11020.637579852244
speaker Afshad's score=-7466.565906100834
speaker AJN's score=-10369.813188334845
speaker AndreyBarrientosCostaRica's score=-12317.300720947707
speaker Anniepoo's score=-8914.668154975265
speaker AT's score=-9313.812743823371
speaker BlindPilot's score=-9735.14409963385
speaker CNJ's score=-10579.52658485946
Detected as -  Afshad
Testing Audio :  AndreyBarrientosCostaRica-20130710-tpy\wav\b0217.wav
speaker 1028's score=-13071.778804077814
speaker 1337ad's score=-13757.571167190285
speaker 1snoke's score=-11617.58351561962
speaker 23yipikaye's score=-13292.014090405244
speaker 2old2play's score=-14458.671482145644
speaker 314piwm's score=-12256.600288562959
speaker Aaron's score=-16573.907692799534
speaker AbdulMoiz's score=-11323.416382204297
speaker AdrianMcNear's score=-11202.423256639948
speaker Afshad's score=-8493.148072658354
speaker AJN's score=-11403.386374900301
speaker AndreyBarrientosCostaRica's score=-13364.125056198902
speaker Anniepoo's score=-9665.051834916827
speaker AT's score=-10757.36702512792
speaker BlindPilot's score=-11463.60122506558
speaker CNJ's score=-9402.16706209593
Detected as -  Afshad
Testing Audio :  AndreyBarrientosCostaRica-20130710-tpy\wav\b0218.wav
speaker 1028's score=-12024.170255708923
speaker 1337ad's score=-12673.628579223998
speaker 1snoke's score=-10424.772093832235
speaker 23yipikaye's score=-12241.890544986552
speaker 2old2play's score=-13202.771966408565
speaker 314piwm's score=-10656.259520826945
speaker Aaron's score=-15109.731412785002
speaker AbdulMoiz's score=-10118.075155355871
speaker AdrianMcNear's score=-10158.902287506067
speaker Afshad's score=-6617.127839690585
speaker AJN's score=-10510.23223192504
speaker AndreyBarrientosCostaRica's score=-12138.804756520218
speaker Anniepoo's score=-8585.459590464334
speaker AT's score=-10750.604372821155
speaker BlindPilot's score=-10678.138344112787
speaker CNJ's score=-7901.025175912886
Detected as -  Afshad
Testing Audio :  AndreyBarrientosCostaRica-20130710-tpy\wav\b0219.wav
speaker 1028's score=-13762.926636653603
speaker 1337ad's score=-14999.79140312667
speaker 1snoke's score=-12356.757994500105
speaker 23yipikaye's score=-14385.733140921415
speaker 2old2play's score=-15429.023852557304
speaker 314piwm's score=-13958.978811233634
speaker Aaron's score=-17304.04222595034
speaker AbdulMoiz's score=-12627.841713848666
speaker AdrianMcNear's score=-13812.14645707447
speaker Afshad's score=-8923.855980709868
speaker AJN's score=-11689.50737459815
speaker AndreyBarrientosCostaRica's score=-15566.678981646934
speaker Anniepoo's score=-11107.13057421269
speaker AT's score=-11102.612027184683
speaker BlindPilot's score=-11860.215689871009
speaker CNJ's score=-13687.008736033553
Detected as -  Afshad
Testing Audio :  AndreyBarrientosCostaRica-20130710-tpy\wav\b0220.wav
speaker 1028's score=-10400.28100290657
speaker 1337ad's score=-11014.054201429539
speaker 1snoke's score=-8837.795760273217
speaker 23yipikaye's score=-10584.062729140505
speaker 2old2play's score=-11715.018107326858
speaker 314piwm's score=-9477.460043129757
speaker Aaron's score=-12992.25471334287
speaker AbdulMoiz's score=-8670.198729906948
speaker AdrianMcNear's score=-9192.95451049692
speaker Afshad's score=-5565.554227852104
speaker AJN's score=-9322.989243616004
speaker AndreyBarrientosCostaRica's score=-10956.22291448354
speaker Anniepoo's score=-7522.51084517358
speaker AT's score=-9098.230128311987
speaker BlindPilot's score=-9629.178994951333
speaker CNJ's score=-7730.641516756092
Detected as -  Afshad
Testing Audio :  Anniepoo-20140308-cqj\wav\a0121.wav
speaker 1028's score=-18918.76798755849
speaker 1337ad's score=-17722.523355326903
speaker 1snoke's score=-14334.977585817309
speaker 23yipikaye's score=-17250.33976536902
speaker 2old2play's score=-18650.85977504198
speaker 314piwm's score=-15806.706252077505
speaker Aaron's score=-21309.20937160727
speaker AbdulMoiz's score=-14934.471801014655
speaker AdrianMcNear's score=-15927.922678226883
speaker Afshad's score=-10336.556354505157
speaker AJN's score=-14699.315534868376
speaker AndreyBarrientosCostaRica's score=-18254.432102177852
speaker Anniepoo's score=-12949.954401415413
speaker AT's score=-17881.408048199806
speaker BlindPilot's score=-17032.744520077038
speaker CNJ's score=-12353.048959443397
Detected as -  Afshad
Testing Audio :  Anniepoo-20140308-cqj\wav\a0122.wav
speaker 1028's score=-14755.616350226692
speaker 1337ad's score=-14568.88585511718
speaker 1snoke's score=-12151.86647659199
speaker 23yipikaye's score=-14312.323854073325
speaker 2old2play's score=-15088.201074776713
speaker 314piwm's score=-13154.420284021879
speaker Aaron's score=-16566.29988063062
speaker AbdulMoiz's score=-12271.781203189383
speaker AdrianMcNear's score=-13349.91559198963
speaker Afshad's score=-9123.976269884592
speaker AJN's score=-12063.211036079872
speaker AndreyBarrientosCostaRica's score=-15081.24824109612
speaker Anniepoo's score=-10757.252855071329
speaker AT's score=-14538.557259904026
speaker BlindPilot's score=-13329.379030297187
speaker CNJ's score=-11798.797742898709
Detected as -  Afshad
Testing Audio :  Anniepoo-20140308-cqj\wav\a0123.wav
speaker 1028's score=-15450.31363202039
speaker 1337ad's score=-15047.889136000376
speaker 1snoke's score=-12288.250682213444
speaker 23yipikaye's score=-14413.821850794726
speaker 2old2play's score=-15605.594127082953
speaker 314piwm's score=-12331.3397966094
speaker Aaron's score=-17897.00531527675
speaker AbdulMoiz's score=-12632.593262142778
speaker AdrianMcNear's score=-12981.949341721484
speaker Afshad's score=-8536.520829139261
speaker AJN's score=-11928.151212217439
speaker AndreyBarrientosCostaRica's score=-15353.069573090756
speaker Anniepoo's score=-9614.217993883984
speaker AT's score=-15258.181131231335
speaker BlindPilot's score=-14330.064137788559
speaker CNJ's score=-10519.657840831518
Detected as -  Afshad
Testing Audio :  Anniepoo-20140308-cqj\wav\a0124.wav
speaker 1028's score=-18951.963304785826
speaker 1337ad's score=-19360.48858774694
speaker 1snoke's score=-15996.461407035318
speaker 23yipikaye's score=-18204.498114046302
speaker 2old2play's score=-19853.485763130266
speaker 314piwm's score=-17018.872303232216
speaker Aaron's score=-22483.107143153622
speaker AbdulMoiz's score=-15930.53773808159
speaker AdrianMcNear's score=-16908.220384577115
speaker Afshad's score=-11478.277408202395
speaker AJN's score=-15820.620223168491
speaker AndreyBarrientosCostaRica's score=-19345.85369463809
speaker Anniepoo's score=-13950.571214041953
speaker AT's score=-18888.774984644584
speaker BlindPilot's score=-17013.160925437365
speaker CNJ's score=-14298.898085547287
Detected as -  Afshad
Testing Audio :  Anniepoo-20140308-cqj\wav\a0125.wav
speaker 1028's score=-16170.316020811564
speaker 1337ad's score=-16046.578226449497
speaker 1snoke's score=-13765.108855944225
speaker 23yipikaye's score=-15195.319899902574
speaker 2old2play's score=-16617.777971967986
speaker 314piwm's score=-14873.78156216138
speaker Aaron's score=-19211.513353794704
speaker AbdulMoiz's score=-14089.33063992346
speaker AdrianMcNear's score=-14885.153680345862
speaker Afshad's score=-11347.503266275535
speaker AJN's score=-12757.68596799796
speaker AndreyBarrientosCostaRica's score=-16445.600248464383
speaker Anniepoo's score=-12201.81377564554
speaker AT's score=-16092.310752414765
speaker BlindPilot's score=-15272.91002390735
speaker CNJ's score=-12682.809205953296
Detected as -  Afshad
Testing Audio :  AT-20130718-lws\wav\a0016.wav
speaker 1028's score=-18592.87515809226
speaker 1337ad's score=-18925.709015271557
speaker 1snoke's score=-15873.694244263734
speaker 23yipikaye's score=-18524.66921293609
speaker 2old2play's score=-19644.350307086577
speaker 314piwm's score=-16261.641681125257
speaker Aaron's score=-22433.416964232594
speaker AbdulMoiz's score=-15501.851820932092
speaker AdrianMcNear's score=-16212.08719539276
speaker Afshad's score=-10914.079710167174
speaker AJN's score=-15491.015079966859
speaker AndreyBarrientosCostaRica's score=-18973.7051662858
speaker Anniepoo's score=-13005.43826646694
speaker AT's score=-16985.660547876243
speaker BlindPilot's score=-15921.388360349147
speaker CNJ's score=-13804.991641005052
Detected as -  Afshad
Testing Audio :  AT-20130718-lws\wav\a0017.wav
speaker 1028's score=-19283.488146809133
speaker 1337ad's score=-19894.723289801488
speaker 1snoke's score=-17214.732730868327
speaker 23yipikaye's score=-19759.251139086206
speaker 2old2play's score=-20910.432596728475
speaker 314piwm's score=-17451.111242390034
speaker Aaron's score=-23778.180147945954
speaker AbdulMoiz's score=-16447.8405413867
speaker AdrianMcNear's score=-16937.76441503682
speaker Afshad's score=-12549.082708189217
speaker AJN's score=-16525.135100255968
speaker AndreyBarrientosCostaRica's score=-19518.224742062484
speaker Anniepoo's score=-14374.965453482371
speaker AT's score=-16837.912323683333
speaker BlindPilot's score=-16555.98379672362
speaker CNJ's score=-14722.140473040397
Detected as -  Afshad
Testing Audio :  AT-20130718-lws\wav\a0018.wav
speaker 1028's score=-10871.88262401156
speaker 1337ad's score=-10829.609424643937
speaker 1snoke's score=-8731.281935400184
speaker 23yipikaye's score=-10246.61789389126
speaker 2old2play's score=-11277.019860384562
speaker 314piwm's score=-9286.673226859202
speaker Aaron's score=-12754.165392169154
speaker AbdulMoiz's score=-9034.916146818587
speaker AdrianMcNear's score=-9392.240155159012
speaker Afshad's score=-5878.346629475585
speaker AJN's score=-8614.59914262712
speaker AndreyBarrientosCostaRica's score=-11427.890430949017
speaker Anniepoo's score=-7293.290958875986
speaker AT's score=-10942.293411837523
speaker BlindPilot's score=-10019.884741983566
speaker CNJ's score=-7951.795650172223
Detected as -  Afshad
Testing Audio :  AT-20130718-lws\wav\a0019.wav
speaker 1028's score=-15783.030751255985
speaker 1337ad's score=-16849.565618052256
speaker 1snoke's score=-14386.874781906554
speaker 23yipikaye's score=-16401.285264918675
speaker 2old2play's score=-17188.417224166355
speaker 314piwm's score=-14883.345038127118
speaker Aaron's score=-19727.109972249997
speaker AbdulMoiz's score=-13945.693197107501
speaker AdrianMcNear's score=-14517.765086809995
speaker Afshad's score=-9863.820005660382
speaker AJN's score=-13568.043465557063
speaker AndreyBarrientosCostaRica's score=-16887.022569037897
speaker Anniepoo's score=-11807.266639618501
speaker AT's score=-13561.23261777449
speaker BlindPilot's score=-14328.959617281673
speaker CNJ's score=-12732.099045798574
Detected as -  Afshad
Testing Audio :  AT-20130718-lws\wav\a0020.wav
speaker 1028's score=-15186.679876554288
speaker 1337ad's score=-15980.404211374218
speaker 1snoke's score=-13234.242827200642
speaker 23yipikaye's score=-15121.435881762314
speaker 2old2play's score=-16334.550759184458
speaker 314piwm's score=-13944.496741394747
speaker Aaron's score=-18753.213246952888
speaker AbdulMoiz's score=-13055.87930590802
speaker AdrianMcNear's score=-13501.932897896893
speaker Afshad's score=-9533.025065887065
speaker AJN's score=-12623.859016295006
speaker AndreyBarrientosCostaRica's score=-15686.908884679771
speaker Anniepoo's score=-11086.497322101293
speaker AT's score=-13787.258839367325
speaker BlindPilot's score=-13669.629590069035
speaker CNJ's score=-11847.823372264906
Detected as -  Afshad
Testing Audio :  BlindPilot-20100610-kko\wav\a0346.wav
speaker 1028's score=-16017.198589956151
speaker 1337ad's score=-14420.111401411194
speaker 1snoke's score=-11221.858356126395
speaker 23yipikaye's score=-14118.968596020093
speaker 2old2play's score=-14583.993164088752
speaker 314piwm's score=-11811.939921313176
speaker Aaron's score=-17609.443005788467
speaker AbdulMoiz's score=-12494.178714526737
speaker AdrianMcNear's score=-12427.812719810045
speaker Afshad's score=-8584.987201274993
speaker AJN's score=-11863.34671064475
speaker AndreyBarrientosCostaRica's score=-15082.82454293092
speaker Anniepoo's score=-10016.470162132979
speaker AT's score=-14531.06877133283
speaker BlindPilot's score=-13837.674389543532
speaker CNJ's score=-8336.959225177103
Detected as -  CNJ
Testing Audio :  BlindPilot-20100610-kko\wav\a0347.wav
speaker 1028's score=-20486.404624836003
speaker 1337ad's score=-20913.984901666518
speaker 1snoke's score=-17763.068324386335
speaker 23yipikaye's score=-20599.05973948942
speaker 2old2play's score=-21751.00753393719
speaker 314piwm's score=-18296.52853698095
speaker Aaron's score=-24176.071836277933
speaker AbdulMoiz's score=-17669.615640561344
speaker AdrianMcNear's score=-19433.930585881804
speaker Afshad's score=-13487.194032641382
speaker AJN's score=-17309.610404302315
speaker AndreyBarrientosCostaRica's score=-21873.78776870787
speaker Anniepoo's score=-15850.921481568499
speaker AT's score=-20186.046843076158
speaker BlindPilot's score=-18615.02051338013
speaker CNJ's score=-17068.749636642602
Detected as -  Afshad
Testing Audio :  BlindPilot-20100610-kko\wav\a0348.wav
speaker 1028's score=-15589.809739538821
speaker 1337ad's score=-14922.48374365258
speaker 1snoke's score=-12317.136534057461
speaker 23yipikaye's score=-14744.927521516318
speaker 2old2play's score=-15397.044041755622
speaker 314piwm's score=-12510.470041129334
speaker Aaron's score=-18059.902823115717
speaker AbdulMoiz's score=-12867.196520856302
speaker AdrianMcNear's score=-13392.706133031388
speaker Afshad's score=-8291.639937232632
speaker AJN's score=-12016.673949953523
speaker AndreyBarrientosCostaRica's score=-15449.46676016749
speaker Anniepoo's score=-10089.485015595674
speaker AT's score=-14825.594996165091
speaker BlindPilot's score=-14640.417291921358
speaker CNJ's score=-10537.231895565143
Detected as -  Afshad
Testing Audio :  BlindPilot-20100610-kko\wav\a0349.wav
speaker 1028's score=-18348.707505944658
speaker 1337ad's score=-16746.81983774651
speaker 1snoke's score=-14177.743903202765
speaker 23yipikaye's score=-16786.726562376993
speaker 2old2play's score=-17373.83051091189
speaker 314piwm's score=-15177.598525736617
speaker Aaron's score=-20324.4778098732
speaker AbdulMoiz's score=-14846.928605147645
speaker AdrianMcNear's score=-15959.577999233192
speaker Afshad's score=-11057.23286895197
speaker AJN's score=-13812.281887303434
speaker AndreyBarrientosCostaRica's score=-17687.24451018437
speaker Anniepoo's score=-12622.060405187367
speaker AT's score=-17059.944064999778
speaker BlindPilot's score=-16465.618419249877
speaker CNJ's score=-13012.577139009534
Detected as -  Afshad
Testing Audio :  BlindPilot-20100610-kko\wav\a0350.wav
speaker 1028's score=-19789.599873227693
speaker 1337ad's score=-17737.835977933646
speaker 1snoke's score=-14795.573403233917
speaker 23yipikaye's score=-18109.09206855816
speaker 2old2play's score=-18082.91828264641
speaker 314piwm's score=-15636.578794986368
speaker Aaron's score=-21734.583518329153
speaker AbdulMoiz's score=-16203.051855070049
speaker AdrianMcNear's score=-17562.116124502943
speaker Afshad's score=-12286.746758616066
speaker AJN's score=-14503.040935650008
speaker AndreyBarrientosCostaRica's score=-18941.49134387709
speaker Anniepoo's score=-13169.835030908398
speaker AT's score=-18015.741151196984
speaker BlindPilot's score=-18133.19019692442
speaker CNJ's score=-14305.957577979672
Detected as -  Afshad
Testing Audio :  CNJ-20120417-jbe\wav\ar-11.wav
speaker 1028's score=-29702.345579100715
speaker 1337ad's score=-29015.713321729898
speaker 1snoke's score=-23285.27390013593
speaker 23yipikaye's score=-27572.69051430149
speaker 2old2play's score=-30294.901047250976
speaker 314piwm's score=-24989.400344817645
speaker Aaron's score=-34902.47271515321
speaker AbdulMoiz's score=-24456.887562123276
speaker AdrianMcNear's score=-25510.779567509042
speaker Afshad's score=-16973.095773144414
speaker AJN's score=-23277.87899134249
speaker AndreyBarrientosCostaRica's score=-29603.692832472985
speaker Anniepoo's score=-19752.2438626895
speaker AT's score=-27355.92355036497
speaker BlindPilot's score=-27230.27882532881
speaker CNJ's score=-20766.185663590222
Detected as -  Afshad
Testing Audio :  CNJ-20120417-jbe\wav\ar-12.wav
speaker 1028's score=-23817.916768048173
speaker 1337ad's score=-23174.29142930356
speaker 1snoke's score=-18467.059302990456
speaker 23yipikaye's score=-22221.73756226167
speaker 2old2play's score=-23979.864678164562
speaker 314piwm's score=-18837.11889147692
speaker Aaron's score=-28193.92339305998
speaker AbdulMoiz's score=-19784.24389040707
speaker AdrianMcNear's score=-20374.96292489337
speaker Afshad's score=-13088.245452144256
speaker AJN's score=-18265.02463526282
speaker AndreyBarrientosCostaRica's score=-23748.657123925943
speaker Anniepoo's score=-14375.604844683457
speaker AT's score=-22042.346723619652
speaker BlindPilot's score=-22020.05041193861
speaker CNJ's score=-16819.622603649164
Detected as -  Afshad
Testing Audio :  CNJ-20120417-jbe\wav\ar-13.wav
speaker 1028's score=-24088.273751214692
speaker 1337ad's score=-23563.19403650301
speaker 1snoke's score=-18754.229225829815
speaker 23yipikaye's score=-23048.833012391297
speaker 2old2play's score=-24544.236785780988
speaker 314piwm's score=-20005.399455505438
speaker Aaron's score=-28474.717542264745
speaker AbdulMoiz's score=-20100.184509322426
speaker AdrianMcNear's score=-20838.667747793595
speaker Afshad's score=-14146.828279631587
speaker AJN's score=-19356.67623520785
speaker AndreyBarrientosCostaRica's score=-24026.524968348203
speaker Anniepoo's score=-15763.168883559056
speaker AT's score=-21749.851460288806
speaker BlindPilot's score=-21837.566364051963
speaker CNJ's score=-17701.123969867433
Detected as -  Afshad
Testing Audio :  CNJ-20120417-jbe\wav\ar-14.wav
speaker 1028's score=-31823.321451761225
speaker 1337ad's score=-31592.712030020215
speaker 1snoke's score=-25461.28477977577
speaker 23yipikaye's score=-30349.85178725698
speaker 2old2play's score=-33356.14459678459
speaker 314piwm's score=-27972.673183777162
speaker Aaron's score=-38274.24650448952
speaker AbdulMoiz's score=-26788.15015453965
speaker AdrianMcNear's score=-28188.483572255034
speaker Afshad's score=-19266.066846781312
speaker AJN's score=-26082.513267227943
speaker AndreyBarrientosCostaRica's score=-32188.172438203335
speaker Anniepoo's score=-21856.123106161373
speaker AT's score=-29602.07639450742
speaker BlindPilot's score=-29979.839991901637
speaker CNJ's score=-22756.808871313624
Detected as -  Afshad
Testing Audio :  CNJ-20120417-jbe\wav\ar-15.wav
speaker 1028's score=-27799.03301071029
speaker 1337ad's score=-27857.896913807053
speaker 1snoke's score=-22489.785552342328
speaker 23yipikaye's score=-26851.936213714733
speaker 2old2play's score=-28389.73663546278
speaker 314piwm's score=-23457.524953916927
speaker Aaron's score=-33625.40645857491
speaker AbdulMoiz's score=-24021.42748545388
speaker AdrianMcNear's score=-24252.775320478308
speaker Afshad's score=-17007.125211970862
speaker AJN's score=-22358.21687823289
speaker AndreyBarrientosCostaRica's score=-27613.725159659312
speaker Anniepoo's score=-18542.28122246269
speaker AT's score=-24113.683924884732
speaker BlindPilot's score=-24821.7070530735
speaker CNJ's score=-21002.784169816783
Detected as -  Afshad
error = 75 total sample= 80.0
The Accuracy Percentage for the current testing Performance with MFCC + GMM is :  6.25 %
time cost 83.9528431892395 s
