Testing Audio :  1028-20100710-hne\wav\ar-06.wav
speaker 1028's score=-8178.270180276273
speaker 1337ad's score=-11420.222371279755
speaker 1snoke's score=-9582.582655918903
speaker 23yipikaye's score=-10317.480286830727
speaker 2old2play's score=-12343.030211578658
speaker 314piwm's score=-9721.740829431144
speaker Aaron's score=-12735.504910286258
speaker AbdulMoiz's score=-10883.403527617042
speaker AdrianMcNear's score=-10782.77051559697
speaker Afshad's score=-11535.091377318353
speaker AJN's score=-11081.488590083585
speaker AndreyBarrientosCostaRica's score=-11101.38939063516
speaker Anniepoo's score=-12024.514469800264
speaker AT's score=-11991.796137848
speaker BlindPilot's score=-11451.014944311617
speaker CNJ's score=-14540.84011542935
Detected as -  1028
Testing Audio :  1028-20100710-hne\wav\ar-07.wav
speaker 1028's score=-9755.06699747052
speaker 1337ad's score=-13863.945782323233
speaker 1snoke's score=-11024.361302357916
speaker 23yipikaye's score=-12511.91297910368
speaker 2old2play's score=-15067.296517067916
speaker 314piwm's score=-12081.99810116535
speaker Aaron's score=-15213.14711388027
speaker AbdulMoiz's score=-12319.83727664697
speaker AdrianMcNear's score=-13165.983002449933
speaker Afshad's score=-13385.194608619813
speaker AJN's score=-12771.199690291514
speaker AndreyBarrientosCostaRica's score=-12928.904433098098
speaker Anniepoo's score=-14112.368215989529
speaker AT's score=-13222.949067721516
speaker BlindPilot's score=-13958.79655959026
speaker CNJ's score=-16381.492029273337
Detected as -  1028
Testing Audio :  1028-20100710-hne\wav\rp-29.wav
speaker 1028's score=-10194.11630357446
speaker 1337ad's score=-14332.20591693599
speaker 1snoke's score=-11438.783829406126
speaker 23yipikaye's score=-12699.83056818526
speaker 2old2play's score=-15123.558111817212
speaker 314piwm's score=-12260.516318812672
speaker Aaron's score=-15871.141803481481
speaker AbdulMoiz's score=-12727.691342775628
speaker AdrianMcNear's score=-12951.302701771896
speaker Afshad's score=-12857.766613842354
speaker AJN's score=-13166.60830414782
speaker AndreyBarrientosCostaRica's score=-13461.98066403108
speaker Anniepoo's score=-13849.25061230435
speaker AT's score=-12919.559092153138
speaker BlindPilot's score=-13996.834856622936
speaker CNJ's score=-16657.49048401125
Detected as -  1028
Testing Audio :  1028-20100710-hne\wav\rp-30.wav
speaker 1028's score=-12577.805010368902
speaker 1337ad's score=-17398.78021191707
speaker 1snoke's score=-15118.761391022848
speaker 23yipikaye's score=-15463.891617909914
speaker 2old2play's score=-18776.53274414928
speaker 314piwm's score=-15013.471354793404
speaker Aaron's score=-18938.127840684516
speaker AbdulMoiz's score=-16189.59232776256
speaker AdrianMcNear's score=-16630.333998398375
speaker Afshad's score=-16742.087721429314
speaker AJN's score=-15759.735768750714
speaker AndreyBarrientosCostaRica's score=-16884.91814714107
speaker Anniepoo's score=-17454.7594097318
speaker AT's score=-17780.35929236376
speaker BlindPilot's score=-17291.34643568543
speaker CNJ's score=-21026.36452287902
Detected as -  1028
Testing Audio :  1028-20100710-hne\wav\rp-31.wav
speaker 1028's score=-8507.427107004523
speaker 1337ad's score=-10480.100237976421
speaker 1snoke's score=-8748.481254674141
speaker 23yipikaye's score=-9419.991825206143
speaker 2old2play's score=-11770.02056606121
speaker 314piwm's score=-9721.512061898871
speaker Aaron's score=-11776.230564094007
speaker AbdulMoiz's score=-8971.109334589106
speaker AdrianMcNear's score=-9862.704340832533
speaker Afshad's score=-10833.16018228303
speaker AJN's score=-10131.737043659636
speaker AndreyBarrientosCostaRica's score=-10241.491152372835
speaker Anniepoo's score=-10668.131178505675
speaker AT's score=-9779.41884407695
speaker BlindPilot's score=-10494.767845022552
speaker CNJ's score=-11865.748620081493
Detected as -  1028
Testing Audio :  1337ad-20170321-tkg\wav\en-0731.wav
speaker 1028's score=-9567.550141217083
speaker 1337ad's score=-7017.786742502662
speaker 1snoke's score=-9420.927766379113
speaker 23yipikaye's score=-9775.916842853461
speaker 2old2play's score=-10053.74266555885
speaker 314piwm's score=-9683.749591393795
speaker Aaron's score=-9943.78637288345
speaker AbdulMoiz's score=-8840.500756337211
speaker AdrianMcNear's score=-8915.27988631166
speaker Afshad's score=-11090.853708490715
speaker AJN's score=-9389.170592657469
speaker AndreyBarrientosCostaRica's score=-9035.109277528842
speaker Anniepoo's score=-10662.722738671591
speaker AT's score=-10322.958910466892
speaker BlindPilot's score=-9280.124460141204
speaker CNJ's score=-11911.264250523469
Detected as -  1337ad
Testing Audio :  1337ad-20170321-tkg\wav\en-0732.wav
speaker 1028's score=-13156.319488288194
speaker 1337ad's score=-9367.39723197927
speaker 1snoke's score=-12898.808153727774
speaker 23yipikaye's score=-13476.49688247261
speaker 2old2play's score=-13777.99370197243
speaker 314piwm's score=-13562.13019901338
speaker Aaron's score=-13482.808945960353
speaker AbdulMoiz's score=-11723.265381644022
speaker AdrianMcNear's score=-13085.424062518025
speaker Afshad's score=-14942.181405754709
speaker AJN's score=-12614.258077155342
speaker AndreyBarrientosCostaRica's score=-12667.873439110394
speaker Anniepoo's score=-14335.057827374421
speaker AT's score=-13983.877020693446
speaker BlindPilot's score=-12779.12184827908
speaker CNJ's score=-15663.708797426176
Detected as -  1337ad
Testing Audio :  1337ad-20170321-tkg\wav\en-0733.wav
speaker 1028's score=-16243.772540980552
speaker 1337ad's score=-11151.891781947386
speaker 1snoke's score=-16151.761434805298
speaker 23yipikaye's score=-15633.433957294528
speaker 2old2play's score=-16567.63652196191
speaker 314piwm's score=-15916.975663943242
speaker Aaron's score=-16020.90339869419
speaker AbdulMoiz's score=-15110.704178002576
speaker AdrianMcNear's score=-16122.285183506148
speaker Afshad's score=-17675.78179910971
speaker AJN's score=-15019.91801608552
speaker AndreyBarrientosCostaRica's score=-15975.326881170706
speaker Anniepoo's score=-16815.309245849272
speaker AT's score=-17169.361954800257
speaker BlindPilot's score=-16172.443392988911
speaker CNJ's score=-19604.21287041813
Detected as -  1337ad
Testing Audio :  1337ad-20170321-tkg\wav\en-0734.wav
speaker 1028's score=-17480.253613893507
speaker 1337ad's score=-12462.440647898573
speaker 1snoke's score=-17519.821982099646
speaker 23yipikaye's score=-17208.639092094723
speaker 2old2play's score=-18088.642357874218
speaker 314piwm's score=-17536.229813087397
speaker Aaron's score=-17854.60699249548
speaker AbdulMoiz's score=-16141.209273498951
speaker AdrianMcNear's score=-17511.908794408824
speaker Afshad's score=-19168.469020668254
speaker AJN's score=-16573.744794361977
speaker AndreyBarrientosCostaRica's score=-17356.45978750445
speaker Anniepoo's score=-18796.659655747128
speaker AT's score=-18795.51709008443
speaker BlindPilot's score=-16813.58571225005
speaker CNJ's score=-20902.32582204989
Detected as -  1337ad
Testing Audio :  1337ad-20170321-tkg\wav\en-0735.wav
speaker 1028's score=-14377.767579171245
speaker 1337ad's score=-10706.825938621882
speaker 1snoke's score=-14248.230870417137
speaker 23yipikaye's score=-14323.230029546488
speaker 2old2play's score=-15222.122891591747
speaker 314piwm's score=-14476.563711673502
speaker Aaron's score=-14862.005081244366
speaker AbdulMoiz's score=-13496.389851336628
speaker AdrianMcNear's score=-14772.592326162368
speaker Afshad's score=-15908.77636789519
speaker AJN's score=-14202.596968872334
speaker AndreyBarrientosCostaRica's score=-14088.39401839655
speaker Anniepoo's score=-15079.431763516652
speaker AT's score=-15451.25962673542
speaker BlindPilot's score=-14396.027396360081
speaker CNJ's score=-17571.708054604373
Detected as -  1337ad
Testing Audio :  1snoke-20120412-hge\wav\a0410.wav
speaker 1028's score=-16735.212810540783
speaker 1337ad's score=-19136.772298001815
speaker 1snoke's score=-14369.127082011602
speaker 23yipikaye's score=-17860.52203885757
speaker 2old2play's score=-20411.855711064018
speaker 314piwm's score=-18215.63615292056
speaker Aaron's score=-21707.39763285993
speaker AbdulMoiz's score=-17384.076023134785
speaker AdrianMcNear's score=-17964.599773999256
speaker Afshad's score=-18375.22236742699
speaker AJN's score=-18514.859714081576
speaker AndreyBarrientosCostaRica's score=-18671.09122800856
speaker Anniepoo's score=-19007.90393515919
speaker AT's score=-19293.51539937396
speaker BlindPilot's score=-18431.61222979463
speaker CNJ's score=-22374.678701417215
Detected as -  1snoke
Testing Audio :  1snoke-20120412-hge\wav\a0411.wav
speaker 1028's score=-17390.953601166202
speaker 1337ad's score=-19629.68103749137
speaker 1snoke's score=-14158.771366623387
speaker 23yipikaye's score=-18428.360379814025
speaker 2old2play's score=-21149.16649109969
speaker 314piwm's score=-19117.679113624177
speaker Aaron's score=-22048.393491437513
speaker AbdulMoiz's score=-17192.272425263083
speaker AdrianMcNear's score=-18891.51001306095
speaker Afshad's score=-18480.600123300854
speaker AJN's score=-19368.645443579448
speaker AndreyBarrientosCostaRica's score=-19464.145477757455
speaker Anniepoo's score=-19383.715690692043
speaker AT's score=-18955.102735992317
speaker BlindPilot's score=-18795.701118518253
speaker CNJ's score=-23152.711630589103
Detected as -  1snoke
Testing Audio :  1snoke-20120412-hge\wav\a0412.wav
speaker 1028's score=-12251.196262690179
speaker 1337ad's score=-14978.784754906605
speaker 1snoke's score=-9898.586049326139
speaker 23yipikaye's score=-12641.990712386076
speaker 2old2play's score=-15352.967087821038
speaker 314piwm's score=-12865.916690592401
speaker Aaron's score=-16842.7155036279
speaker AbdulMoiz's score=-12073.839433918409
speaker AdrianMcNear's score=-12890.613473522162
speaker Afshad's score=-13414.119995866895
speaker AJN's score=-14237.53736026271
speaker AndreyBarrientosCostaRica's score=-14187.540287954324
speaker Anniepoo's score=-13975.51256031727
speaker AT's score=-13376.323215572746
speaker BlindPilot's score=-13663.943746906061
speaker CNJ's score=-16253.096844920168
Detected as -  1snoke
Testing Audio :  1snoke-20120412-hge\wav\a0413.wav
speaker 1028's score=-14203.857564913453
speaker 1337ad's score=-15611.420319448058
speaker 1snoke's score=-10820.341151287874
speaker 23yipikaye's score=-14347.218100890315
speaker 2old2play's score=-16480.230903948675
speaker 314piwm's score=-14922.304132568675
speaker Aaron's score=-17243.736529341106
speaker AbdulMoiz's score=-12821.545880294354
speaker AdrianMcNear's score=-14529.297178300489
speaker Afshad's score=-14915.235156373148
speaker AJN's score=-15581.173609625355
speaker AndreyBarrientosCostaRica's score=-15556.516972789497
speaker Anniepoo's score=-14842.742242396998
speaker AT's score=-14792.959972258574
speaker BlindPilot's score=-14780.87972711255
speaker CNJ's score=-17340.08123678357
Detected as -  1snoke
Testing Audio :  1snoke-20120412-hge\wav\a0414.wav
speaker 1028's score=-12217.744975778318
speaker 1337ad's score=-13645.260752245791
speaker 1snoke's score=-9647.019097144635
speaker 23yipikaye's score=-12712.008927949955
speaker 2old2play's score=-14797.067488948796
speaker 314piwm's score=-13187.882586916327
speaker Aaron's score=-15664.003151722163
speaker AbdulMoiz's score=-11200.495040456057
speaker AdrianMcNear's score=-12906.809925307498
speaker Afshad's score=-13192.816186222019
speaker AJN's score=-13485.48200037958
speaker AndreyBarrientosCostaRica's score=-13733.338901009938
speaker Anniepoo's score=-13112.690273539323
speaker AT's score=-13197.786718407227
speaker BlindPilot's score=-12826.985436490886
speaker CNJ's score=-14978.04942588556
Detected as -  1snoke
Testing Audio :  23yipikaye-20100807-ujm\wav\b0317.wav
speaker 1028's score=-18283.79914685546
speaker 1337ad's score=-19840.32118638129
speaker 1snoke's score=-18448.96820919824
speaker 23yipikaye's score=-14485.937797035614
speaker 2old2play's score=-20726.485482522323
speaker 314piwm's score=-18905.422163588115
speaker Aaron's score=-23582.110708874796
speaker AbdulMoiz's score=-20173.575215218953
speaker AdrianMcNear's score=-18169.011212013487
speaker Afshad's score=-18922.927630007765
speaker AJN's score=-20200.7173273102
speaker AndreyBarrientosCostaRica's score=-20757.248319286933
speaker Anniepoo's score=-18716.77877854331
speaker AT's score=-22043.71816997645
speaker BlindPilot's score=-20821.930816549342
speaker CNJ's score=-25071.380408199213
Detected as -  23yipikaye
Testing Audio :  23yipikaye-20100807-ujm\wav\b0318.wav
speaker 1028's score=-11478.478103174533
speaker 1337ad's score=-12265.32570990908
speaker 1snoke's score=-11171.89890899978
speaker 23yipikaye's score=-8607.561859084311
speaker 2old2play's score=-13547.064992022148
speaker 314piwm's score=-11527.295799411684
speaker Aaron's score=-14644.57499385228
speaker AbdulMoiz's score=-11460.504339329786
speaker AdrianMcNear's score=-11606.225385825783
speaker Afshad's score=-12055.808884341794
speaker AJN's score=-12418.410163657747
speaker AndreyBarrientosCostaRica's score=-12890.943013145043
speaker Anniepoo's score=-11765.433444405679
speaker AT's score=-12007.54535126554
speaker BlindPilot's score=-12483.239319905631
speaker CNJ's score=-15101.762510779465
Detected as -  23yipikaye
Testing Audio :  23yipikaye-20100807-ujm\wav\b0319.wav
speaker 1028's score=-13836.058270132791
speaker 1337ad's score=-15194.725735916247
speaker 1snoke's score=-13505.166601918565
speaker 23yipikaye's score=-10944.429816848076
speaker 2old2play's score=-17163.817240841723
speaker 314piwm's score=-14471.267975322346
speaker Aaron's score=-18912.522680681894
speaker AbdulMoiz's score=-13549.015328712258
speaker AdrianMcNear's score=-14217.931015417602
speaker Afshad's score=-16326.834701440494
speaker AJN's score=-16042.1200755061
speaker AndreyBarrientosCostaRica's score=-16784.286942906343
speaker Anniepoo's score=-16118.701456150207
speaker AT's score=-16831.403771228124
speaker BlindPilot's score=-16103.35839019204
speaker CNJ's score=-20258.018382048314
Detected as -  23yipikaye
Testing Audio :  23yipikaye-20100807-ujm\wav\b0320.wav
speaker 1028's score=-18543.125116623174
speaker 1337ad's score=-19564.771015672264
speaker 1snoke's score=-18816.53822919428
speaker 23yipikaye's score=-15938.36320528192
speaker 2old2play's score=-21321.111313323672
speaker 314piwm's score=-19243.505270749076
speaker Aaron's score=-22820.78727878794
speaker AbdulMoiz's score=-19902.511232270404
speaker AdrianMcNear's score=-19630.899902549096
speaker Afshad's score=-19583.215606768223
speaker AJN's score=-20110.20659655011
speaker AndreyBarrientosCostaRica's score=-21091.07613748641
speaker Anniepoo's score=-19546.607890342446
speaker AT's score=-21572.835307544417
speaker BlindPilot's score=-20834.641405190865
speaker CNJ's score=-24849.566874871776
Detected as -  23yipikaye
Testing Audio :  23yipikaye-20100807-ujm\wav\b0321.wav
speaker 1028's score=-12861.984012892173
speaker 1337ad's score=-13657.74624531322
speaker 1snoke's score=-12871.904036274977
speaker 23yipikaye's score=-10300.50455680345
speaker 2old2play's score=-15647.113806346824
speaker 314piwm's score=-13692.199116070447
speaker Aaron's score=-16697.187105318975
speaker AbdulMoiz's score=-13799.752176037673
speaker AdrianMcNear's score=-13920.079021237465
speaker Afshad's score=-14495.643269113105
speaker AJN's score=-14562.062532971879
speaker AndreyBarrientosCostaRica's score=-15288.414493941451
speaker Anniepoo's score=-14153.977071998748
speaker AT's score=-15594.189031976526
speaker BlindPilot's score=-14852.208516677276
speaker CNJ's score=-18214.206080325952
Detected as -  23yipikaye
Testing Audio :  2old2play-20110606-hcn\wav\a0298.wav
speaker 1028's score=-21791.51119977609
speaker 1337ad's score=-21275.20556264375
speaker 1snoke's score=-20993.333157250432
speaker 23yipikaye's score=-21909.60263659992
speaker 2old2play's score=-15845.693165189983
speaker 314piwm's score=-20920.52054998187
speaker Aaron's score=-24995.0427757882
speaker AbdulMoiz's score=-21632.53318869298
speaker AdrianMcNear's score=-20473.804123665417
speaker Afshad's score=-22294.803278206065
speaker AJN's score=-20812.458858686798
speaker AndreyBarrientosCostaRica's score=-21293.911056052362
speaker Anniepoo's score=-21951.75451689736
speaker AT's score=-23304.758107264002
speaker BlindPilot's score=-21072.128429500503
speaker CNJ's score=-25170.76135205553
Detected as -  2old2play
Testing Audio :  2old2play-20110606-hcn\wav\a0299.wav
speaker 1028's score=-17235.619790946068
speaker 1337ad's score=-17044.762343580514
speaker 1snoke's score=-16750.983541957816
speaker 23yipikaye's score=-17266.30875917209
speaker 2old2play's score=-12728.56325044125
speaker 314piwm's score=-16983.745692286215
speaker Aaron's score=-20147.981515196265
speaker AbdulMoiz's score=-17159.23054907254
speaker AdrianMcNear's score=-16462.7980057576
speaker Afshad's score=-17890.465724877587
speaker AJN's score=-16903.30827552187
speaker AndreyBarrientosCostaRica's score=-17358.853918641656
speaker Anniepoo's score=-17348.62626445073
speaker AT's score=-18840.695906188965
speaker BlindPilot's score=-16694.098421734903
speaker CNJ's score=-19994.755879177384
Detected as -  2old2play
Testing Audio :  2old2play-20110606-hcn\wav\a0300.wav
speaker 1028's score=-17273.130954269516
speaker 1337ad's score=-16923.363501320095
speaker 1snoke's score=-16698.069335540597
speaker 23yipikaye's score=-17289.789204733832
speaker 2old2play's score=-12466.237267040446
speaker 314piwm's score=-16932.938103661523
speaker Aaron's score=-20231.786241817303
speaker AbdulMoiz's score=-17124.598083593548
speaker AdrianMcNear's score=-16112.522499674604
speaker Afshad's score=-17781.280771188598
speaker AJN's score=-16705.658584777124
speaker AndreyBarrientosCostaRica's score=-17328.68272345206
speaker Anniepoo's score=-17386.68569468406
speaker AT's score=-19030.206306527092
speaker BlindPilot's score=-16373.148692037334
speaker CNJ's score=-19185.93358832443
Detected as -  2old2play
Testing Audio :  2old2play-20110606-hcn\wav\a0301.wav
speaker 1028's score=-12451.642184280789
speaker 1337ad's score=-12126.836697954797
speaker 1snoke's score=-11744.797968910425
speaker 23yipikaye's score=-12150.36730257589
speaker 2old2play's score=-8395.761501025516
speaker 314piwm's score=-12239.724982467576
speaker Aaron's score=-15060.976933151882
speaker AbdulMoiz's score=-11854.510413216256
speaker AdrianMcNear's score=-10907.713411677618
speaker Afshad's score=-13226.526245139332
speaker AJN's score=-12230.007779729516
speaker AndreyBarrientosCostaRica's score=-11952.669380750007
speaker Anniepoo's score=-12462.475486309711
speaker AT's score=-13869.68699388962
speaker BlindPilot's score=-11823.296626726471
speaker CNJ's score=-13700.361710298472
Detected as -  2old2play
Testing Audio :  2old2play-20110606-hcn\wav\a0302.wav
speaker 1028's score=-17089.48747418922
speaker 1337ad's score=-17182.297339415814
speaker 1snoke's score=-16510.90771705013
speaker 23yipikaye's score=-17252.409314303466
speaker 2old2play's score=-13312.559353148012
speaker 314piwm's score=-16328.064165519088
speaker Aaron's score=-19823.500978492073
speaker AbdulMoiz's score=-17237.748207245633
speaker AdrianMcNear's score=-16319.84517213034
speaker Afshad's score=-17625.657236753977
speaker AJN's score=-16426.91026874713
speaker AndreyBarrientosCostaRica's score=-17271.91795702409
speaker Anniepoo's score=-17370.196756087462
speaker AT's score=-18603.861747890653
speaker BlindPilot's score=-16573.022868591903
speaker CNJ's score=-20368.503703206512
Detected as -  2old2play
Testing Audio :  314piwm-20130617-xuo\wav\b0249.wav
speaker 1028's score=-9067.254326243703
speaker 1337ad's score=-10073.189443784235
speaker 1snoke's score=-9192.480716366277
speaker 23yipikaye's score=-9602.744925781768
speaker 2old2play's score=-10344.529424725206
speaker 314piwm's score=-7322.344392743922
speaker Aaron's score=-11380.558226923205
speaker AbdulMoiz's score=-9672.620981891545
speaker AdrianMcNear's score=-8852.730114480055
speaker Afshad's score=-10105.031283465712
speaker AJN's score=-9231.298274541117
speaker AndreyBarrientosCostaRica's score=-9361.739190058785
speaker Anniepoo's score=-10578.359546696618
speaker AT's score=-10696.054341032912
speaker BlindPilot's score=-10250.199019986487
speaker CNJ's score=-12350.144765504636
Detected as -  314piwm
Testing Audio :  314piwm-20130617-xuo\wav\b0250.wav
speaker 1028's score=-12972.963015490972
speaker 1337ad's score=-14394.311185175116
speaker 1snoke's score=-13530.657326259452
speaker 23yipikaye's score=-13249.104377241132
speaker 2old2play's score=-14777.372691717774
speaker 314piwm's score=-10652.677189076725
speaker Aaron's score=-15923.639669757706
speaker AbdulMoiz's score=-14164.048831588363
speaker AdrianMcNear's score=-13374.587994114698
speaker Afshad's score=-14390.596756747473
speaker AJN's score=-13755.11397990261
speaker AndreyBarrientosCostaRica's score=-13700.797258325043
speaker Anniepoo's score=-14698.706358254356
speaker AT's score=-15045.923318192392
speaker BlindPilot's score=-14732.007133075227
speaker CNJ's score=-17594.008432151924
Detected as -  314piwm
Testing Audio :  314piwm-20130617-xuo\wav\b0251.wav
speaker 1028's score=-12657.257637498367
speaker 1337ad's score=-14051.66419334402
speaker 1snoke's score=-12858.483433739324
speaker 23yipikaye's score=-12996.779804337188
speaker 2old2play's score=-14688.67749713851
speaker 314piwm's score=-10507.853563052704
speaker Aaron's score=-15680.062964782837
speaker AbdulMoiz's score=-13234.69509519048
speaker AdrianMcNear's score=-12692.12488953497
speaker Afshad's score=-14375.782101206421
speaker AJN's score=-13856.495424092862
speaker AndreyBarrientosCostaRica's score=-13910.202064210573
speaker Anniepoo's score=-14607.866799489406
speaker AT's score=-15186.201046492033
speaker BlindPilot's score=-14335.502992622867
speaker CNJ's score=-17027.91543882976
Detected as -  314piwm
Testing Audio :  314piwm-20130617-xuo\wav\b0252.wav
speaker 1028's score=-13336.042659156345
speaker 1337ad's score=-14950.308115737711
speaker 1snoke's score=-13796.457016159662
speaker 23yipikaye's score=-13703.60617169668
speaker 2old2play's score=-15398.350845242869
speaker 314piwm's score=-10616.490422493342
speaker Aaron's score=-16412.716138680145
speaker AbdulMoiz's score=-14877.19404132598
speaker AdrianMcNear's score=-14389.890960048102
speaker Afshad's score=-14943.576726906584
speaker AJN's score=-13720.624675973228
speaker AndreyBarrientosCostaRica's score=-14333.739347728588
speaker Anniepoo's score=-15083.817536987182
speaker AT's score=-15929.975224051694
speaker BlindPilot's score=-15092.397611715103
speaker CNJ's score=-18543.885666502778
Detected as -  314piwm
Testing Audio :  314piwm-20130617-xuo\wav\b0253.wav
speaker 1028's score=-14290.438591296876
speaker 1337ad's score=-15764.057977643908
speaker 1snoke's score=-14568.846467274037
speaker 23yipikaye's score=-14707.9642518179
speaker 2old2play's score=-15947.753255547916
speaker 314piwm's score=-12173.469133982055
speaker Aaron's score=-16814.102236052837
speaker AbdulMoiz's score=-15051.941791324056
speaker AdrianMcNear's score=-14948.611117865017
speaker Afshad's score=-15318.55639372264
speaker AJN's score=-14480.844460164884
speaker AndreyBarrientosCostaRica's score=-15289.856594562825
speaker Anniepoo's score=-15869.53806693041
speaker AT's score=-16409.763239511478
speaker BlindPilot's score=-15505.02227361488
speaker CNJ's score=-18856.224536462323
Detected as -  314piwm
Testing Audio :  Aaron-20080318-kdl\wav\b0024.wav
speaker 1028's score=-9922.38539410922
speaker 1337ad's score=-9970.530491245092
speaker 1snoke's score=-9624.107029343842
speaker 23yipikaye's score=-10442.933682327453
speaker 2old2play's score=-11429.729122479439
speaker 314piwm's score=-10765.170840859302
speaker Aaron's score=-6995.917085964207
speaker AbdulMoiz's score=-9355.675458378588
speaker AdrianMcNear's score=-10733.995367857226
speaker Afshad's score=-11486.85772487368
speaker AJN's score=-10452.815603400297
speaker AndreyBarrientosCostaRica's score=-9558.848197899071
speaker Anniepoo's score=-10797.58892372903
speaker AT's score=-9969.712173607666
speaker BlindPilot's score=-9584.041970122162
speaker CNJ's score=-12524.196775764409
Detected as -  Aaron
Testing Audio :  Aaron-20080318-kdl\wav\b0025.wav
speaker 1028's score=-8518.416126207952
speaker 1337ad's score=-8906.531337648592
speaker 1snoke's score=-8044.582758824436
speaker 23yipikaye's score=-9231.781456827895
speaker 2old2play's score=-9968.037601771965
speaker 314piwm's score=-9234.723557511437
speaker Aaron's score=-7190.635881529827
speaker AbdulMoiz's score=-7013.056290444473
speaker AdrianMcNear's score=-8694.562612911177
speaker Afshad's score=-9749.771682125625
speaker AJN's score=-9318.256443438844
speaker AndreyBarrientosCostaRica's score=-8031.579805179442
speaker Anniepoo's score=-9058.636443590065
speaker AT's score=-7609.194837168935
speaker BlindPilot's score=-8081.3651725350355
speaker CNJ's score=-9977.511746480624
Detected as -  AbdulMoiz
Testing Audio :  Aaron-20080318-kdl\wav\b0026.wav
speaker 1028's score=-9316.563966819596
speaker 1337ad's score=-9699.961306146015
speaker 1snoke's score=-9201.110273436156
speaker 23yipikaye's score=-9970.247661063459
speaker 2old2play's score=-10303.866785324548
speaker 314piwm's score=-9925.635443227115
speaker Aaron's score=-6057.359878022731
speaker AbdulMoiz's score=-8881.51784140398
speaker AdrianMcNear's score=-9754.416626569133
speaker Afshad's score=-10421.827027002155
speaker AJN's score=-9576.95066888303
speaker AndreyBarrientosCostaRica's score=-8757.801600533738
speaker Anniepoo's score=-9999.609210941084
speaker AT's score=-9444.86837151638
speaker BlindPilot's score=-8625.028190332545
speaker CNJ's score=-11651.19288082369
Detected as -  Aaron
Testing Audio :  Aaron-20080318-kdl\wav\b0027.wav
speaker 1028's score=-12816.568408835436
speaker 1337ad's score=-13008.415112651059
speaker 1snoke's score=-13009.34134687857
speaker 23yipikaye's score=-13503.091650099555
speaker 2old2play's score=-14017.649255251283
speaker 314piwm's score=-13279.532528181331
speaker Aaron's score=-10815.267406777572
speaker AbdulMoiz's score=-12717.448480884079
speaker AdrianMcNear's score=-12907.506811593634
speaker Afshad's score=-14063.327042011231
speaker AJN's score=-12778.577929181465
speaker AndreyBarrientosCostaRica's score=-12812.322329861794
speaker Anniepoo's score=-13745.547205316969
speaker AT's score=-12816.93991834942
speaker BlindPilot's score=-12629.46146960586
speaker CNJ's score=-15916.36851068873
Detected as -  Aaron
Testing Audio :  Aaron-20080318-kdl\wav\b0028.wav
speaker 1028's score=-11564.684808033111
speaker 1337ad's score=-12271.928175864268
speaker 1snoke's score=-11715.371624571677
speaker 23yipikaye's score=-12603.685288679699
speaker 2old2play's score=-13003.774083562099
speaker 314piwm's score=-12247.520756160735
speaker Aaron's score=-9274.286092589215
speaker AbdulMoiz's score=-11142.623000657275
speaker AdrianMcNear's score=-12176.926855484457
speaker Afshad's score=-13582.841371394494
speaker AJN's score=-12386.753579006072
speaker AndreyBarrientosCostaRica's score=-11114.36953934989
speaker Anniepoo's score=-12734.804040939944
speaker AT's score=-12031.432864451574
speaker BlindPilot's score=-11515.634604993105
speaker CNJ's score=-15003.181218842845
Detected as -  Aaron
Testing Audio :  AbdulMoiz-20121010-juf\wav\a0291.wav
speaker 1028's score=-22755.52201892695
speaker 1337ad's score=-22852.570533471466
speaker 1snoke's score=-21176.06200620131
speaker 23yipikaye's score=-22920.924360179088
speaker 2old2play's score=-25213.347308534474
speaker 314piwm's score=-23468.870464819665
speaker Aaron's score=-24876.606741186602
speaker AbdulMoiz's score=-18596.16351705926
speaker AdrianMcNear's score=-23055.428952285336
speaker Afshad's score=-24581.705276879522
speaker AJN's score=-22655.27206606831
speaker AndreyBarrientosCostaRica's score=-22773.494994885936
speaker Anniepoo's score=-23767.322829123026
speaker AT's score=-23189.808940809937
speaker BlindPilot's score=-21933.85437235795
speaker CNJ's score=-25777.73683802549
Detected as -  AbdulMoiz
Testing Audio :  AbdulMoiz-20121010-juf\wav\a0292.wav
speaker 1028's score=-16972.23962752953
speaker 1337ad's score=-17546.876136299295
speaker 1snoke's score=-15923.902795619659
speaker 23yipikaye's score=-16803.547108367737
speaker 2old2play's score=-19132.11771646999
speaker 314piwm's score=-17825.715370390066
speaker Aaron's score=-19639.8436359899
speaker AbdulMoiz's score=-12921.568501713657
speaker AdrianMcNear's score=-16834.982660888774
speaker Afshad's score=-18465.976663982005
speaker AJN's score=-17434.404138065376
speaker AndreyBarrientosCostaRica's score=-16940.574967785724
speaker Anniepoo's score=-18038.335344536677
speaker AT's score=-16758.38690537885
speaker BlindPilot's score=-16901.203598061064
speaker CNJ's score=-19171.541967749887
Detected as -  AbdulMoiz
Testing Audio :  AbdulMoiz-20121010-juf\wav\a0293.wav
speaker 1028's score=-14920.390085062494
speaker 1337ad's score=-15029.801239406337
speaker 1snoke's score=-13656.462318152422
speaker 23yipikaye's score=-14590.53517356475
speaker 2old2play's score=-16572.47887864628
speaker 314piwm's score=-15516.103509873923
speaker Aaron's score=-17022.70306071337
speaker AbdulMoiz's score=-11960.142907126716
speaker AdrianMcNear's score=-14300.916624503578
speaker Afshad's score=-15841.32975504167
speaker AJN's score=-14983.41835773028
speaker AndreyBarrientosCostaRica's score=-14952.469713895525
speaker Anniepoo's score=-15468.337955262217
speaker AT's score=-14946.866070705662
speaker BlindPilot's score=-14674.54831763979
speaker CNJ's score=-17162.89682998641
Detected as -  AbdulMoiz
Testing Audio :  AbdulMoiz-20121010-juf\wav\a0294.wav
speaker 1028's score=-17760.736698598084
speaker 1337ad's score=-18382.09130111586
speaker 1snoke's score=-16862.648312396734
speaker 23yipikaye's score=-17838.538907863996
speaker 2old2play's score=-20495.276520954045
speaker 314piwm's score=-19020.613014950828
speaker Aaron's score=-20332.945489770504
speaker AbdulMoiz's score=-14499.948092493913
speaker AdrianMcNear's score=-17590.7316652532
speaker Afshad's score=-19222.005891013134
speaker AJN's score=-18479.034181445088
speaker AndreyBarrientosCostaRica's score=-17924.1207136829
speaker Anniepoo's score=-18257.378727507366
speaker AT's score=-18363.17696544746
speaker BlindPilot's score=-17881.9950223625
speaker CNJ's score=-20362.17151259783
Detected as -  AbdulMoiz
Testing Audio :  AbdulMoiz-20121010-juf\wav\a0295.wav
speaker 1028's score=-19300.827862957543
speaker 1337ad's score=-20202.950576874307
speaker 1snoke's score=-17969.756764533868
speaker 23yipikaye's score=-19422.223356165923
speaker 2old2play's score=-21849.467556523592
speaker 314piwm's score=-19702.914941385818
speaker Aaron's score=-21840.35567323253
speaker AbdulMoiz's score=-15690.956952176046
speaker AdrianMcNear's score=-18486.788303623212
speaker Afshad's score=-21280.913274625324
speaker AJN's score=-20363.832960368956
speaker AndreyBarrientosCostaRica's score=-19250.95241417853
speaker Anniepoo's score=-20168.58362786642
speaker AT's score=-19261.978252293608
speaker BlindPilot's score=-19636.053660803103
speaker CNJ's score=-22346.853015062195
Detected as -  AbdulMoiz
Testing Audio :  AdrianMcNear-20091016-psv\wav\a0577.wav
speaker 1028's score=-24222.252509834587
speaker 1337ad's score=-25110.80151441765
speaker 1snoke's score=-24081.264686166618
speaker 23yipikaye's score=-24055.319245860774
speaker 2old2play's score=-23677.250882799843
speaker 314piwm's score=-23511.220716612734
speaker Aaron's score=-29315.640608969632
speaker AbdulMoiz's score=-23765.284881093175
speaker AdrianMcNear's score=-19995.924955147602
speaker Afshad's score=-25003.189131192503
speaker AJN's score=-23706.420967630504
speaker AndreyBarrientosCostaRica's score=-23211.86039979576
speaker Anniepoo's score=-25376.651919432195
speaker AT's score=-27045.39544793896
speaker BlindPilot's score=-24231.814257291466
speaker CNJ's score=-30367.66982379721
Detected as -  AdrianMcNear
Testing Audio :  AdrianMcNear-20091016-psv\wav\a0578.wav
speaker 1028's score=-16480.102261059474
speaker 1337ad's score=-15798.684704763673
speaker 1snoke's score=-14752.738298870594
speaker 23yipikaye's score=-15099.64613211743
speaker 2old2play's score=-15073.722910062019
speaker 314piwm's score=-15534.19008598592
speaker Aaron's score=-19794.203533480773
speaker AbdulMoiz's score=-14071.432517038862
speaker AdrianMcNear's score=-11390.41310741218
speaker Afshad's score=-15806.148991807277
speaker AJN's score=-15462.303453336488
speaker AndreyBarrientosCostaRica's score=-14284.912372430648
speaker Anniepoo's score=-16004.297387007842
speaker AT's score=-16330.627011140356
speaker BlindPilot's score=-15459.836384033246
speaker CNJ's score=-15835.27562066252
Detected as -  AdrianMcNear
Testing Audio :  AdrianMcNear-20091016-psv\wav\a0579.wav
speaker 1028's score=-14920.676314090993
speaker 1337ad's score=-13827.378575544326
speaker 1snoke's score=-13307.24295431287
speaker 23yipikaye's score=-13652.428370122298
speaker 2old2play's score=-13853.178352393174
speaker 314piwm's score=-13997.784777305265
speaker Aaron's score=-18103.51741186816
speaker AbdulMoiz's score=-12331.09875537557
speaker AdrianMcNear's score=-9888.88655047762
speaker Afshad's score=-14822.530378390726
speaker AJN's score=-13719.535107523367
speaker AndreyBarrientosCostaRica's score=-12940.257667600277
speaker Anniepoo's score=-15625.649953634478
speaker AT's score=-14664.654397397177
speaker BlindPilot's score=-14157.474650605016
speaker CNJ's score=-14524.115253455562
Detected as -  AdrianMcNear
Testing Audio :  AdrianMcNear-20091016-psv\wav\a0580.wav
speaker 1028's score=-15527.349511265364
speaker 1337ad's score=-15084.776042264992
speaker 1snoke's score=-14647.246462271647
speaker 23yipikaye's score=-14175.689466980715
speaker 2old2play's score=-13510.325246235756
speaker 314piwm's score=-15926.802921817842
speaker Aaron's score=-19397.452942410448
speaker AbdulMoiz's score=-13929.491740247511
speaker AdrianMcNear's score=-10522.354660659234
speaker Afshad's score=-15122.119035426209
speaker AJN's score=-14372.598230337648
speaker AndreyBarrientosCostaRica's score=-12430.177621605635
speaker Anniepoo's score=-15203.122732628419
speaker AT's score=-16083.846926508113
speaker BlindPilot's score=-14784.847209871987
speaker CNJ's score=-16359.499248144179
Detected as -  AdrianMcNear
Testing Audio :  AdrianMcNear-20091016-psv\wav\a0581.wav
speaker 1028's score=-25209.40849463308
speaker 1337ad's score=-25677.418892277583
speaker 1snoke's score=-24590.575005553022
speaker 23yipikaye's score=-24605.84688299412
speaker 2old2play's score=-24524.360581326036
speaker 314piwm's score=-25339.461900502603
speaker Aaron's score=-32162.099495622497
speaker AbdulMoiz's score=-24332.862830332204
speaker AdrianMcNear's score=-18999.256007102245
speaker Afshad's score=-26121.34054293532
speaker AJN's score=-24625.44578294766
speaker AndreyBarrientosCostaRica's score=-22884.34990527705
speaker Anniepoo's score=-26626.831714830972
speaker AT's score=-27796.203774679958
speaker BlindPilot's score=-25504.240741999158
speaker CNJ's score=-31245.899517952395
Detected as -  AdrianMcNear
Testing Audio :  Afshad-20090813-zcz\wav\a0452.wav
speaker 1028's score=-18007.275633455658
speaker 1337ad's score=-21213.123960474077
speaker 1snoke's score=-18208.185789527026
speaker 23yipikaye's score=-18128.682708912434
speaker 2old2play's score=-21078.88371798865
speaker 314piwm's score=-19198.313248759965
speaker Aaron's score=-23704.56679173837
speaker AbdulMoiz's score=-20049.849320143905
speaker AdrianMcNear's score=-20044.93610333691
speaker Afshad's score=-13350.118770470399
speaker AJN's score=-18760.099933864407
speaker AndreyBarrientosCostaRica's score=-19660.555635852532
speaker Anniepoo's score=-17975.90480144712
speaker AT's score=-18966.788437213516
speaker BlindPilot's score=-20015.849735610358
speaker CNJ's score=-23418.691039352143
Detected as -  Afshad
Testing Audio :  Afshad-20090813-zcz\wav\a0453.wav
speaker 1028's score=-20802.840449352887
speaker 1337ad's score=-21269.6433327087
speaker 1snoke's score=-19414.013151818097
speaker 23yipikaye's score=-20110.894059290964
speaker 2old2play's score=-22308.579032170914
speaker 314piwm's score=-21016.025614569608
speaker Aaron's score=-24041.91322562725
speaker AbdulMoiz's score=-19074.80726404058
speaker AdrianMcNear's score=-20315.737941762003
speaker Afshad's score=-15410.809755545075
speaker AJN's score=-19763.23036705079
speaker AndreyBarrientosCostaRica's score=-20226.727044574545
speaker Anniepoo's score=-17847.547307490728
speaker AT's score=-18735.696818977
speaker BlindPilot's score=-20628.49197561544
speaker CNJ's score=-20142.611710907062
Detected as -  Afshad
Testing Audio :  Afshad-20090813-zcz\wav\a0454.wav
speaker 1028's score=-21619.40201253117
speaker 1337ad's score=-23813.90172980682
speaker 1snoke's score=-20389.685686179902
speaker 23yipikaye's score=-21445.982769202827
speaker 2old2play's score=-24330.828311018635
speaker 314piwm's score=-21868.067042803916
speaker Aaron's score=-26891.20560528659
speaker AbdulMoiz's score=-22655.720773206045
speaker AdrianMcNear's score=-22359.388392249
speaker Afshad's score=-14738.106199518132
speaker AJN's score=-21425.202696220793
speaker AndreyBarrientosCostaRica's score=-22684.939467337845
speaker Anniepoo's score=-19476.629783093384
speaker AT's score=-20780.286029933915
speaker BlindPilot's score=-22569.694892578744
speaker CNJ's score=-25510.582545793473
Detected as -  Afshad
Testing Audio :  Afshad-20090813-zcz\wav\a0455.wav
speaker 1028's score=-26411.648113587675
speaker 1337ad's score=-29091.278337397445
speaker 1snoke's score=-24122.17487004884
speaker 23yipikaye's score=-25499.28224876318
speaker 2old2play's score=-29102.95724433591
speaker 314piwm's score=-27053.56452159172
speaker Aaron's score=-32644.432027551964
speaker AbdulMoiz's score=-25299.539970512982
speaker AdrianMcNear's score=-26055.254525233606
speaker Afshad's score=-18520.469584243838
speaker AJN's score=-26329.891111641482
speaker AndreyBarrientosCostaRica's score=-26126.42118341514
speaker Anniepoo's score=-24325.89547549558
speaker AT's score=-23882.563740073303
speaker BlindPilot's score=-26751.535135991948
speaker CNJ's score=-28955.46051226033
Detected as -  Afshad
Testing Audio :  Afshad-20090813-zcz\wav\a0456.wav
speaker 1028's score=-23339.772147744363
speaker 1337ad's score=-24608.090926332552
speaker 1snoke's score=-22280.40909423501
speaker 23yipikaye's score=-22432.4865867567
speaker 2old2play's score=-24875.19551416887
speaker 314piwm's score=-23406.15748446153
speaker Aaron's score=-27019.270158833395
speaker AbdulMoiz's score=-22698.086931549136
speaker AdrianMcNear's score=-22894.391746401878
speaker Afshad's score=-15250.113585036957
speaker AJN's score=-22310.74367124954
speaker AndreyBarrientosCostaRica's score=-21794.24836800458
speaker Anniepoo's score=-19335.801749721286
speaker AT's score=-20215.516011125907
speaker BlindPilot's score=-22281.584662054367
speaker CNJ's score=-25810.016208350837
Detected as -  Afshad
Testing Audio :  AJN-20131002-zcl\wav\b0094.wav
speaker 1028's score=-13076.770875536495
speaker 1337ad's score=-14019.233055239867
speaker 1snoke's score=-13684.302139234576
speaker 23yipikaye's score=-13753.798305501005
speaker 2old2play's score=-15335.764790365456
speaker 314piwm's score=-13467.402586146225
speaker Aaron's score=-15015.042652892405
speaker AbdulMoiz's score=-13669.350157173993
speaker AdrianMcNear's score=-14324.88602138814
speaker Afshad's score=-13869.758305265834
speaker AJN's score=-11073.75616765895
speaker AndreyBarrientosCostaRica's score=-13560.7582790975
speaker Anniepoo's score=-14381.077879195744
speaker AT's score=-15146.662022424178
speaker BlindPilot's score=-13441.242988151314
speaker CNJ's score=-16986.519837189735
Detected as -  AJN
Testing Audio :  AJN-20131002-zcl\wav\b0095.wav
speaker 1028's score=-19050.405870312185
speaker 1337ad's score=-18898.456554972337
speaker 1snoke's score=-19242.69311316113
speaker 23yipikaye's score=-19603.306185321253
speaker 2old2play's score=-20433.40233264582
speaker 314piwm's score=-18883.471460630775
speaker Aaron's score=-21103.815611978527
speaker AbdulMoiz's score=-19790.10616727601
speaker AdrianMcNear's score=-19385.8403828531
speaker Afshad's score=-19326.156360904402
speaker AJN's score=-15390.43050770398
speaker AndreyBarrientosCostaRica's score=-19255.03951684138
speaker Anniepoo's score=-19500.93827260497
speaker AT's score=-20528.24695737684
speaker BlindPilot's score=-18549.53780760581
speaker CNJ's score=-22219.108845543713
Detected as -  AJN
Testing Audio :  AJN-20131002-zcl\wav\b0096.wav
speaker 1028's score=-12852.286298262947
speaker 1337ad's score=-12838.940638666252
speaker 1snoke's score=-13377.411654903213
speaker 23yipikaye's score=-13609.081378503008
speaker 2old2play's score=-14365.601543916033
speaker 314piwm's score=-12766.109411653448
speaker Aaron's score=-14138.644665679838
speaker AbdulMoiz's score=-13702.685096223133
speaker AdrianMcNear's score=-13582.389233531452
speaker Afshad's score=-13721.268438411342
speaker AJN's score=-10427.149786528
speaker AndreyBarrientosCostaRica's score=-13006.86396129569
speaker Anniepoo's score=-14042.318591086943
speaker AT's score=-14172.33139421286
speaker BlindPilot's score=-12641.102066287522
speaker CNJ's score=-15948.061902062342
Detected as -  AJN
Testing Audio :  AJN-20131002-zcl\wav\b0097.wav
speaker 1028's score=-12378.49188277114
speaker 1337ad's score=-13423.927333982441
speaker 1snoke's score=-12838.156335779433
speaker 23yipikaye's score=-13650.692641965972
speaker 2old2play's score=-14912.97722906113
speaker 314piwm's score=-13091.79786357422
speaker Aaron's score=-14220.100157158235
speaker AbdulMoiz's score=-13272.141682498244
speaker AdrianMcNear's score=-13666.659124880263
speaker Afshad's score=-13617.527978289507
speaker AJN's score=-10410.664980323994
speaker AndreyBarrientosCostaRica's score=-13050.4395048777
speaker Anniepoo's score=-14052.59103864365
speaker AT's score=-14472.653148158826
speaker BlindPilot's score=-12909.905321040605
speaker CNJ's score=-16365.005680868762
Detected as -  AJN
Testing Audio :  AJN-20131002-zcl\wav\b0098.wav
speaker 1028's score=-20307.67651304786
speaker 1337ad's score=-20573.486313136287
speaker 1snoke's score=-20530.68616042726
speaker 23yipikaye's score=-20759.235331654454
speaker 2old2play's score=-22065.958749060424
speaker 314piwm's score=-19734.11511018601
speaker Aaron's score=-22173.801852273416
speaker AbdulMoiz's score=-20795.65050014321
speaker AdrianMcNear's score=-20902.24341288529
speaker Afshad's score=-20345.27512946848
speaker AJN's score=-16156.027741012187
speaker AndreyBarrientosCostaRica's score=-20420.926589128045
speaker Anniepoo's score=-20780.860767849448
speaker AT's score=-21774.74600639806
speaker BlindPilot's score=-19659.898182458975
speaker CNJ's score=-24294.96821479354
Detected as -  AJN
Testing Audio :  AndreyBarrientosCostaRica-20130710-tpy\wav\b0216.wav
speaker 1028's score=-9510.847956463327
speaker 1337ad's score=-10212.014879824408
speaker 1snoke's score=-9935.807799990034
speaker 23yipikaye's score=-11053.006915282054
speaker 2old2play's score=-10775.371529030082
speaker 314piwm's score=-9495.980748769256
speaker Aaron's score=-10735.71433463997
speaker AbdulMoiz's score=-10007.57312199831
speaker AdrianMcNear's score=-9979.700982506853
speaker Afshad's score=-11185.083505084127
speaker AJN's score=-9963.588841871253
speaker AndreyBarrientosCostaRica's score=-8107.701984524469
speaker Anniepoo's score=-11245.180927201305
speaker AT's score=-10174.79260751489
speaker BlindPilot's score=-9492.211580209798
speaker CNJ's score=-12609.524923700632
Detected as -  AndreyBarrientosCostaRica
Testing Audio :  AndreyBarrientosCostaRica-20130710-tpy\wav\b0217.wav
speaker 1028's score=-11262.45552829143
speaker 1337ad's score=-11689.057020538687
speaker 1snoke's score=-11176.759213625377
speaker 23yipikaye's score=-11191.79864309682
speaker 2old2play's score=-11367.771054505622
speaker 314piwm's score=-10658.813842874075
speaker Aaron's score=-13363.499143076438
speaker AbdulMoiz's score=-10847.706199123892
speaker AdrianMcNear's score=-10007.128485056532
speaker Afshad's score=-11255.573259797779
speaker AJN's score=-11407.422594578453
speaker AndreyBarrientosCostaRica's score=-8679.057094607237
speaker Anniepoo's score=-11027.06542898888
speaker AT's score=-10855.655780376976
speaker BlindPilot's score=-11324.176890292136
speaker CNJ's score=-13587.35508668355
Detected as -  AndreyBarrientosCostaRica
Testing Audio :  AndreyBarrientosCostaRica-20130710-tpy\wav\b0218.wav
speaker 1028's score=-9853.435864887539
speaker 1337ad's score=-10365.452407088218
speaker 1snoke's score=-9436.089489233036
speaker 23yipikaye's score=-9996.848687200898
speaker 2old2play's score=-10558.326098050838
speaker 314piwm's score=-9326.698894797657
speaker Aaron's score=-12191.635701323743
speaker AbdulMoiz's score=-8578.792482663863
speaker AdrianMcNear's score=-8123.965917083101
speaker Afshad's score=-10168.152764996243
speaker AJN's score=-10219.248933122317
speaker AndreyBarrientosCostaRica's score=-7488.245095200023
speaker Anniepoo's score=-9506.01319883943
speaker AT's score=-9340.490555907269
speaker BlindPilot's score=-10219.078100575403
speaker CNJ's score=-9580.821118861817
Detected as -  AndreyBarrientosCostaRica
Testing Audio :  AndreyBarrientosCostaRica-20130710-tpy\wav\b0219.wav
speaker 1028's score=-9131.725551737103
speaker 1337ad's score=-9746.097614063214
speaker 1snoke's score=-10157.805746076136
speaker 23yipikaye's score=-10899.5480514662
speaker 2old2play's score=-12150.68750953419
speaker 314piwm's score=-9678.317294768905
speaker Aaron's score=-10238.830078283223
speaker AbdulMoiz's score=-10271.829830577066
speaker AdrianMcNear's score=-10632.311955503374
speaker Afshad's score=-11962.736614288391
speaker AJN's score=-9747.001246555681
speaker AndreyBarrientosCostaRica's score=-7889.8881671021645
speaker Anniepoo's score=-12335.402478979413
speaker AT's score=-11326.98086041664
speaker BlindPilot's score=-9868.186606031779
speaker CNJ's score=-14576.843033827274
Detected as -  AndreyBarrientosCostaRica
Testing Audio :  AndreyBarrientosCostaRica-20130710-tpy\wav\b0220.wav
speaker 1028's score=-8468.312477626107
speaker 1337ad's score=-8923.871998743685
speaker 1snoke's score=-7562.74082993255
speaker 23yipikaye's score=-8417.578072827819
speaker 2old2play's score=-10122.724794298912
speaker 314piwm's score=-8230.033872412638
speaker Aaron's score=-9558.167856950768
speaker AbdulMoiz's score=-7241.79797509262
speaker AdrianMcNear's score=-7794.267578955928
speaker Afshad's score=-9235.192756736702
speaker AJN's score=-8982.46138731258
speaker AndreyBarrientosCostaRica's score=-6924.883855184202
speaker Anniepoo's score=-9394.84776971698
speaker AT's score=-8230.498989344793
speaker BlindPilot's score=-8909.186168050284
speaker CNJ's score=-10052.907095185517
Detected as -  AndreyBarrientosCostaRica
Testing Audio :  Anniepoo-20140308-cqj\wav\a0121.wav
speaker 1028's score=-17904.799020041413
speaker 1337ad's score=-18403.749845099603
speaker 1snoke's score=-16945.867508649128
speaker 23yipikaye's score=-17063.88374866444
speaker 2old2play's score=-18646.209443760104
speaker 314piwm's score=-16778.285217490014
speaker Aaron's score=-20772.216101831556
speaker AbdulMoiz's score=-17932.228785501433
speaker AdrianMcNear's score=-17366.09008962231
speaker Afshad's score=-15848.528210560838
speaker AJN's score=-17838.73471588761
speaker AndreyBarrientosCostaRica's score=-17395.758409824593
speaker Anniepoo's score=-13440.434923575955
speaker AT's score=-17342.05809232952
speaker BlindPilot's score=-17667.420340416073
speaker CNJ's score=-20371.821961829788
Detected as -  Anniepoo
Testing Audio :  Anniepoo-20140308-cqj\wav\a0122.wav
speaker 1028's score=-14063.198175952684
speaker 1337ad's score=-14652.006732794398
speaker 1snoke's score=-13815.437528723583
speaker 23yipikaye's score=-13833.308471567285
speaker 2old2play's score=-14918.46610716764
speaker 314piwm's score=-13049.041186290946
speaker Aaron's score=-16423.63948385727
speaker AbdulMoiz's score=-13796.629892067864
speaker AdrianMcNear's score=-13313.630346550779
speaker Afshad's score=-13024.942308570335
speaker AJN's score=-14064.380412763629
speaker AndreyBarrientosCostaRica's score=-13141.23667175558
speaker Anniepoo's score=-10622.274792940483
speaker AT's score=-13150.782825558046
speaker BlindPilot's score=-14310.113060382522
speaker CNJ's score=-15328.781265558595
Detected as -  Anniepoo
Testing Audio :  Anniepoo-20140308-cqj\wav\a0123.wav
speaker 1028's score=-14920.6566364035
speaker 1337ad's score=-15604.710631787466
speaker 1snoke's score=-14424.41675343259
speaker 23yipikaye's score=-14226.62745705899
speaker 2old2play's score=-16220.495067875605
speaker 314piwm's score=-13794.791326683186
speaker Aaron's score=-17810.932091894618
speaker AbdulMoiz's score=-14041.941940046372
speaker AdrianMcNear's score=-13624.09452070166
speaker Afshad's score=-13128.864028403916
speaker AJN's score=-14863.324252561173
speaker AndreyBarrientosCostaRica's score=-13776.835635656702
speaker Anniepoo's score=-10338.873444420162
speaker AT's score=-13653.698075122067
speaker BlindPilot's score=-14930.350102722019
speaker CNJ's score=-14723.996859121049
Detected as -  Anniepoo
Testing Audio :  Anniepoo-20140308-cqj\wav\a0124.wav
speaker 1028's score=-19312.712133719164
speaker 1337ad's score=-19493.7588912492
speaker 1snoke's score=-18839.172980037114
speaker 23yipikaye's score=-18826.345583339466
speaker 2old2play's score=-20228.738283052116
speaker 314piwm's score=-18106.48371272638
speaker Aaron's score=-22014.365995026976
speaker AbdulMoiz's score=-18927.239441963713
speaker AdrianMcNear's score=-18015.680399575023
speaker Afshad's score=-18307.478920805246
speaker AJN's score=-18769.09955750839
speaker AndreyBarrientosCostaRica's score=-18193.123804552146
speaker Anniepoo's score=-14241.008186738676
speaker AT's score=-18209.46022565556
speaker BlindPilot's score=-19220.471501023043
speaker CNJ's score=-20716.23618950795
Detected as -  Anniepoo
Testing Audio :  Anniepoo-20140308-cqj\wav\a0125.wav
speaker 1028's score=-15953.1951244514
speaker 1337ad's score=-16583.387453435636
speaker 1snoke's score=-16265.414257074644
speaker 23yipikaye's score=-15668.790452589843
speaker 2old2play's score=-16889.593187330418
speaker 314piwm's score=-15000.221127413964
speaker Aaron's score=-17914.450393780462
speaker AbdulMoiz's score=-16822.121185524247
speaker AdrianMcNear's score=-16428.045542510117
speaker Afshad's score=-15378.41060642506
speaker AJN's score=-15959.424301853132
speaker AndreyBarrientosCostaRica's score=-16551.903152475796
speaker Anniepoo's score=-13589.984628783603
speaker AT's score=-16999.329110499624
speaker BlindPilot's score=-16348.186297570404
speaker CNJ's score=-18279.590965459574
Detected as -  Anniepoo
Testing Audio :  AT-20130718-lws\wav\a0016.wav
speaker 1028's score=-17723.668222924123
speaker 1337ad's score=-19134.077234627362
speaker 1snoke's score=-17017.335567084876
speaker 23yipikaye's score=-18628.76494594593
speaker 2old2play's score=-20101.263448451427
speaker 314piwm's score=-18451.424989388128
speaker Aaron's score=-19533.13083264819
speaker AbdulMoiz's score=-16581.643811889648
speaker AdrianMcNear's score=-18097.654530660933
speaker Afshad's score=-16795.472469991822
speaker AJN's score=-18319.64767148424
speaker AndreyBarrientosCostaRica's score=-17457.48585178617
speaker Anniepoo's score=-16549.815086913986
speaker AT's score=-13431.43226775958
speaker BlindPilot's score=-17679.265417099334
speaker CNJ's score=-19635.104593408858
Detected as -  AT
Testing Audio :  AT-20130718-lws\wav\a0017.wav
speaker 1028's score=-18743.977697927538
speaker 1337ad's score=-19821.161562166442
speaker 1snoke's score=-18060.43702743556
speaker 23yipikaye's score=-19188.881654299992
speaker 2old2play's score=-20929.809228116395
speaker 314piwm's score=-18506.032989949017
speaker Aaron's score=-20144.04523038234
speaker AbdulMoiz's score=-17471.369486963617
speaker AdrianMcNear's score=-18848.207754871743
speaker Afshad's score=-16908.518471707193
speaker AJN's score=-18962.09941931359
speaker AndreyBarrientosCostaRica's score=-17818.309199753752
speaker Anniepoo's score=-16521.008216876864
speaker AT's score=-13945.076659185765
speaker BlindPilot's score=-17961.240155963296
speaker CNJ's score=-21318.252942632156
Detected as -  AT
Testing Audio :  AT-20130718-lws\wav\a0018.wav
speaker 1028's score=-10594.162953181869
speaker 1337ad's score=-11182.225747852879
speaker 1snoke's score=-10298.784903916288
speaker 23yipikaye's score=-10823.160096488486
speaker 2old2play's score=-12376.77876592481
speaker 314piwm's score=-11105.861592924073
speaker Aaron's score=-12226.56689276666
speaker AbdulMoiz's score=-9171.742621001842
speaker AdrianMcNear's score=-10726.688966832642
speaker Afshad's score=-10230.194679523958
speaker AJN's score=-10922.443152286483
speaker AndreyBarrientosCostaRica's score=-10802.063764256529
speaker Anniepoo's score=-9625.947188522583
speaker AT's score=-8527.049862635733
speaker BlindPilot's score=-10522.801399964625
speaker CNJ's score=-10671.305386229777
Detected as -  AT
Testing Audio :  AT-20130718-lws\wav\a0019.wav
speaker 1028's score=-15245.202547846313
speaker 1337ad's score=-16411.559535061024
speaker 1snoke's score=-15192.391362880719
speaker 23yipikaye's score=-16429.882744909228
speaker 2old2play's score=-17480.926987438157
speaker 314piwm's score=-15980.785312792386
speaker Aaron's score=-16347.77138608618
speaker AbdulMoiz's score=-15431.496364419514
speaker AdrianMcNear's score=-16191.628902759989
speaker Afshad's score=-15152.93977730765
speaker AJN's score=-15871.408310526798
speaker AndreyBarrientosCostaRica's score=-15660.601258652576
speaker Anniepoo's score=-15226.75326147573
speaker AT's score=-13580.759634182261
speaker BlindPilot's score=-15276.26573887777
speaker CNJ's score=-18014.972558132973
Detected as -  AT
Testing Audio :  AT-20130718-lws\wav\a0020.wav
speaker 1028's score=-14360.349633056057
speaker 1337ad's score=-16049.355486496883
speaker 1snoke's score=-14071.763207678974
speaker 23yipikaye's score=-15250.728966248284
speaker 2old2play's score=-16891.24620418207
speaker 314piwm's score=-14462.943868954037
speaker Aaron's score=-16125.13097878338
speaker AbdulMoiz's score=-14204.333889146963
speaker AdrianMcNear's score=-14918.676037800742
speaker Afshad's score=-13813.919304380812
speaker AJN's score=-14962.149259729382
speaker AndreyBarrientosCostaRica's score=-14303.107440369382
speaker Anniepoo's score=-13088.621305243985
speaker AT's score=-11529.054131887966
speaker BlindPilot's score=-14323.603907514624
speaker CNJ's score=-17418.970342875768
Detected as -  AT
Testing Audio :  BlindPilot-20100610-kko\wav\a0346.wav
speaker 1028's score=-13947.572581162669
speaker 1337ad's score=-13156.665712664519
speaker 1snoke's score=-12654.092576455787
speaker 23yipikaye's score=-13779.012732330622
speaker 2old2play's score=-13699.100401072257
speaker 314piwm's score=-13797.26827078457
speaker Aaron's score=-14649.52990606833
speaker AbdulMoiz's score=-11979.871243691483
speaker AdrianMcNear's score=-12908.834424708397
speaker Afshad's score=-13553.827443695167
speaker AJN's score=-12701.46812336435
speaker AndreyBarrientosCostaRica's score=-12975.4407742334
speaker Anniepoo's score=-13550.38440381004
speaker AT's score=-12628.47048893267
speaker BlindPilot's score=-10224.42175208903
speaker CNJ's score=-14303.3924711375
Detected as -  BlindPilot
Testing Audio :  BlindPilot-20100610-kko\wav\a0347.wav
speaker 1028's score=-21127.961833010166
speaker 1337ad's score=-21350.661476132685
speaker 1snoke's score=-20654.55984799782
speaker 23yipikaye's score=-22023.108163679637
speaker 2old2play's score=-21606.63404714525
speaker 314piwm's score=-21197.439902998056
speaker Aaron's score=-22149.924546073664
speaker AbdulMoiz's score=-21045.430737572926
speaker AdrianMcNear's score=-21069.397819447568
speaker Afshad's score=-21176.962652062917
speaker AJN's score=-19790.7654128988
speaker AndreyBarrientosCostaRica's score=-20800.601821772892
speaker Anniepoo's score=-21276.031817103427
speaker AT's score=-21893.96993591525
speaker BlindPilot's score=-17690.491836977977
speaker CNJ's score=-24075.61488246252
Detected as -  BlindPilot
Testing Audio :  BlindPilot-20100610-kko\wav\a0348.wav
speaker 1028's score=-12776.85256825951
speaker 1337ad's score=-13248.69299615466
speaker 1snoke's score=-12318.566253687004
speaker 23yipikaye's score=-13546.467596039041
speaker 2old2play's score=-13392.291289376417
speaker 314piwm's score=-13220.167979848029
speaker Aaron's score=-14012.579945060024
speaker AbdulMoiz's score=-11569.066441821837
speaker AdrianMcNear's score=-12427.938837325413
speaker Afshad's score=-13499.315291864894
speaker AJN's score=-11838.542931059226
speaker AndreyBarrientosCostaRica's score=-11970.321620486066
speaker Anniepoo's score=-14134.101774710809
speaker AT's score=-13015.574435444883
speaker BlindPilot's score=-9420.703873142616
speaker CNJ's score=-14745.351269034107
Detected as -  BlindPilot
Testing Audio :  BlindPilot-20100610-kko\wav\a0349.wav
speaker 1028's score=-15273.076059178708
speaker 1337ad's score=-15760.213355139076
speaker 1snoke's score=-15228.19148630141
speaker 23yipikaye's score=-16240.97098116875
speaker 2old2play's score=-16210.306359344406
speaker 314piwm's score=-15305.960252465531
speaker Aaron's score=-16333.132533084674
speaker AbdulMoiz's score=-15448.398798472608
speaker AdrianMcNear's score=-15580.592602638299
speaker Afshad's score=-15729.797994341243
speaker AJN's score=-13901.705467067106
speaker AndreyBarrientosCostaRica's score=-15450.5823152372
speaker Anniepoo's score=-16165.304855557828
speaker AT's score=-16886.88081769527
speaker BlindPilot's score=-12691.096054898448
speaker CNJ's score=-18189.599490849298
Detected as -  BlindPilot
Testing Audio :  BlindPilot-20100610-kko\wav\a0350.wav
speaker 1028's score=-16944.226711272673
speaker 1337ad's score=-16357.536517675486
speaker 1snoke's score=-16350.582989745279
speaker 23yipikaye's score=-17499.45841590965
speaker 2old2play's score=-17351.77072690848
speaker 314piwm's score=-16940.517513482773
speaker Aaron's score=-17444.745417635753
speaker AbdulMoiz's score=-16565.9097455185
speaker AdrianMcNear's score=-16657.55558112398
speaker Afshad's score=-16986.92526858328
speaker AJN's score=-15599.44134987401
speaker AndreyBarrientosCostaRica's score=-16291.881164438186
speaker Anniepoo's score=-17182.35134856271
speaker AT's score=-17579.320799831257
speaker BlindPilot's score=-13714.181804569056
speaker CNJ's score=-19394.03880855928
Detected as -  BlindPilot
Testing Audio :  CNJ-20120417-jbe\wav\ar-11.wav
speaker 1028's score=-28601.41037646542
speaker 1337ad's score=-28427.38941556984
speaker 1snoke's score=-26655.68758929859
speaker 23yipikaye's score=-27089.858902258493
speaker 2old2play's score=-24898.51398716266
speaker 314piwm's score=-28533.924044055428
speaker Aaron's score=-34324.31901001022
speaker AbdulMoiz's score=-26206.092475887886
speaker AdrianMcNear's score=-23995.973664190376
speaker Afshad's score=-27064.31613780836
speaker AJN's score=-27072.44939904279
speaker AndreyBarrientosCostaRica's score=-26200.23731398829
speaker Anniepoo's score=-25659.59000528274
speaker AT's score=-29605.242766035895
speaker BlindPilot's score=-26698.143232427625
speaker CNJ's score=-15568.013443240961
Detected as -  CNJ
Testing Audio :  CNJ-20120417-jbe\wav\ar-12.wav
speaker 1028's score=-23732.175020382972
speaker 1337ad's score=-23409.161419518052
speaker 1snoke's score=-21651.99291005099
speaker 23yipikaye's score=-22650.516002658547
speaker 2old2play's score=-20822.237713212988
speaker 314piwm's score=-23784.84522621327
speaker Aaron's score=-29317.112127047447
speaker AbdulMoiz's score=-21317.269454926056
speaker AdrianMcNear's score=-19158.33754406499
speaker Afshad's score=-22368.814173250146
speaker AJN's score=-22335.8376484025
speaker AndreyBarrientosCostaRica's score=-21300.203661976957
speaker Anniepoo's score=-21373.356410673885
speaker AT's score=-24801.301107622734
speaker BlindPilot's score=-21991.358317953287
speaker CNJ's score=-12551.97113120234
Detected as -  CNJ
Testing Audio :  CNJ-20120417-jbe\wav\ar-13.wav
speaker 1028's score=-21751.574604264977
speaker 1337ad's score=-21590.727088827785
speaker 1snoke's score=-19815.072927799993
speaker 23yipikaye's score=-20770.273214642395
speaker 2old2play's score=-19055.926640185207
speaker 314piwm's score=-21720.20201174883
speaker Aaron's score=-26488.44182591048
speaker AbdulMoiz's score=-19331.75628495826
speaker AdrianMcNear's score=-17457.894314745026
speaker Afshad's score=-20434.43842465542
speaker AJN's score=-20258.824611092004
speaker AndreyBarrientosCostaRica's score=-19083.42429299419
speaker Anniepoo's score=-18973.042953972967
speaker AT's score=-21199.653127767717
speaker BlindPilot's score=-19804.835142817676
speaker CNJ's score=-10658.92032816758
Detected as -  CNJ
Testing Audio :  CNJ-20120417-jbe\wav\ar-14.wav
speaker 1028's score=-29918.297334233845
speaker 1337ad's score=-29572.894484624212
speaker 1snoke's score=-28207.44538693762
speaker 23yipikaye's score=-29637.82522468664
speaker 2old2play's score=-27777.800529062893
speaker 314piwm's score=-30562.342292900426
speaker Aaron's score=-36367.48359375799
speaker AbdulMoiz's score=-26340.36060484142
speaker AdrianMcNear's score=-24677.155400376032
speaker Afshad's score=-29239.1235261419
speaker AJN's score=-27636.816426930607
speaker AndreyBarrientosCostaRica's score=-27059.23953757575
speaker Anniepoo's score=-28645.67492829755
speaker AT's score=-28655.423001289335
speaker BlindPilot's score=-27717.96425232646
speaker CNJ's score=-17076.06375060005
Detected as -  CNJ
Testing Audio :  CNJ-20120417-jbe\wav\ar-15.wav
speaker 1028's score=-27158.121672019726
speaker 1337ad's score=-26709.09213499209
speaker 1snoke's score=-25539.15664205903
speaker 23yipikaye's score=-26921.809109555732
speaker 2old2play's score=-24801.758787030896
speaker 314piwm's score=-27437.98589582387
speaker Aaron's score=-32957.996455330765
speaker AbdulMoiz's score=-24617.229828952786
speaker AdrianMcNear's score=-23304.63168111837
speaker Afshad's score=-27345.362616065162
speaker AJN's score=-25251.13424769751
speaker AndreyBarrientosCostaRica's score=-25561.2563279583
speaker Anniepoo's score=-25742.950352998036
speaker AT's score=-24846.01310577982
speaker BlindPilot's score=-25711.106675131337
speaker CNJ's score=-14831.047650959346
Detected as -  CNJ
error = 1 total sample= 80.0
The Accuracy Percentage for the current testing Performance with MFCC + GMM is :  98.75 %
time cost 83.42724871635437 s
